TFC6A0F40 000:003.623   SEGGER J-Link V8.44a Log File
TFC6A0F40 000:003.850   DLL Compiled: Jun 18 2025 16:32:45
TFC6A0F40 000:003.854   Logging started @ 2025-07-24 02:13
TFC6A0F40 000:003.857   Process: /Users/kim_kyoungkun/.eclipse/com.renesas.platform_589702750/DebugComp/RA/e2-server-gdb
TFC6A0F40 000:003.871 - 3.860ms 
TFC6A0F40 000:003.896 JLINK_GetDLLVersion()
TFC6A0F40 000:003.900 - 0.014ms returns 84401
TFC6A0F40 000:008.706 JLINK_OpenEx(...)
TFC6A0F40 000:014.306   Firmware: J-Link OB-RA4M2 compiled Apr  1 2025 10:13:55
TFC6A0F40 000:014.920   Firmware: J-Link OB-RA4M2 compiled Apr  1 2025 10:13:55
TFC6A0F40 000:027.911   Hardware: V1.00
TFC6A0F40 000:027.924   S/N: 1088685994
TFC6A0F40 000:027.928   OEM: SEGGER
TFC6A0F40 000:027.933   Feature(s): None
TFC6A0F40 000:028.661   Bootloader: 2021 May 14
TFC6A0F40 000:028.994   USB speed mode: Full speed (12 MBit/s)
TFC6A0F40 000:029.793   TELNET listener socket opened on port 19021
TFC6A0F40 000:029.829   WEBSRV WEBSRV_Init(): Starting webserver thread(s)
TFC6A0F40 000:029.864   WEBSRV Webserver running on local port 19080
TFC6A0F40 000:029.876   Looking for J-Link GUI Server exe at: /Users/kim_kyoungkun/.eclipse/com.renesas.platform_589702750/DebugComp/RA/ARM/Segger_v8.44.1/JLinkGUIServerExe
TFC6A0F40 000:029.890   Looking for J-Link GUI Server exe at: /Applications/SEGGER/JLink/JLinkGUIServerExe
TFC6A0F40 000:029.918   Forking J-Link GUI Server: /Applications/SEGGER/JLink/JLinkGUIServerExe
TFC6A0F40 000:562.264   J-Link GUI Server info: "J-Link GUI server V8.52 "
TFC6A0F40 000:590.927 - 582.221ms returns "O.K."
TFC6A0F40 000:591.007 JLINK_TIF_Select(JLINKARM_TIF_SWD)
TFC6A0F40 000:591.553 - 0.547ms returns 0x00
TFC6A0F40 000:591.565 JLINK_ClrRESET()
TFC6A0F40 000:591.793 - 0.227ms 
TFC6A0F40 000:645.964 JLINK_SetSpeed(1500)
TFC6A0F40 000:646.225 - 0.263ms 
TFC6A0F40 000:646.236 JLINK_CORESIGHT_Configure(PerformTIFInit=0)
TFC6A0F40 000:646.629 - 0.393ms returns 0
TFC6A0F40 000:646.636 JLINK_CORESIGHT_ReadAPDPReg(DP reg 0x00)
TFC6A0F40 000:647.058   Value=0x6BA02477
TFC6A0F40 000:647.075 - 0.439ms returns 0
TFC6A0F40 000:647.080 JLINK_CORESIGHT_WriteAPDPReg(DP reg 0x00, 0x0000001F)
TFC6A0F40 000:647.305 - 0.224ms returns 0
TFC6A0F40 000:647.311 JLINK_CORESIGHT_ReadAPDPReg(DP reg 0x00)
TFC6A0F40 000:647.618   Value=0x6BA02477
TFC6A0F40 000:647.625 - 0.314ms returns 0
TFC6A0F40 000:647.629 JLINK_CORESIGHT_WriteAPDPReg(DP reg 0x02, 0x00000000)
TFC6A0F40 000:647.874 - 0.245ms returns 0
TFC6A0F40 000:647.880 JLINK_CORESIGHT_WriteAPDPReg(DP reg 0x01, 0x50000000)
TFC6A0F40 000:648.103 - 0.223ms returns 0
TFC6A0F40 000:648.109 JLINK_CORESIGHT_ReadAPDPReg(DP reg 0x01)
TFC6A0F40 000:648.327   Value=0xF0000040
TFC6A0F40 000:648.334 - 0.225ms returns 0
TFC6A0F40 000:648.338 JLINK_CORESIGHT_WriteAPDPReg(DP reg 0x00, 0x0000001F)
TFC6A0F40 000:648.593 - 0.255ms returns 0
TFC6A0F40 000:648.599 JLINK_CORESIGHT_ReadAPDPReg(DP reg 0x00)
TFC6A0F40 000:648.804   Value=0x6BA02477
TFC6A0F40 000:648.810 - 0.211ms returns 0
TFC6A0F40 000:648.814 JLINK_CORESIGHT_WriteAPDPReg(DP reg 0x01, 0x54000000)
TFC6A0F40 000:649.044 - 0.230ms returns 0
TFC6A0F40 000:649.049 JLINK_CORESIGHT_WriteAPDPReg(DP reg 0x01, 0x50000F00)
TFC6A0F40 000:649.254 - 0.205ms returns 0
TFC6A0F40 000:649.259 JLINK_CORESIGHT_WriteAPDPReg(DP reg 0x02, 0x01000000)
TFC6A0F40 000:649.465 - 0.206ms returns 0
TFC6A0F40 000:649.470 JLINK_CORESIGHT_WriteAPDPReg(AP reg 0x00, 0x80000002)
TFC6A0F40 000:649.679 - 0.209ms returns 0
TFC6A0F40 000:649.684 JLINK_CORESIGHT_WriteAPDPReg(AP reg 0x01, 0x80011100)
TFC6A0F40 000:649.878 - 0.194ms returns 0
TFC6A0F40 000:649.883 JLINK_CORESIGHT_WriteAPDPReg(AP reg 0x03, 0x000000A5)
TFC6A0F40 000:650.071 - 0.188ms returns 0
TFC6A0F40 000:650.076 JLINK_CORESIGHT_WriteAPDPReg(AP reg 0x00, 0x80000002)
TFC6A0F40 000:650.291 - 0.215ms returns 0
TFC6A0F40 000:650.296 JLINK_CORESIGHT_WriteAPDPReg(AP reg 0x01, 0x80011100)
TFC6A0F40 000:650.561 - 0.264ms returns 0
TFC6A0F40 000:650.565 JLINK_CORESIGHT_ReadAPDPReg(AP reg 0x03)
TFC6A0F40 000:650.827   Value=0x000000A5
TFC6A0F40 000:650.844 - 0.279ms returns 0
TFC6A0F40 000:650.848 JLINK_ClrTMS()
TFC6A0F40 000:650.952 - 0.103ms 
TFC6A0F40 000:657.118 JLINK_SetTCK()
TFC6A0F40 000:657.294 - 0.177ms returns 0
TFC6A0F40 000:662.953 JLINK_SetRESET()
TFC6A0F40 000:663.122 - 0.169ms 
TFC6A0F40 000:862.641 JLINK_CORESIGHT_WriteAPDPReg(AP reg 0x00, 0x80000002)
TFC6A0F40 000:863.117 - 0.478ms returns 0
TFC6A0F40 000:863.134 JLINK_CORESIGHT_WriteAPDPReg(AP reg 0x01, 0x80011100)
TFC6A0F40 000:863.392 - 0.258ms returns 0
TFC6A0F40 000:863.413 JLINK_CORESIGHT_ReadAPDPReg(AP reg 0x03)
TFC6A0F40 000:863.720   Value=0x00000000
TFC6A0F40 000:863.735 - 0.321ms returns 0
TFC6A0F40 000:863.749 JLINK_CORESIGHT_WriteAPDPReg(AP reg 0x00, 0x80000002)
TFC6A0F40 000:863.992 - 0.244ms returns 0
TFC6A0F40 000:864.003 JLINK_CORESIGHT_WriteAPDPReg(AP reg 0x01, 0x80011140)
TFC6A0F40 000:864.267 - 0.264ms returns 0
TFC6A0F40 000:864.281 JLINK_CORESIGHT_ReadAPDPReg(AP reg 0x03)
TFC6A0F40 000:864.679   Value=0x00000002
TFC6A0F40 000:864.692 - 0.411ms returns 0
TFC6A0F40 000:864.702 JLINK_CORESIGHT_WriteAPDPReg(AP reg 0x00, 0x80000002)
TFC6A0F40 000:864.976 - 0.274ms returns 0
TFC6A0F40 000:864.988 JLINK_CORESIGHT_WriteAPDPReg(AP reg 0x01, 0x80011120)
TFC6A0F40 000:865.234 - 0.246ms returns 0
TFC6A0F40 000:865.245 JLINK_CORESIGHT_WriteAPDPReg(AP reg 0x03, 0x00000055)
TFC6A0F40 000:865.482 - 0.236ms returns 0
TFC6A0F40 000:865.492 JLINK_CORESIGHT_WriteAPDPReg(AP reg 0x00, 0x80000002)
TFC6A0F40 000:865.723 - 0.231ms returns 0
TFC6A0F40 000:865.735 JLINK_CORESIGHT_WriteAPDPReg(AP reg 0x01, 0x80011140)
TFC6A0F40 000:865.962 - 0.226ms returns 0
TFC6A0F40 000:865.972 JLINK_CORESIGHT_ReadAPDPReg(AP reg 0x03)
TFC6A0F40 000:866.262   Value=0x00000002
TFC6A0F40 000:866.274 - 0.302ms returns 0
TFC6A0F40 000:866.282 JLINK_CORESIGHT_ReadAPDPReg(AP reg 0x03)
TFC6A0F40 000:866.557   Value=0x00000002
TFC6A0F40 000:866.569 - 0.288ms returns 0
TFC6A0F40 000:866.576 JLINK_CORESIGHT_ReadAPDPReg(AP reg 0x03)
TFC6A0F40 000:866.851   Value=0x00000002
TFC6A0F40 000:866.864 - 0.288ms returns 0
TFC6A0F40 000:866.871 JLINK_CORESIGHT_ReadAPDPReg(AP reg 0x03)
TFC6A0F40 000:867.211   Value=0x00000002
TFC6A0F40 000:867.227 - 0.356ms returns 0
TFC6A0F40 000:867.239 JLINK_CORESIGHT_ReadAPDPReg(AP reg 0x03)
TFC6A0F40 000:867.519   Value=0x00000002
TFC6A0F40 000:867.532 - 0.292ms returns 0
TFC6A0F40 000:867.539 JLINK_CORESIGHT_ReadAPDPReg(AP reg 0x03)
TFC6A0F40 000:867.810   Value=0x00000002
TFC6A0F40 000:867.822 - 0.283ms returns 0
TFC6A0F40 000:867.830 JLINK_CORESIGHT_ReadAPDPReg(AP reg 0x03)
TFC6A0F40 000:868.109   Value=0x00000002
TFC6A0F40 000:868.121 - 0.291ms returns 0
TFC6A0F40 000:868.128 JLINK_CORESIGHT_ReadAPDPReg(AP reg 0x03)
TFC6A0F40 000:868.413   Value=0x00000002
TFC6A0F40 000:868.424 - 0.296ms returns 0
TFC6A0F40 000:868.432 JLINK_CORESIGHT_ReadAPDPReg(AP reg 0x03)
TFC6A0F40 000:868.727   Value=0x00000002
TFC6A0F40 000:868.741 - 0.309ms returns 0
TFC6A0F40 000:868.749 JLINK_CORESIGHT_ReadAPDPReg(AP reg 0x03)
TFC6A0F40 000:869.166   Value=0x00000002
TFC6A0F40 000:869.178 - 0.429ms returns 0
TFC6A0F40 000:869.186 JLINK_CORESIGHT_ReadAPDPReg(AP reg 0x03)
TFC6A0F40 000:869.470   Value=0x00000002
TFC6A0F40 000:869.482 - 0.297ms returns 0
TFC6A0F40 000:869.489 JLINK_CORESIGHT_ReadAPDPReg(AP reg 0x03)
TFC6A0F40 000:869.784   Value=0x00000002
TFC6A0F40 000:869.797 - 0.308ms returns 0
TFC6A0F40 000:869.804 JLINK_CORESIGHT_ReadAPDPReg(AP reg 0x03)
TFC6A0F40 000:870.145   Value=0x00000002
TFC6A0F40 000:870.157 - 0.353ms returns 0
TFC6A0F40 000:870.165 JLINK_CORESIGHT_ReadAPDPReg(AP reg 0x03)
TFC6A0F40 000:870.444   Value=0x00000002
TFC6A0F40 000:870.460 - 0.294ms returns 0
TFC6A0F40 000:870.467 JLINK_CORESIGHT_ReadAPDPReg(AP reg 0x03)
TFC6A0F40 000:870.740   Value=0x00000002
TFC6A0F40 000:870.752 - 0.285ms returns 0
TFC6A0F40 000:870.759 JLINK_CORESIGHT_ReadAPDPReg(AP reg 0x03)
TFC6A0F40 000:871.093   Value=0x00000002
TFC6A0F40 000:871.111 - 0.352ms returns 0
TFC6A0F40 000:871.119 JLINK_CORESIGHT_ReadAPDPReg(AP reg 0x03)
TFC6A0F40 000:871.442   Value=0x00000002
TFC6A0F40 000:871.455 - 0.337ms returns 0
TFC6A0F40 000:871.462 JLINK_CORESIGHT_ReadAPDPReg(AP reg 0x03)
TFC6A0F40 000:871.726   Value=0x00000002
TFC6A0F40 000:871.739 - 0.276ms returns 0
TFC6A0F40 000:871.746 JLINK_CORESIGHT_ReadAPDPReg(AP reg 0x03)
TFC6A0F40 000:872.014   Value=0x00000002
TFC6A0F40 000:872.026 - 0.280ms returns 0
TFC6A0F40 000:872.034 JLINK_CORESIGHT_ReadAPDPReg(AP reg 0x03)
TFC6A0F40 000:872.294   Value=0x00000002
TFC6A0F40 000:872.306 - 0.272ms returns 0
TFC6A0F40 000:872.313 JLINK_CORESIGHT_ReadAPDPReg(AP reg 0x03)
TFC6A0F40 000:872.580   Value=0x00000002
TFC6A0F40 000:872.592 - 0.279ms returns 0
TFC6A0F40 000:872.599 JLINK_CORESIGHT_ReadAPDPReg(AP reg 0x03)
TFC6A0F40 000:872.939   Value=0x00000002
TFC6A0F40 000:872.954 - 0.355ms returns 0
TFC6A0F40 000:872.963 JLINK_CORESIGHT_ReadAPDPReg(AP reg 0x03)
TFC6A0F40 000:873.226   Value=0x00000002
TFC6A0F40 000:873.239 - 0.277ms returns 0
TFC6A0F40 000:873.246 JLINK_CORESIGHT_ReadAPDPReg(AP reg 0x03)
TFC6A0F40 000:873.581   Value=0x00000002
TFC6A0F40 000:873.603 - 0.357ms returns 0
TFC6A0F40 000:873.618 JLINK_CORESIGHT_ReadAPDPReg(AP reg 0x03)
TFC6A0F40 000:873.946   Value=0x00000002
TFC6A0F40 000:873.960 - 0.342ms returns 0
TFC6A0F40 000:873.973 JLINK_CORESIGHT_ReadAPDPReg(AP reg 0x03)
TFC6A0F40 000:874.265   Value=0x00000002
TFC6A0F40 000:874.284 - 0.311ms returns 0
TFC6A0F40 000:874.298 JLINK_CORESIGHT_ReadAPDPReg(AP reg 0x03)
TFC6A0F40 000:874.593   Value=0x00000002
TFC6A0F40 000:874.607 - 0.309ms returns 0
TFC6A0F40 000:874.618 JLINK_CORESIGHT_ReadAPDPReg(AP reg 0x03)
TFC6A0F40 000:874.925   Value=0x00000002
TFC6A0F40 000:874.942 - 0.324ms returns 0
TFC6A0F40 000:874.956 JLINK_CORESIGHT_ReadAPDPReg(AP reg 0x03)
TFC6A0F40 000:875.281   Value=0x00000002
TFC6A0F40 000:875.293 - 0.337ms returns 0
TFC6A0F40 000:875.305 JLINK_CORESIGHT_ReadAPDPReg(AP reg 0x03)
TFC6A0F40 000:875.591   Value=0x00000002
TFC6A0F40 000:875.603 - 0.299ms returns 0
TFC6A0F40 000:875.614 JLINK_CORESIGHT_ReadAPDPReg(AP reg 0x03)
TFC6A0F40 000:875.888   Value=0x00000002
TFC6A0F40 000:875.903 - 0.289ms returns 0
TFC6A0F40 000:875.915 JLINK_CORESIGHT_ReadAPDPReg(AP reg 0x03)
TFC6A0F40 000:876.214   Value=0x00000002
TFC6A0F40 000:876.227 - 0.312ms returns 0
TFC6A0F40 000:876.240 JLINK_CORESIGHT_ReadAPDPReg(AP reg 0x03)
TFC6A0F40 000:876.527   Value=0x00000002
TFC6A0F40 000:876.542 - 0.303ms returns 0
TFC6A0F40 000:876.552 JLINK_CORESIGHT_ReadAPDPReg(AP reg 0x03)
TFC6A0F40 000:876.879   Value=0x00000000
TFC6A0F40 000:876.892 - 0.340ms returns 0
TFC6A0F40 000:876.906 JLINK_CORESIGHT_WriteAPDPReg(AP reg 0x00, 0x80000002)
TFC6A0F40 000:877.187 - 0.281ms returns 0
TFC6A0F40 000:877.201 JLINK_CORESIGHT_WriteAPDPReg(AP reg 0x01, 0x80011130)
TFC6A0F40 000:877.417 - 0.217ms returns 0
TFC6A0F40 000:877.431 JLINK_CORESIGHT_ReadAPDPReg(AP reg 0x03)
TFC6A0F40 000:877.714   Value=0x000000C6
TFC6A0F40 000:877.726 - 0.295ms returns 0
TFC6A0F40 000:878.000 JLINK_CORESIGHT_WriteAPDPReg(AP reg 0x00, 0x80000002)
TFC6A0F40 000:878.235 - 0.235ms returns 0
TFC6A0F40 000:878.251 JLINK_CORESIGHT_WriteAPDPReg(AP reg 0x01, 0x80011140)
TFC6A0F40 000:878.483 - 0.232ms returns 0
TFC6A0F40 000:878.494 JLINK_CORESIGHT_ReadAPDPReg(AP reg 0x03)
TFC6A0F40 000:878.859   Value=0x00000002
TFC6A0F40 000:878.872 - 0.378ms returns 0
TFC6A0F40 000:878.879 JLINK_CORESIGHT_WriteAPDPReg(AP reg 0x00, 0x80000002)
TFC6A0F40 000:879.152 - 0.272ms returns 0
TFC6A0F40 000:879.166 JLINK_CORESIGHT_WriteAPDPReg(AP reg 0x01, 0x80011120)
TFC6A0F40 000:879.408 - 0.243ms returns 0
TFC6A0F40 000:879.419 JLINK_CORESIGHT_WriteAPDPReg(AP reg 0x03, 0x3A010001)
TFC6A0F40 000:879.656 - 0.237ms returns 0
TFC6A0F40 000:879.667 JLINK_CORESIGHT_WriteAPDPReg(AP reg 0x00, 0x80000002)
TFC6A0F40 000:879.947 - 0.280ms returns 0
TFC6A0F40 000:879.957 JLINK_CORESIGHT_WriteAPDPReg(AP reg 0x01, 0x80011140)
TFC6A0F40 000:880.196 - 0.238ms returns 0
TFC6A0F40 000:880.206 JLINK_CORESIGHT_ReadAPDPReg(AP reg 0x03)
TFC6A0F40 000:880.495   Value=0x00000002
TFC6A0F40 000:880.525 - 0.320ms returns 0
TFC6A0F40 000:880.533 JLINK_CORESIGHT_WriteAPDPReg(AP reg 0x00, 0x80000002)
TFC6A0F40 000:880.818 - 0.286ms returns 0
TFC6A0F40 000:880.830 JLINK_CORESIGHT_WriteAPDPReg(AP reg 0x01, 0x80011120)
TFC6A0F40 000:881.061 - 0.230ms returns 0
TFC6A0F40 000:881.072 JLINK_CORESIGHT_WriteAPDPReg(AP reg 0x03, 0x000003C5)
TFC6A0F40 000:881.308 - 0.236ms returns 0
TFC6A0F40 000:881.320 JLINK_CORESIGHT_WriteAPDPReg(AP reg 0x00, 0x80000002)
TFC6A0F40 000:881.711 - 0.391ms returns 0
TFC6A0F40 000:881.721 JLINK_CORESIGHT_WriteAPDPReg(AP reg 0x01, 0x80011140)
TFC6A0F40 000:881.957 - 0.236ms returns 0
TFC6A0F40 000:881.970 JLINK_CORESIGHT_ReadAPDPReg(AP reg 0x03)
TFC6A0F40 000:882.298   Value=0x00000002
TFC6A0F40 000:882.313 - 0.343ms returns 0
TFC6A0F40 000:882.320 JLINK_CORESIGHT_ReadAPDPReg(AP reg 0x03)
TFC6A0F40 000:882.577   Value=0x00000002
TFC6A0F40 000:882.592 - 0.272ms returns 0
TFC6A0F40 000:882.600 JLINK_CORESIGHT_ReadAPDPReg(AP reg 0x03)
TFC6A0F40 000:882.931   Value=0x00000000
TFC6A0F40 000:882.943 - 0.343ms returns 0
TFC6A0F40 000:882.950 JLINK_CORESIGHT_WriteAPDPReg(AP reg 0x00, 0x80000002)
TFC6A0F40 000:883.190 - 0.239ms returns 0
TFC6A0F40 000:883.199 JLINK_CORESIGHT_WriteAPDPReg(AP reg 0x01, 0x80011130)
TFC6A0F40 000:883.428 - 0.229ms returns 0
TFC6A0F40 000:883.438 JLINK_CORESIGHT_ReadAPDPReg(AP reg 0x03)
TFC6A0F40 000:883.765   Value=0x3A2A0081
TFC6A0F40 000:883.776 - 0.339ms returns 0
TFC6A0F40 000:883.782 JLINK_CORESIGHT_WriteAPDPReg(AP reg 0x00, 0x80000002)
TFC6A0F40 000:884.008 - 0.226ms returns 0
TFC6A0F40 000:884.016 JLINK_CORESIGHT_WriteAPDPReg(AP reg 0x01, 0x80011140)
TFC6A0F40 000:884.250 - 0.234ms returns 0
TFC6A0F40 000:884.259 JLINK_CORESIGHT_ReadAPDPReg(AP reg 0x03)
TFC6A0F40 000:884.544   Value=0x00000000
TFC6A0F40 000:884.557 - 0.298ms returns 0
TFC6A0F40 000:884.563 JLINK_CORESIGHT_WriteAPDPReg(AP reg 0x00, 0x80000002)
TFC6A0F40 000:884.787 - 0.224ms returns 0
TFC6A0F40 000:884.795 JLINK_CORESIGHT_WriteAPDPReg(AP reg 0x01, 0x80011130)
TFC6A0F40 000:885.024 - 0.229ms returns 0
TFC6A0F40 000:885.032 JLINK_CORESIGHT_ReadAPDPReg(AP reg 0x03)
TFC6A0F40 000:885.317   Value=0x808D5B00
TFC6A0F40 000:885.327 - 0.295ms returns 0
TFC6A0F40 000:885.333 JLINK_CORESIGHT_WriteAPDPReg(AP reg 0x00, 0x80000002)
TFC6A0F40 000:885.556 - 0.223ms returns 0
TFC6A0F40 000:885.565 JLINK_CORESIGHT_WriteAPDPReg(AP reg 0x01, 0x80011140)
TFC6A0F40 000:885.858 - 0.293ms returns 0
TFC6A0F40 000:885.870 JLINK_CORESIGHT_ReadAPDPReg(AP reg 0x03)
TFC6A0F40 000:886.165   Value=0x00000000
TFC6A0F40 000:886.176 - 0.306ms returns 0
TFC6A0F40 000:886.183 JLINK_CORESIGHT_WriteAPDPReg(AP reg 0x00, 0x80000002)
TFC6A0F40 000:886.417 - 0.235ms returns 0
TFC6A0F40 000:886.425 JLINK_CORESIGHT_WriteAPDPReg(AP reg 0x01, 0x80011130)
TFC6A0F40 000:886.724 - 0.299ms returns 0
TFC6A0F40 000:886.733 JLINK_CORESIGHT_ReadAPDPReg(AP reg 0x03)
TFC6A0F40 000:887.032   Value=0x0406070A
TFC6A0F40 000:887.042 - 0.309ms returns 0
TFC6A0F40 000:887.048 JLINK_CORESIGHT_WriteAPDPReg(AP reg 0x00, 0x80000002)
TFC6A0F40 000:887.278 - 0.230ms returns 0
TFC6A0F40 000:887.286 JLINK_CORESIGHT_WriteAPDPReg(AP reg 0x01, 0x80011140)
TFC6A0F40 000:887.524 - 0.238ms returns 0
TFC6A0F40 000:887.533 JLINK_CORESIGHT_ReadAPDPReg(AP reg 0x03)
TFC6A0F40 000:887.862   Value=0x00000000
TFC6A0F40 000:887.879 - 0.346ms returns 0
TFC6A0F40 000:887.887 JLINK_CORESIGHT_WriteAPDPReg(AP reg 0x00, 0x80000002)
TFC6A0F40 000:888.134 - 0.247ms returns 0
TFC6A0F40 000:888.148 JLINK_CORESIGHT_WriteAPDPReg(AP reg 0x01, 0x80011130)
TFC6A0F40 000:888.390 - 0.242ms returns 0
TFC6A0F40 000:888.399 JLINK_CORESIGHT_ReadAPDPReg(AP reg 0x03)
TFC6A0F40 000:888.705   Value=0x3154540B
TFC6A0F40 000:888.716 - 0.317ms returns 0
TFC6A0F40 000:888.723 JLINK_CORESIGHT_WriteAPDPReg(AP reg 0x00, 0x80000002)
TFC6A0F40 000:888.981 - 0.259ms returns 0
TFC6A0F40 000:888.990 JLINK_CORESIGHT_WriteAPDPReg(AP reg 0x01, 0x80011140)
TFC6A0F40 000:889.228 - 0.238ms returns 0
TFC6A0F40 000:889.238 JLINK_CORESIGHT_ReadAPDPReg(AP reg 0x03)
TFC6A0F40 000:889.544   Value=0x00000000
TFC6A0F40 000:889.556 - 0.318ms returns 0
TFC6A0F40 000:889.563 JLINK_CORESIGHT_WriteAPDPReg(AP reg 0x00, 0x80000002)
TFC6A0F40 000:889.794 - 0.231ms returns 0
TFC6A0F40 000:889.812 JLINK_CORESIGHT_WriteAPDPReg(AP reg 0x01, 0x80011130)
TFC6A0F40 000:890.045 - 0.242ms returns 0
TFC6A0F40 000:890.054 JLINK_CORESIGHT_ReadAPDPReg(AP reg 0x03)
TFC6A0F40 000:890.424   Value=0x54274B77
TFC6A0F40 000:890.435 - 0.381ms returns 0
TFC6A0F40 000:890.442 JLINK_CORESIGHT_WriteAPDPReg(AP reg 0x00, 0x80000002)
TFC6A0F40 000:890.678 - 0.236ms returns 0
TFC6A0F40 000:890.688 JLINK_CORESIGHT_WriteAPDPReg(AP reg 0x01, 0x80011140)
TFC6A0F40 000:890.993 - 0.305ms returns 0
TFC6A0F40 000:891.002 JLINK_CORESIGHT_ReadAPDPReg(AP reg 0x03)
TFC6A0F40 000:891.300   Value=0x00000000
TFC6A0F40 000:891.312 - 0.310ms returns 0
TFC6A0F40 000:891.319 JLINK_CORESIGHT_WriteAPDPReg(AP reg 0x00, 0x80000002)
TFC6A0F40 000:891.659 - 0.341ms returns 0
TFC6A0F40 000:891.674 JLINK_CORESIGHT_WriteAPDPReg(AP reg 0x01, 0x80011130)
TFC6A0F40 000:891.927 - 0.253ms returns 0
TFC6A0F40 000:891.937 JLINK_CORESIGHT_ReadAPDPReg(AP reg 0x03)
TFC6A0F40 000:892.218   Value=0x37395636
TFC6A0F40 000:892.231 - 0.293ms returns 0
TFC6A0F40 000:892.239 JLINK_CORESIGHT_WriteAPDPReg(AP reg 0x00, 0x80000002)
TFC6A0F40 000:892.524 - 0.284ms returns 0
TFC6A0F40 000:892.533 JLINK_CORESIGHT_WriteAPDPReg(AP reg 0x01, 0x80011140)
TFC6A0F40 000:892.754 - 0.221ms returns 0
TFC6A0F40 000:892.764 JLINK_CORESIGHT_ReadAPDPReg(AP reg 0x03)
TFC6A0F40 000:893.050   Value=0x00000000
TFC6A0F40 000:893.080 - 0.316ms returns 0
TFC6A0F40 000:893.087 JLINK_CORESIGHT_WriteAPDPReg(AP reg 0x00, 0x80000002)
TFC6A0F40 000:893.292 - 0.205ms returns 0
TFC6A0F40 000:893.301 JLINK_CORESIGHT_WriteAPDPReg(AP reg 0x01, 0x80011130)
TFC6A0F40 000:893.508 - 0.207ms returns 0
TFC6A0F40 000:893.517 JLINK_CORESIGHT_ReadAPDPReg(AP reg 0x03)
TFC6A0F40 000:893.754   Value=0x72012D34
TFC6A0F40 000:893.767 - 0.250ms returns 0
TFC6A0F40 000:893.773 JLINK_CORESIGHT_WriteAPDPReg(AP reg 0x00, 0x80000002)
TFC6A0F40 000:893.982 - 0.208ms returns 0
TFC6A0F40 000:893.992 JLINK_CORESIGHT_WriteAPDPReg(AP reg 0x01, 0x80011140)
TFC6A0F40 000:894.198 - 0.205ms returns 0
TFC6A0F40 000:894.206 JLINK_CORESIGHT_ReadAPDPReg(AP reg 0x03)
TFC6A0F40 000:894.463   Value=0x00000000
TFC6A0F40 000:894.473 - 0.267ms returns 0
TFC6A0F40 000:894.478 JLINK_CORESIGHT_WriteAPDPReg(AP reg 0x00, 0x80000002)
TFC6A0F40 000:894.691 - 0.213ms returns 0
TFC6A0F40 000:894.700 JLINK_CORESIGHT_WriteAPDPReg(AP reg 0x01, 0x80011130)
TFC6A0F40 000:894.929 - 0.230ms returns 0
TFC6A0F40 000:894.938 JLINK_CORESIGHT_ReadAPDPReg(AP reg 0x03)
TFC6A0F40 000:895.215   Value=0x4B375279
TFC6A0F40 000:895.229 - 0.291ms returns 0
TFC6A0F40 000:895.235 JLINK_CORESIGHT_WriteAPDPReg(AP reg 0x00, 0x80000002)
TFC6A0F40 000:895.472 - 0.238ms returns 0
TFC6A0F40 000:895.480 JLINK_CORESIGHT_WriteAPDPReg(AP reg 0x01, 0x80011140)
TFC6A0F40 000:895.701 - 0.221ms returns 0
TFC6A0F40 000:895.709 JLINK_CORESIGHT_ReadAPDPReg(AP reg 0x03)
TFC6A0F40 000:895.958   Value=0x00000000
TFC6A0F40 000:895.972 - 0.263ms returns 0
TFC6A0F40 000:895.978 JLINK_CORESIGHT_WriteAPDPReg(AP reg 0x00, 0x80000002)
TFC6A0F40 000:896.181 - 0.203ms returns 0
TFC6A0F40 000:896.190 JLINK_CORESIGHT_WriteAPDPReg(AP reg 0x01, 0x80011130)
TFC6A0F40 000:896.390 - 0.200ms returns 0
TFC6A0F40 000:896.399 JLINK_CORESIGHT_ReadAPDPReg(AP reg 0x03)
TFC6A0F40 000:896.725   Value=0x31503841
TFC6A0F40 000:896.769 - 0.369ms returns 0
TFC6A0F40 000:896.779 JLINK_CORESIGHT_WriteAPDPReg(AP reg 0x00, 0x80000002)
TFC6A0F40 000:897.017 - 0.239ms returns 0
TFC6A0F40 000:897.034 JLINK_CORESIGHT_WriteAPDPReg(AP reg 0x01, 0x80011140)
TFC6A0F40 000:897.257 - 0.223ms returns 0
TFC6A0F40 000:897.269 JLINK_CORESIGHT_ReadAPDPReg(AP reg 0x03)
TFC6A0F40 000:897.535   Value=0x00000000
TFC6A0F40 000:897.545 - 0.276ms returns 0
TFC6A0F40 000:897.551 JLINK_CORESIGHT_WriteAPDPReg(AP reg 0x00, 0x80000002)
TFC6A0F40 000:897.787 - 0.235ms returns 0
TFC6A0F40 000:897.812 JLINK_CORESIGHT_WriteAPDPReg(AP reg 0x01, 0x80011130)
TFC6A0F40 000:898.071 - 0.260ms returns 0
TFC6A0F40 000:898.089 JLINK_CORESIGHT_ReadAPDPReg(AP reg 0x03)
TFC6A0F40 000:898.401   Value=0x434C464B
TFC6A0F40 000:898.414 - 0.325ms returns 0
TFC6A0F40 000:898.420 JLINK_CORESIGHT_WriteAPDPReg(AP reg 0x00, 0x80000002)
TFC6A0F40 000:898.647 - 0.228ms returns 0
TFC6A0F40 000:898.655 JLINK_CORESIGHT_WriteAPDPReg(AP reg 0x01, 0x80011140)
TFC6A0F40 000:898.871 - 0.216ms returns 0
TFC6A0F40 000:898.879 JLINK_CORESIGHT_ReadAPDPReg(AP reg 0x03)
TFC6A0F40 000:899.146   Value=0x00000000
TFC6A0F40 000:899.156 - 0.276ms returns 0
TFC6A0F40 000:899.161 JLINK_CORESIGHT_WriteAPDPReg(AP reg 0x00, 0x80000002)
TFC6A0F40 000:899.372 - 0.210ms returns 0
TFC6A0F40 000:899.381 JLINK_CORESIGHT_WriteAPDPReg(AP reg 0x01, 0x80011130)
TFC6A0F40 000:899.601 - 0.220ms returns 0
TFC6A0F40 000:899.613 JLINK_CORESIGHT_ReadAPDPReg(AP reg 0x03)
TFC6A0F40 000:899.876   Value=0x20204341
TFC6A0F40 000:899.887 - 0.274ms returns 0
TFC6A0F40 000:899.892 JLINK_CORESIGHT_WriteAPDPReg(AP reg 0x00, 0x80000002)
TFC6A0F40 000:900.116 - 0.224ms returns 0
TFC6A0F40 000:900.124 JLINK_CORESIGHT_WriteAPDPReg(AP reg 0x01, 0x80011140)
TFC6A0F40 000:900.350 - 0.227ms returns 0
TFC6A0F40 000:900.357 JLINK_CORESIGHT_ReadAPDPReg(AP reg 0x03)
TFC6A0F40 000:900.641   Value=0x00000000
TFC6A0F40 000:900.650 - 0.292ms returns 0
TFC6A0F40 000:900.655 JLINK_CORESIGHT_WriteAPDPReg(AP reg 0x00, 0x80000002)
TFC6A0F40 000:900.860 - 0.204ms returns 0
TFC6A0F40 000:900.870 JLINK_CORESIGHT_WriteAPDPReg(AP reg 0x01, 0x80011130)
TFC6A0F40 000:901.085 - 0.215ms returns 0
TFC6A0F40 000:901.093 JLINK_CORESIGHT_ReadAPDPReg(AP reg 0x03)
TFC6A0F40 000:901.338   Value=0x0003DD20
TFC6A0F40 000:901.350 - 0.257ms returns 0
TFC6A0F40 000:901.476 JLINK_CORESIGHT_WriteAPDPReg(AP reg 0x00, 0x80000002)
TFC6A0F40 000:901.729 - 0.254ms returns 0
TFC6A0F40 000:901.738 JLINK_CORESIGHT_WriteAPDPReg(AP reg 0x01, 0x80011140)
TFC6A0F40 000:901.947 - 0.209ms returns 0
TFC6A0F40 000:901.955 JLINK_CORESIGHT_ReadAPDPReg(AP reg 0x03)
TFC6A0F40 000:902.210   Value=0x00000002
TFC6A0F40 000:902.218 - 0.264ms returns 0
TFC6A0F40 000:902.224 JLINK_CORESIGHT_WriteAPDPReg(AP reg 0x00, 0x80000002)
TFC6A0F40 000:902.454 - 0.230ms returns 0
TFC6A0F40 000:902.461 JLINK_CORESIGHT_WriteAPDPReg(AP reg 0x01, 0x80011120)
TFC6A0F40 000:902.665 - 0.204ms returns 0
TFC6A0F40 000:902.672 JLINK_CORESIGHT_WriteAPDPReg(AP reg 0x03, 0x39020001)
TFC6A0F40 000:902.874 - 0.202ms returns 0
TFC6A0F40 000:902.880 JLINK_CORESIGHT_WriteAPDPReg(AP reg 0x00, 0x80000002)
TFC6A0F40 000:903.078 - 0.198ms returns 0
TFC6A0F40 000:903.084 JLINK_CORESIGHT_WriteAPDPReg(AP reg 0x01, 0x80011140)
TFC6A0F40 000:903.290 - 0.206ms returns 0
TFC6A0F40 000:903.297 JLINK_CORESIGHT_ReadAPDPReg(AP reg 0x03)
TFC6A0F40 000:903.589   Value=0x00000002
TFC6A0F40 000:903.598 - 0.300ms returns 0
TFC6A0F40 000:903.603 JLINK_CORESIGHT_WriteAPDPReg(AP reg 0x00, 0x80000002)
TFC6A0F40 000:903.818 - 0.215ms returns 0
TFC6A0F40 000:903.828 JLINK_CORESIGHT_WriteAPDPReg(AP reg 0x01, 0x80011120)
TFC6A0F40 000:904.030 - 0.202ms returns 0
TFC6A0F40 000:904.037 JLINK_CORESIGHT_WriteAPDPReg(AP reg 0x03, 0x0003B312)
TFC6A0F40 000:904.241 - 0.203ms returns 0
TFC6A0F40 000:904.247 JLINK_CORESIGHT_WriteAPDPReg(AP reg 0x00, 0x80000002)
TFC6A0F40 000:904.448 - 0.201ms returns 0
TFC6A0F40 000:904.456 JLINK_CORESIGHT_WriteAPDPReg(AP reg 0x01, 0x80011140)
TFC6A0F40 000:904.667 - 0.211ms returns 0
TFC6A0F40 000:904.674 JLINK_CORESIGHT_ReadAPDPReg(AP reg 0x03)
TFC6A0F40 000:904.949   Value=0x00000000
TFC6A0F40 000:904.958 - 0.284ms returns 0
TFC6A0F40 000:904.963 JLINK_CORESIGHT_WriteAPDPReg(AP reg 0x00, 0x80000002)
TFC6A0F40 000:905.179 - 0.216ms returns 0
TFC6A0F40 000:905.187 JLINK_CORESIGHT_WriteAPDPReg(AP reg 0x01, 0x80011130)
TFC6A0F40 000:905.406 - 0.219ms returns 0
TFC6A0F40 000:905.413 JLINK_CORESIGHT_ReadAPDPReg(AP reg 0x03)
TFC6A0F40 000:905.713   Value=0xB90A0081
TFC6A0F40 000:905.752 - 0.339ms returns 0
TFC6A0F40 000:905.757 JLINK_CORESIGHT_WriteAPDPReg(AP reg 0x00, 0x80000002)
TFC6A0F40 000:905.989 - 0.231ms returns 0
TFC6A0F40 000:905.996 JLINK_CORESIGHT_WriteAPDPReg(AP reg 0x01, 0x80011140)
TFC6A0F40 000:906.230 - 0.233ms returns 0
TFC6A0F40 000:906.250 JLINK_CORESIGHT_ReadAPDPReg(AP reg 0x03)
TFC6A0F40 000:906.560   Value=0x00000000
TFC6A0F40 000:906.577 - 0.327ms returns 0
TFC6A0F40 000:906.582 JLINK_CORESIGHT_WriteAPDPReg(AP reg 0x00, 0x80000002)
TFC6A0F40 000:906.787 - 0.205ms returns 0
TFC6A0F40 000:906.793 JLINK_CORESIGHT_WriteAPDPReg(AP reg 0x01, 0x80011130)
TFC6A0F40 000:907.003 - 0.210ms returns 0
TFC6A0F40 000:907.009 JLINK_CORESIGHT_ReadAPDPReg(AP reg 0x03)
TFC6A0F40 000:907.267   Value=0xFFFFFFC0
TFC6A0F40 000:907.274 - 0.265ms returns 0
TFC6A0F40 000:907.279 JLINK_CORESIGHT_WriteAPDPReg(AP reg 0x00, 0x80000002)
TFC6A0F40 000:907.475 - 0.196ms returns 0
TFC6A0F40 000:907.481 JLINK_CORESIGHT_WriteAPDPReg(AP reg 0x01, 0x80011140)
TFC6A0F40 000:907.682 - 0.201ms returns 0
TFC6A0F40 000:907.690 JLINK_CORESIGHT_ReadAPDPReg(AP reg 0x03)
TFC6A0F40 000:907.949   Value=0x00000000
TFC6A0F40 000:907.957 - 0.267ms returns 0
TFC6A0F40 000:907.963 JLINK_CORESIGHT_WriteAPDPReg(AP reg 0x00, 0x80000002)
TFC6A0F40 000:908.164 - 0.201ms returns 0
TFC6A0F40 000:908.173 JLINK_CORESIGHT_WriteAPDPReg(AP reg 0x01, 0x80011130)
TFC6A0F40 000:908.382 - 0.209ms returns 0
TFC6A0F40 000:908.390 JLINK_CORESIGHT_ReadAPDPReg(AP reg 0x03)
TFC6A0F40 000:908.644   Value=0xFFFFFFFF
TFC6A0F40 000:908.651 - 0.261ms returns 0
TFC6A0F40 000:908.657 JLINK_CORESIGHT_WriteAPDPReg(AP reg 0x00, 0x80000002)
TFC6A0F40 000:908.859 - 0.202ms returns 0
TFC6A0F40 000:908.866 JLINK_CORESIGHT_WriteAPDPReg(AP reg 0x01, 0x80011140)
TFC6A0F40 000:909.077 - 0.210ms returns 0
TFC6A0F40 000:909.086 JLINK_CORESIGHT_ReadAPDPReg(AP reg 0x03)
TFC6A0F40 000:909.344   Value=0x00000000
TFC6A0F40 000:909.353 - 0.267ms returns 0
TFC6A0F40 000:909.360 JLINK_CORESIGHT_WriteAPDPReg(AP reg 0x00, 0x80000002)
TFC6A0F40 000:909.581 - 0.220ms returns 0
TFC6A0F40 000:909.591 JLINK_CORESIGHT_WriteAPDPReg(AP reg 0x01, 0x80011130)
TFC6A0F40 000:909.783 - 0.192ms returns 0
TFC6A0F40 000:909.791 JLINK_CORESIGHT_ReadAPDPReg(AP reg 0x03)
TFC6A0F40 000:910.026   Value=0x000385FF
TFC6A0F40 000:910.033 - 0.242ms returns 0
TFC6A0F40 000:910.341 JLINK_CORESIGHT_WriteAPDPReg(AP reg 0x00, 0x80000002)
TFC6A0F40 000:910.546 - 0.205ms returns 0
TFC6A0F40 000:910.555 JLINK_CORESIGHT_WriteAPDPReg(AP reg 0x01, 0x80011140)
TFC6A0F40 000:910.750 - 0.195ms returns 0
TFC6A0F40 000:910.756 JLINK_CORESIGHT_ReadAPDPReg(AP reg 0x03)
TFC6A0F40 000:910.997   Value=0x00000002
TFC6A0F40 000:911.005 - 0.249ms returns 0
TFC6A0F40 000:911.009 JLINK_CORESIGHT_WriteAPDPReg(AP reg 0x00, 0x80000002)
TFC6A0F40 000:911.187 - 0.178ms returns 0
TFC6A0F40 000:911.193 JLINK_CORESIGHT_WriteAPDPReg(AP reg 0x01, 0x80011120)
TFC6A0F40 000:911.397 - 0.204ms returns 0
TFC6A0F40 000:911.403 JLINK_CORESIGHT_WriteAPDPReg(AP reg 0x03, 0x2C010001)
TFC6A0F40 000:911.608 - 0.205ms returns 0
TFC6A0F40 000:911.614 JLINK_CORESIGHT_WriteAPDPReg(AP reg 0x00, 0x80000002)
TFC6A0F40 000:911.817 - 0.203ms returns 0
TFC6A0F40 000:911.823 JLINK_CORESIGHT_WriteAPDPReg(AP reg 0x01, 0x80011140)
TFC6A0F40 000:912.021 - 0.198ms returns 0
TFC6A0F40 000:912.029 JLINK_CORESIGHT_ReadAPDPReg(AP reg 0x03)
TFC6A0F40 000:912.284   Value=0x00000002
TFC6A0F40 000:912.292 - 0.263ms returns 0
TFC6A0F40 000:912.296 JLINK_CORESIGHT_WriteAPDPReg(AP reg 0x00, 0x80000002)
TFC6A0F40 000:912.503 - 0.207ms returns 0
TFC6A0F40 000:912.510 JLINK_CORESIGHT_WriteAPDPReg(AP reg 0x01, 0x80011120)
TFC6A0F40 000:912.726 - 0.216ms returns 0
TFC6A0F40 000:912.733 JLINK_CORESIGHT_WriteAPDPReg(AP reg 0x03, 0x000003D3)
TFC6A0F40 000:912.958 - 0.225ms returns 0
TFC6A0F40 000:912.968 JLINK_CORESIGHT_WriteAPDPReg(AP reg 0x00, 0x80000002)
TFC6A0F40 000:913.185 - 0.217ms returns 0
TFC6A0F40 000:913.192 JLINK_CORESIGHT_WriteAPDPReg(AP reg 0x01, 0x80011140)
TFC6A0F40 000:913.450 - 0.258ms returns 0
TFC6A0F40 000:913.486 JLINK_CORESIGHT_ReadAPDPReg(AP reg 0x03)
TFC6A0F40 000:913.762   Value=0x00000002
TFC6A0F40 000:913.783 - 0.297ms returns 0
TFC6A0F40 000:913.788 JLINK_CORESIGHT_ReadAPDPReg(AP reg 0x03)
TFC6A0F40 000:914.028   Value=0x00000002
TFC6A0F40 000:914.036 - 0.248ms returns 0
TFC6A0F40 000:914.041 JLINK_CORESIGHT_ReadAPDPReg(AP reg 0x03)
TFC6A0F40 000:914.283   Value=0x00000002
TFC6A0F40 000:914.291 - 0.250ms returns 0
TFC6A0F40 000:914.296 JLINK_CORESIGHT_ReadAPDPReg(AP reg 0x03)
TFC6A0F40 000:914.538   Value=0x00000002
TFC6A0F40 000:914.546 - 0.250ms returns 0
TFC6A0F40 000:914.550 JLINK_CORESIGHT_ReadAPDPReg(AP reg 0x03)
TFC6A0F40 000:914.795   Value=0x00000000
TFC6A0F40 000:914.802 - 0.252ms returns 0
TFC6A0F40 000:914.807 JLINK_CORESIGHT_WriteAPDPReg(AP reg 0x00, 0x80000002)
TFC6A0F40 000:915.002 - 0.196ms returns 0
TFC6A0F40 000:915.008 JLINK_CORESIGHT_WriteAPDPReg(AP reg 0x01, 0x80011130)
TFC6A0F40 000:915.238 - 0.230ms returns 0
TFC6A0F40 000:915.244 JLINK_CORESIGHT_ReadAPDPReg(AP reg 0x03)
TFC6A0F40 000:915.493   Value=0x2C020081
TFC6A0F40 000:915.500 - 0.256ms returns 0
TFC6A0F40 000:915.504 JLINK_CORESIGHT_WriteAPDPReg(AP reg 0x00, 0x80000002)
TFC6A0F40 000:915.704 - 0.199ms returns 0
TFC6A0F40 000:915.709 JLINK_CORESIGHT_WriteAPDPReg(AP reg 0x01, 0x80011140)
TFC6A0F40 000:915.899 - 0.190ms returns 0
TFC6A0F40 000:915.905 JLINK_CORESIGHT_ReadAPDPReg(AP reg 0x03)
TFC6A0F40 000:916.232   Value=0x00000000
TFC6A0F40 000:916.239 - 0.334ms returns 0
TFC6A0F40 000:916.244 JLINK_CORESIGHT_WriteAPDPReg(AP reg 0x00, 0x80000002)
TFC6A0F40 000:916.446 - 0.202ms returns 0
TFC6A0F40 000:916.451 JLINK_CORESIGHT_WriteAPDPReg(AP reg 0x01, 0x80011130)
TFC6A0F40 000:916.656 - 0.205ms returns 0
TFC6A0F40 000:916.662 JLINK_CORESIGHT_ReadAPDPReg(AP reg 0x03)
TFC6A0F40 000:916.908   Value=0x0003CE04
TFC6A0F40 000:916.915 - 0.254ms returns 0
TFC6A0F40 000:916.921 JLINK_CORESIGHT_WriteAPDPReg(AP reg 0x00, 0x80000002)
TFC6A0F40 000:917.112 - 0.190ms returns 0
TFC6A0F40 000:917.117 JLINK_CORESIGHT_WriteAPDPReg(AP reg 0x01, 0x80011140)
TFC6A0F40 000:917.312 - 0.195ms returns 0
TFC6A0F40 000:917.318 JLINK_CORESIGHT_ReadAPDPReg(AP reg 0x03)
TFC6A0F40 000:917.572   Value=0x00000002
TFC6A0F40 000:917.579 - 0.261ms returns 0
TFC6A0F40 000:917.583 JLINK_CORESIGHT_WriteAPDPReg(AP reg 0x00, 0x80000002)
TFC6A0F40 000:917.792 - 0.209ms returns 0
TFC6A0F40 000:917.797 JLINK_CORESIGHT_WriteAPDPReg(AP reg 0x01, 0x80011120)
TFC6A0F40 000:917.994 - 0.197ms returns 0
TFC6A0F40 000:918.000 JLINK_CORESIGHT_WriteAPDPReg(AP reg 0x03, 0x73010001)
TFC6A0F40 000:918.195 - 0.194ms returns 0
TFC6A0F40 000:918.200 JLINK_CORESIGHT_WriteAPDPReg(AP reg 0x00, 0x80000002)
TFC6A0F40 000:918.401 - 0.201ms returns 0
TFC6A0F40 000:918.406 JLINK_CORESIGHT_WriteAPDPReg(AP reg 0x01, 0x80011140)
TFC6A0F40 000:918.594 - 0.188ms returns 0
TFC6A0F40 000:918.599 JLINK_CORESIGHT_ReadAPDPReg(AP reg 0x03)
TFC6A0F40 000:918.839   Value=0x00000002
TFC6A0F40 000:918.846 - 0.247ms returns 0
TFC6A0F40 000:918.850 JLINK_CORESIGHT_WriteAPDPReg(AP reg 0x00, 0x80000002)
TFC6A0F40 000:919.041 - 0.191ms returns 0
TFC6A0F40 000:919.046 JLINK_CORESIGHT_WriteAPDPReg(AP reg 0x01, 0x80011120)
TFC6A0F40 000:919.285 - 0.239ms returns 0
TFC6A0F40 000:919.291 JLINK_CORESIGHT_WriteAPDPReg(AP reg 0x03, 0x0000038C)
TFC6A0F40 000:919.479 - 0.188ms returns 0
TFC6A0F40 000:919.484 JLINK_CORESIGHT_WriteAPDPReg(AP reg 0x00, 0x80000002)
TFC6A0F40 000:919.679 - 0.195ms returns 0
TFC6A0F40 000:919.684 JLINK_CORESIGHT_WriteAPDPReg(AP reg 0x01, 0x80011140)
TFC6A0F40 000:919.885 - 0.201ms returns 0
TFC6A0F40 000:919.891 JLINK_CORESIGHT_ReadAPDPReg(AP reg 0x03)
TFC6A0F40 000:920.170   Value=0x00000002
TFC6A0F40 000:920.177 - 0.286ms returns 0
TFC6A0F40 000:920.181 JLINK_CORESIGHT_ReadAPDPReg(AP reg 0x03)
TFC6A0F40 000:920.424   Value=0x00000002
TFC6A0F40 000:920.431 - 0.250ms returns 0
TFC6A0F40 000:920.435 JLINK_CORESIGHT_ReadAPDPReg(AP reg 0x03)
TFC6A0F40 000:920.740   Value=0x00000002
TFC6A0F40 000:920.749 - 0.314ms returns 0
TFC6A0F40 000:920.781 JLINK_CORESIGHT_ReadAPDPReg(AP reg 0x03)
TFC6A0F40 000:921.032   Value=0x00000002
TFC6A0F40 000:921.040 - 0.259ms returns 0
TFC6A0F40 000:921.045 JLINK_CORESIGHT_ReadAPDPReg(AP reg 0x03)
TFC6A0F40 000:921.285   Value=0x00000002
TFC6A0F40 000:921.292 - 0.247ms returns 0
TFC6A0F40 000:921.296 JLINK_CORESIGHT_ReadAPDPReg(AP reg 0x03)
TFC6A0F40 000:921.525   Value=0x00000002
TFC6A0F40 000:921.532 - 0.236ms returns 0
TFC6A0F40 000:921.536 JLINK_CORESIGHT_ReadAPDPReg(AP reg 0x03)
TFC6A0F40 000:921.769   Value=0x00000002
TFC6A0F40 000:921.775 - 0.239ms returns 0
TFC6A0F40 000:921.780 JLINK_CORESIGHT_ReadAPDPReg(AP reg 0x03)
TFC6A0F40 000:922.017   Value=0x00000002
TFC6A0F40 000:922.024 - 0.245ms returns 0
TFC6A0F40 000:922.028 JLINK_CORESIGHT_ReadAPDPReg(AP reg 0x03)
TFC6A0F40 000:922.266   Value=0x00000002
TFC6A0F40 000:922.273 - 0.245ms returns 0
TFC6A0F40 000:922.277 JLINK_CORESIGHT_ReadAPDPReg(AP reg 0x03)
TFC6A0F40 000:922.496   Value=0x00000002
TFC6A0F40 000:922.503 - 0.225ms returns 0
TFC6A0F40 000:922.507 JLINK_CORESIGHT_ReadAPDPReg(AP reg 0x03)
TFC6A0F40 000:922.740   Value=0x00000002
TFC6A0F40 000:922.747 - 0.240ms returns 0
TFC6A0F40 000:922.751 JLINK_CORESIGHT_ReadAPDPReg(AP reg 0x03)
TFC6A0F40 000:922.972   Value=0x00000002
TFC6A0F40 000:922.978 - 0.227ms returns 0
TFC6A0F40 000:922.983 JLINK_CORESIGHT_ReadAPDPReg(AP reg 0x03)
TFC6A0F40 000:923.243   Value=0x00000002
TFC6A0F40 000:923.250 - 0.267ms returns 0
TFC6A0F40 000:923.254 JLINK_CORESIGHT_ReadAPDPReg(AP reg 0x03)
TFC6A0F40 000:923.482   Value=0x00000002
TFC6A0F40 000:923.496 - 0.242ms returns 0
TFC6A0F40 000:923.510 JLINK_CORESIGHT_ReadAPDPReg(AP reg 0x03)
TFC6A0F40 000:923.750   Value=0x00000000
TFC6A0F40 000:923.757 - 0.247ms returns 0
TFC6A0F40 000:923.761 JLINK_CORESIGHT_WriteAPDPReg(AP reg 0x00, 0x80000002)
TFC6A0F40 000:923.956 - 0.194ms returns 0
TFC6A0F40 000:923.962 JLINK_CORESIGHT_WriteAPDPReg(AP reg 0x01, 0x80011130)
TFC6A0F40 000:924.189 - 0.226ms returns 0
TFC6A0F40 000:924.194 JLINK_CORESIGHT_ReadAPDPReg(AP reg 0x03)
TFC6A0F40 000:924.440   Value=0x73020081
TFC6A0F40 000:924.449 - 0.255ms returns 0
TFC6A0F40 000:924.454 JLINK_CORESIGHT_WriteAPDPReg(AP reg 0x00, 0x80000002)
TFC6A0F40 000:924.644 - 0.190ms returns 0
TFC6A0F40 000:924.650 JLINK_CORESIGHT_WriteAPDPReg(AP reg 0x01, 0x80011140)
TFC6A0F40 000:924.833 - 0.183ms returns 0
TFC6A0F40 000:924.839 JLINK_CORESIGHT_ReadAPDPReg(AP reg 0x03)
TFC6A0F40 000:925.100   Value=0x00000000
TFC6A0F40 000:925.108 - 0.269ms returns 0
TFC6A0F40 000:925.113 JLINK_CORESIGHT_WriteAPDPReg(AP reg 0x00, 0x80000002)
TFC6A0F40 000:925.306 - 0.192ms returns 0
TFC6A0F40 000:925.311 JLINK_CORESIGHT_WriteAPDPReg(AP reg 0x01, 0x80011130)
TFC6A0F40 000:925.478 - 0.167ms returns 0
TFC6A0F40 000:925.484 JLINK_CORESIGHT_ReadAPDPReg(AP reg 0x03)
TFC6A0F40 000:925.720   Value=0x00038902
TFC6A0F40 000:925.727 - 0.242ms returns 0
TFC6A0F40 000:925.732 JLINK_CORESIGHT_WriteAPDPReg(AP reg 0x00, 0x80000002)
TFC6A0F40 000:925.931 - 0.199ms returns 0
TFC6A0F40 000:925.938 JLINK_CORESIGHT_WriteAPDPReg(AP reg 0x01, 0x80011140)
TFC6A0F40 000:926.162 - 0.225ms returns 0
TFC6A0F40 000:926.168 JLINK_CORESIGHT_ReadAPDPReg(AP reg 0x03)
TFC6A0F40 000:926.401   Value=0x00000002
TFC6A0F40 000:926.408 - 0.240ms returns 0
TFC6A0F40 000:926.412 JLINK_CORESIGHT_WriteAPDPReg(AP reg 0x00, 0x80000002)
TFC6A0F40 000:926.602 - 0.190ms returns 0
TFC6A0F40 000:926.607 JLINK_CORESIGHT_WriteAPDPReg(AP reg 0x01, 0x80011120)
TFC6A0F40 000:926.816 - 0.208ms returns 0
TFC6A0F40 000:926.821 JLINK_CORESIGHT_WriteAPDPReg(AP reg 0x03, 0x75010001)
TFC6A0F40 000:927.058 - 0.237ms returns 0
TFC6A0F40 000:927.064 JLINK_CORESIGHT_WriteAPDPReg(AP reg 0x00, 0x80000002)
TFC6A0F40 000:927.269 - 0.205ms returns 0
TFC6A0F40 000:927.275 JLINK_CORESIGHT_WriteAPDPReg(AP reg 0x01, 0x80011140)
TFC6A0F40 000:927.518 - 0.243ms returns 0
TFC6A0F40 000:927.525 JLINK_CORESIGHT_ReadAPDPReg(AP reg 0x03)
TFC6A0F40 000:927.770   Value=0x00000002
TFC6A0F40 000:927.778 - 0.253ms returns 0
TFC6A0F40 000:927.793 JLINK_CORESIGHT_WriteAPDPReg(AP reg 0x00, 0x80000002)
TFC6A0F40 000:928.036 - 0.243ms returns 0
TFC6A0F40 000:928.042 JLINK_CORESIGHT_WriteAPDPReg(AP reg 0x01, 0x80011120)
TFC6A0F40 000:928.239 - 0.197ms returns 0
TFC6A0F40 000:928.245 JLINK_CORESIGHT_WriteAPDPReg(AP reg 0x03, 0x0000038A)
TFC6A0F40 000:928.434 - 0.189ms returns 0
TFC6A0F40 000:928.439 JLINK_CORESIGHT_WriteAPDPReg(AP reg 0x00, 0x80000002)
TFC6A0F40 000:928.638 - 0.198ms returns 0
TFC6A0F40 000:928.643 JLINK_CORESIGHT_WriteAPDPReg(AP reg 0x01, 0x80011140)
TFC6A0F40 000:928.845 - 0.202ms returns 0
TFC6A0F40 000:928.850 JLINK_CORESIGHT_ReadAPDPReg(AP reg 0x03)
TFC6A0F40 000:929.100   Value=0x00000002
TFC6A0F40 000:929.106 - 0.256ms returns 0
TFC6A0F40 000:929.110 JLINK_CORESIGHT_ReadAPDPReg(AP reg 0x03)
TFC6A0F40 000:929.339   Value=0x00000002
TFC6A0F40 000:929.345 - 0.235ms returns 0
TFC6A0F40 000:929.349 JLINK_CORESIGHT_ReadAPDPReg(AP reg 0x03)
TFC6A0F40 000:929.582   Value=0x00000002
TFC6A0F40 000:929.588 - 0.239ms returns 0
TFC6A0F40 000:929.592 JLINK_CORESIGHT_ReadAPDPReg(AP reg 0x03)
TFC6A0F40 000:929.832   Value=0x00000002
TFC6A0F40 000:929.838 - 0.246ms returns 0
TFC6A0F40 000:929.842 JLINK_CORESIGHT_ReadAPDPReg(AP reg 0x03)
TFC6A0F40 000:930.079   Value=0x00000002
TFC6A0F40 000:930.085 - 0.243ms returns 0
TFC6A0F40 000:930.089 JLINK_CORESIGHT_ReadAPDPReg(AP reg 0x03)
TFC6A0F40 000:930.325   Value=0x00000002
TFC6A0F40 000:930.332 - 0.242ms returns 0
TFC6A0F40 000:930.335 JLINK_CORESIGHT_ReadAPDPReg(AP reg 0x03)
TFC6A0F40 000:930.581   Value=0x00000002
TFC6A0F40 000:930.588 - 0.253ms returns 0
TFC6A0F40 000:930.592 JLINK_CORESIGHT_ReadAPDPReg(AP reg 0x03)
TFC6A0F40 000:930.822   Value=0x00000002
TFC6A0F40 000:930.828 - 0.236ms returns 0
TFC6A0F40 000:930.832 JLINK_CORESIGHT_ReadAPDPReg(AP reg 0x03)
TFC6A0F40 000:931.065   Value=0x00000002
TFC6A0F40 000:931.072 - 0.240ms returns 0
TFC6A0F40 000:931.076 JLINK_CORESIGHT_ReadAPDPReg(AP reg 0x03)
TFC6A0F40 000:931.311   Value=0x00000002
TFC6A0F40 000:931.321 - 0.245ms returns 0
TFC6A0F40 000:931.325 JLINK_CORESIGHT_ReadAPDPReg(AP reg 0x03)
TFC6A0F40 000:931.565   Value=0x00000002
TFC6A0F40 000:931.573 - 0.248ms returns 0
TFC6A0F40 000:931.577 JLINK_CORESIGHT_ReadAPDPReg(AP reg 0x03)
TFC6A0F40 000:931.844   Value=0x00000002
TFC6A0F40 000:931.852 - 0.275ms returns 0
TFC6A0F40 000:931.856 JLINK_CORESIGHT_ReadAPDPReg(AP reg 0x03)
TFC6A0F40 000:932.115   Value=0x00000002
TFC6A0F40 000:932.121 - 0.265ms returns 0
TFC6A0F40 000:932.125 JLINK_CORESIGHT_ReadAPDPReg(AP reg 0x03)
TFC6A0F40 000:932.364   Value=0x00000002
TFC6A0F40 000:932.371 - 0.246ms returns 0
TFC6A0F40 000:932.375 JLINK_CORESIGHT_ReadAPDPReg(AP reg 0x03)
TFC6A0F40 000:932.599   Value=0x00000002
TFC6A0F40 000:932.606 - 0.231ms returns 0
TFC6A0F40 000:932.610 JLINK_CORESIGHT_ReadAPDPReg(AP reg 0x03)
TFC6A0F40 000:932.834   Value=0x00000000
TFC6A0F40 000:932.840 - 0.230ms returns 0
TFC6A0F40 000:932.845 JLINK_CORESIGHT_WriteAPDPReg(AP reg 0x00, 0x80000002)
TFC6A0F40 000:933.038 - 0.194ms returns 0
TFC6A0F40 000:933.043 JLINK_CORESIGHT_WriteAPDPReg(AP reg 0x01, 0x80011130)
TFC6A0F40 000:933.228 - 0.184ms returns 0
TFC6A0F40 000:933.233 JLINK_CORESIGHT_ReadAPDPReg(AP reg 0x03)
TFC6A0F40 000:933.462   Value=0x75020081
TFC6A0F40 000:933.468 - 0.236ms returns 0
TFC6A0F40 000:933.472 JLINK_CORESIGHT_WriteAPDPReg(AP reg 0x00, 0x80000002)
TFC6A0F40 000:933.652 - 0.180ms returns 0
TFC6A0F40 000:933.658 JLINK_CORESIGHT_WriteAPDPReg(AP reg 0x01, 0x80011140)
TFC6A0F40 000:933.933 - 0.276ms returns 0
TFC6A0F40 000:933.938 JLINK_CORESIGHT_ReadAPDPReg(AP reg 0x03)
TFC6A0F40 000:934.181   Value=0x00000000
TFC6A0F40 000:934.188 - 0.250ms returns 0
TFC6A0F40 000:934.192 JLINK_CORESIGHT_WriteAPDPReg(AP reg 0x00, 0x80000002)
TFC6A0F40 000:934.392 - 0.200ms returns 0
TFC6A0F40 000:934.397 JLINK_CORESIGHT_WriteAPDPReg(AP reg 0x01, 0x80011130)
TFC6A0F40 000:934.611 - 0.214ms returns 0
TFC6A0F40 000:934.617 JLINK_CORESIGHT_ReadAPDPReg(AP reg 0x03)
TFC6A0F40 000:934.926   Value=0x00038702
TFC6A0F40 000:934.944 - 0.327ms returns 0
TFC6A0F40 000:934.958 JLINK_CORESIGHT_WriteAPDPReg(AP reg 0x00, 0x80000002)
TFC6A0F40 000:935.170 - 0.213ms returns 0
TFC6A0F40 000:935.175 JLINK_CORESIGHT_WriteAPDPReg(AP reg 0x01, 0x80011140)
TFC6A0F40 000:935.394 - 0.219ms returns 0
TFC6A0F40 000:935.400 JLINK_CORESIGHT_ReadAPDPReg(AP reg 0x03)
TFC6A0F40 000:935.664   Value=0x00000002
TFC6A0F40 000:935.671 - 0.271ms returns 0
TFC6A0F40 000:935.932 JLINK_CORESIGHT_WriteAPDPReg(AP reg 0x00, 0x80000002)
TFC6A0F40 000:936.150 - 0.219ms returns 0
TFC6A0F40 000:936.156 JLINK_CORESIGHT_WriteAPDPReg(AP reg 0x01, 0x80011120)
TFC6A0F40 000:936.360 - 0.204ms returns 0
TFC6A0F40 000:936.365 JLINK_CORESIGHT_WriteAPDPReg(AP reg 0x03, 0x4F010001)
TFC6A0F40 000:936.540 - 0.175ms returns 0
TFC6A0F40 000:936.546 JLINK_CORESIGHT_WriteAPDPReg(AP reg 0x00, 0x80000002)
TFC6A0F40 000:936.721 - 0.175ms returns 0
TFC6A0F40 000:936.726 JLINK_CORESIGHT_WriteAPDPReg(AP reg 0x01, 0x80011140)
TFC6A0F40 000:936.901 - 0.175ms returns 0
TFC6A0F40 000:936.908 JLINK_CORESIGHT_ReadAPDPReg(AP reg 0x03)
TFC6A0F40 000:937.158   Value=0x00000002
TFC6A0F40 000:937.165 - 0.256ms returns 0
TFC6A0F40 000:937.168 JLINK_CORESIGHT_WriteAPDPReg(AP reg 0x00, 0x80000002)
TFC6A0F40 000:937.364 - 0.196ms returns 0
TFC6A0F40 000:937.369 JLINK_CORESIGHT_WriteAPDPReg(AP reg 0x01, 0x80011120)
TFC6A0F40 000:937.569 - 0.200ms returns 0
TFC6A0F40 000:937.573 JLINK_CORESIGHT_WriteAPDPReg(AP reg 0x03, 0x000003B0)
TFC6A0F40 000:937.773 - 0.200ms returns 0
TFC6A0F40 000:937.778 JLINK_CORESIGHT_WriteAPDPReg(AP reg 0x00, 0x80000002)
TFC6A0F40 000:937.980 - 0.201ms returns 0
TFC6A0F40 000:937.984 JLINK_CORESIGHT_WriteAPDPReg(AP reg 0x01, 0x80011140)
TFC6A0F40 000:938.181 - 0.197ms returns 0
TFC6A0F40 000:938.186 JLINK_CORESIGHT_ReadAPDPReg(AP reg 0x03)
TFC6A0F40 000:938.439   Value=0x00000002
TFC6A0F40 000:938.445 - 0.259ms returns 0
TFC6A0F40 000:938.449 JLINK_CORESIGHT_ReadAPDPReg(AP reg 0x03)
TFC6A0F40 000:938.681   Value=0x00000002
TFC6A0F40 000:938.686 - 0.237ms returns 0
TFC6A0F40 000:938.690 JLINK_CORESIGHT_ReadAPDPReg(AP reg 0x03)
TFC6A0F40 000:938.919   Value=0x00000002
TFC6A0F40 000:938.925 - 0.235ms returns 0
TFC6A0F40 000:938.928 JLINK_CORESIGHT_ReadAPDPReg(AP reg 0x03)
TFC6A0F40 000:939.159   Value=0x00000002
TFC6A0F40 000:939.166 - 0.238ms returns 0
TFC6A0F40 000:939.170 JLINK_CORESIGHT_ReadAPDPReg(AP reg 0x03)
TFC6A0F40 000:939.396   Value=0x00000002
TFC6A0F40 000:939.402 - 0.232ms returns 0
TFC6A0F40 000:939.405 JLINK_CORESIGHT_ReadAPDPReg(AP reg 0x03)
TFC6A0F40 000:939.632   Value=0x00000002
TFC6A0F40 000:939.639 - 0.234ms returns 0
TFC6A0F40 000:939.643 JLINK_CORESIGHT_ReadAPDPReg(AP reg 0x03)
TFC6A0F40 000:939.875   Value=0x00000002
TFC6A0F40 000:939.882 - 0.239ms returns 0
TFC6A0F40 000:939.885 JLINK_CORESIGHT_ReadAPDPReg(AP reg 0x03)
TFC6A0F40 000:940.100   Value=0x00000002
TFC6A0F40 000:940.107 - 0.222ms returns 0
TFC6A0F40 000:940.110 JLINK_CORESIGHT_ReadAPDPReg(AP reg 0x03)
TFC6A0F40 000:940.328   Value=0x00000002
TFC6A0F40 000:940.335 - 0.225ms returns 0
TFC6A0F40 000:940.339 JLINK_CORESIGHT_ReadAPDPReg(AP reg 0x03)
TFC6A0F40 000:940.589   Value=0x00000002
TFC6A0F40 000:940.595 - 0.256ms returns 0
TFC6A0F40 000:940.599 JLINK_CORESIGHT_ReadAPDPReg(AP reg 0x03)
TFC6A0F40 000:940.833   Value=0x00000002
TFC6A0F40 000:940.839 - 0.240ms returns 0
TFC6A0F40 000:940.843 JLINK_CORESIGHT_ReadAPDPReg(AP reg 0x03)
TFC6A0F40 000:941.062   Value=0x00000002
TFC6A0F40 000:941.070 - 0.227ms returns 0
TFC6A0F40 000:941.074 JLINK_CORESIGHT_ReadAPDPReg(AP reg 0x03)
TFC6A0F40 000:941.328   Value=0x00000002
TFC6A0F40 000:941.338 - 0.264ms returns 0
TFC6A0F40 000:941.342 JLINK_CORESIGHT_ReadAPDPReg(AP reg 0x03)
TFC6A0F40 000:941.570   Value=0x00000002
TFC6A0F40 000:941.576 - 0.234ms returns 0
TFC6A0F40 000:941.579 JLINK_CORESIGHT_ReadAPDPReg(AP reg 0x03)
TFC6A0F40 000:941.804   Value=0x00000002
TFC6A0F40 000:941.811 - 0.232ms returns 0
TFC6A0F40 000:941.814 JLINK_CORESIGHT_ReadAPDPReg(AP reg 0x03)
TFC6A0F40 000:942.089   Value=0x00000000
TFC6A0F40 000:942.099 - 0.285ms returns 0
TFC6A0F40 000:942.103 JLINK_CORESIGHT_WriteAPDPReg(AP reg 0x00, 0x80000002)
TFC6A0F40 000:942.285 - 0.182ms returns 0
TFC6A0F40 000:942.291 JLINK_CORESIGHT_WriteAPDPReg(AP reg 0x01, 0x80011130)
TFC6A0F40 000:942.528 - 0.237ms returns 0
TFC6A0F40 000:942.533 JLINK_CORESIGHT_ReadAPDPReg(AP reg 0x03)
TFC6A0F40 000:942.790   Value=0x4F0B0081
TFC6A0F40 000:942.797 - 0.264ms returns 0
TFC6A0F40 000:942.800 JLINK_CORESIGHT_WriteAPDPReg(AP reg 0x00, 0x80000002)
TFC6A0F40 000:942.998 - 0.197ms returns 0
TFC6A0F40 000:943.003 JLINK_CORESIGHT_WriteAPDPReg(AP reg 0x01, 0x80011140)
TFC6A0F40 000:943.206 - 0.204ms returns 0
TFC6A0F40 000:943.212 JLINK_CORESIGHT_ReadAPDPReg(AP reg 0x03)
TFC6A0F40 000:943.463   Value=0x00000000
TFC6A0F40 000:943.469 - 0.257ms returns 0
TFC6A0F40 000:943.473 JLINK_CORESIGHT_WriteAPDPReg(AP reg 0x00, 0x80000002)
TFC6A0F40 000:943.663 - 0.190ms returns 0
TFC6A0F40 000:943.669 JLINK_CORESIGHT_WriteAPDPReg(AP reg 0x01, 0x80011130)
TFC6A0F40 000:943.882 - 0.213ms returns 0
TFC6A0F40 000:943.888 JLINK_CORESIGHT_ReadAPDPReg(AP reg 0x03)
TFC6A0F40 000:944.139   Value=0x20000000
TFC6A0F40 000:944.144 - 0.256ms returns 0
TFC6A0F40 000:944.148 JLINK_CORESIGHT_WriteAPDPReg(AP reg 0x00, 0x80000002)
TFC6A0F40 000:944.339 - 0.191ms returns 0
TFC6A0F40 000:944.344 JLINK_CORESIGHT_WriteAPDPReg(AP reg 0x01, 0x80011140)
TFC6A0F40 000:944.543 - 0.199ms returns 0
TFC6A0F40 000:944.548 JLINK_CORESIGHT_ReadAPDPReg(AP reg 0x03)
TFC6A0F40 000:944.792   Value=0x00000000
TFC6A0F40 000:944.800 - 0.252ms returns 0
TFC6A0F40 000:944.804 JLINK_CORESIGHT_WriteAPDPReg(AP reg 0x00, 0x80000002)
TFC6A0F40 000:945.004 - 0.201ms returns 0
TFC6A0F40 000:945.012 JLINK_CORESIGHT_WriteAPDPReg(AP reg 0x01, 0x80011130)
TFC6A0F40 000:945.217 - 0.205ms returns 0
TFC6A0F40 000:945.222 JLINK_CORESIGHT_ReadAPDPReg(AP reg 0x03)
TFC6A0F40 000:945.465   Value=0x00000000
TFC6A0F40 000:945.475 - 0.253ms returns 0
TFC6A0F40 000:945.479 JLINK_CORESIGHT_WriteAPDPReg(AP reg 0x00, 0x80000002)
TFC6A0F40 000:945.744 - 0.265ms returns 0
TFC6A0F40 000:945.749 JLINK_CORESIGHT_WriteAPDPReg(AP reg 0x01, 0x80011140)
TFC6A0F40 000:945.947 - 0.198ms returns 0
TFC6A0F40 000:945.952 JLINK_CORESIGHT_ReadAPDPReg(AP reg 0x03)
TFC6A0F40 000:946.206   Value=0x00000000
TFC6A0F40 000:946.212 - 0.260ms returns 0
TFC6A0F40 000:946.216 JLINK_CORESIGHT_WriteAPDPReg(AP reg 0x00, 0x80000002)
TFC6A0F40 000:946.409 - 0.193ms returns 0
TFC6A0F40 000:946.414 JLINK_CORESIGHT_WriteAPDPReg(AP reg 0x01, 0x80011130)
TFC6A0F40 000:946.601 - 0.187ms returns 0
TFC6A0F40 000:946.606 JLINK_CORESIGHT_ReadAPDPReg(AP reg 0x03)
TFC6A0F40 000:946.877   Value=0x03860000
TFC6A0F40 000:946.886 - 0.280ms returns 0
TFC6A0F40 000:947.018 JLINK_CORESIGHT_ReadAPDPReg(DP reg 0x01)
TFC6A0F40 000:947.284   Value=0xF0000F40
TFC6A0F40 000:947.291 - 0.273ms returns 0
TFC6A0F40 000:947.294 JLINK_CORESIGHT_WriteAPDPReg(DP reg 0x01, 0xA0000F40)
TFC6A0F40 000:947.507 - 0.213ms returns 0
TFC6A0F40 000:947.516 JLINK_CORESIGHT_ReadAPDPReg(DP reg 0x01)
TFC6A0F40 000:947.712   Value=0x00000F40
TFC6A0F40 000:947.721 - 0.205ms returns 0
TFC6A0F40 000:947.726 JLINK_ClrRESET()
TFC6A0F40 000:947.953 - 0.226ms 
TFC6A0F40 001:054.910 JLINK_Close()
TFC6A0F40 001:071.272 - 16.362ms
TFC6A0F40 001:071.310   
TFC6A0F40 001:071.316   Closed
