TFC6A0F40 000:003.603   SEGGER J-Link V8.44a Log File
TFC6A0F40 000:003.881   DLL Compiled: Jun 18 2025 16:32:45
TFC6A0F40 000:003.885   Logging started @ 2025-07-18 07:05
TFC6A0F40 000:003.888   Process: /Users/kim_kyoungkun/.eclipse/com.renesas.platform_589702750/DebugComp/RA/e2-server-gdb
TFC6A0F40 000:003.904 - 3.892ms 
TFC6A0F40 000:003.931 JLINK_GetDLLVersion()
TFC6A0F40 000:003.934 - 0.014ms returns 84401
TFC6A0F40 000:009.215 JLINK_OpenEx(...)
TFC6A0F40 000:013.964   Firmware: J-Link OB-RA4M2 compiled Jul  8 2025 10:15:56
TFC6A0F40 000:014.515   Firmware: J-Link OB-RA4M2 compiled Jul  8 2025 10:15:56
TFC6A0F40 000:026.056   Hardware: V1.00
TFC6A0F40 000:026.083   S/N: 1089748421
TFC6A0F40 000:026.088   OEM: SEGGER
TFC6A0F40 000:026.093   Feature(s): None
TFC6A0F40 000:026.705   Bootloader: 2021 May 14
TFC6A0F40 000:027.049   USB speed mode: Full speed (12 MBit/s)
TFC6A0F40 000:027.828   TELNET listener socket opened on port 19021
TFC6A0F40 000:027.877   WEBSRV WEBSRV_Init(): Starting webserver thread(s)
TFC6A0F40 000:027.926   WEBSRV Webserver running on local port 19080
TFC6A0F40 000:027.938   Looking for J-Link GUI Server exe at: /Users/kim_kyoungkun/.eclipse/com.renesas.platform_589702750/DebugComp/RA/ARM/Segger_v8.44.1/JLinkGUIServerExe
TFC6A0F40 000:027.953   Looking for J-Link GUI Server exe at: /Applications/SEGGER/JLink/JLinkGUIServerExe
TFC6A0F40 000:027.985   Forking J-Link GUI Server: /Applications/SEGGER/JLink/JLinkGUIServerExe
TFC6A0F40 000:515.508   J-Link GUI Server info: "J-Link GUI server V8.52 "
TFC6A0F40 000:537.362 - 528.146ms returns "O.K."
TFC6A0F40 000:537.431 JLINK_TIF_Select(JLINKARM_TIF_SWD)
TFC6A0F40 000:538.074 - 0.642ms returns 0x00
TFC6A0F40 000:538.099 JLINK_ClrRESET()
TFC6A0F40 000:538.322 - 0.224ms 
TFC6A0F40 000:592.498 JLINK_SetSpeed(1500)
TFC6A0F40 000:592.693 - 0.195ms 
TFC6A0F40 000:592.704 JLINK_CORESIGHT_Configure(PerformTIFInit=0)
TFC6A0F40 000:593.273 - 0.569ms returns 0
TFC6A0F40 000:593.281 JLINK_CORESIGHT_ReadAPDPReg(DP reg 0x00)
TFC6A0F40 000:593.681   Value=0x6BA02477
TFC6A0F40 000:593.690 - 0.408ms returns 0
TFC6A0F40 000:593.694 JLINK_CORESIGHT_WriteAPDPReg(DP reg 0x00, 0x0000001F)
TFC6A0F40 000:593.906 - 0.212ms returns 0
TFC6A0F40 000:593.913 JLINK_CORESIGHT_ReadAPDPReg(DP reg 0x00)
TFC6A0F40 000:594.153   Value=0x6BA02477
TFC6A0F40 000:594.160 - 0.247ms returns 0
TFC6A0F40 000:594.164 JLINK_CORESIGHT_WriteAPDPReg(DP reg 0x02, 0x00000000)
TFC6A0F40 000:594.372 - 0.208ms returns 0
TFC6A0F40 000:594.378 JLINK_CORESIGHT_WriteAPDPReg(DP reg 0x01, 0x50000000)
TFC6A0F40 000:594.577 - 0.199ms returns 0
TFC6A0F40 000:594.584 JLINK_CORESIGHT_ReadAPDPReg(DP reg 0x01)
TFC6A0F40 000:594.782   Value=0xF0000040
TFC6A0F40 000:594.789 - 0.205ms returns 0
TFC6A0F40 000:594.793 JLINK_CORESIGHT_WriteAPDPReg(DP reg 0x00, 0x0000001F)
TFC6A0F40 000:594.993 - 0.200ms returns 0
TFC6A0F40 000:594.999 JLINK_CORESIGHT_ReadAPDPReg(DP reg 0x00)
TFC6A0F40 000:595.235   Value=0x6BA02477
TFC6A0F40 000:595.242 - 0.243ms returns 0
TFC6A0F40 000:595.248 JLINK_CORESIGHT_WriteAPDPReg(DP reg 0x01, 0x54000000)
TFC6A0F40 000:595.428 - 0.180ms returns 0
TFC6A0F40 000:595.435 JLINK_CORESIGHT_WriteAPDPReg(DP reg 0x01, 0x50000F00)
TFC6A0F40 000:595.613 - 0.178ms returns 0
TFC6A0F40 000:595.620 JLINK_CORESIGHT_WriteAPDPReg(DP reg 0x02, 0x01000000)
TFC6A0F40 000:595.796 - 0.177ms returns 0
TFC6A0F40 000:595.802 JLINK_CORESIGHT_WriteAPDPReg(AP reg 0x00, 0x80000002)
TFC6A0F40 000:595.984 - 0.182ms returns 0
TFC6A0F40 000:595.990 JLINK_CORESIGHT_WriteAPDPReg(AP reg 0x01, 0x80011100)
TFC6A0F40 000:596.229 - 0.239ms returns 0
TFC6A0F40 000:596.235 JLINK_CORESIGHT_WriteAPDPReg(AP reg 0x03, 0x000000A5)
TFC6A0F40 000:596.422 - 0.187ms returns 0
TFC6A0F40 000:596.428 JLINK_CORESIGHT_WriteAPDPReg(AP reg 0x00, 0x80000002)
TFC6A0F40 000:596.622 - 0.194ms returns 0
TFC6A0F40 000:596.629 JLINK_CORESIGHT_WriteAPDPReg(AP reg 0x01, 0x80011100)
TFC6A0F40 000:596.841 - 0.212ms returns 0
TFC6A0F40 000:596.848 JLINK_CORESIGHT_ReadAPDPReg(AP reg 0x03)
TFC6A0F40 000:597.101   Value=0x000000A5
TFC6A0F40 000:597.117 - 0.269ms returns 0
TFC6A0F40 000:597.393 JLINK_ClrTMS()
TFC6A0F40 000:597.476 - 0.084ms 
TFC6A0F40 000:603.643 JLINK_SetTCK()
TFC6A0F40 000:603.780 - 0.136ms returns 0
TFC6A0F40 000:609.944 JLINK_SetRESET()
TFC6A0F40 000:610.080 - 0.136ms 
TFC6A0F40 000:808.646 JLINK_CORESIGHT_WriteAPDPReg(AP reg 0x00, 0x80000002)
TFC6A0F40 000:810.588 - 1.944ms returns 0
TFC6A0F40 000:811.118 JLINK_CORESIGHT_WriteAPDPReg(AP reg 0x01, 0x80011100)
TFC6A0F40 000:811.470 - 0.352ms returns 0
TFC6A0F40 000:811.485 JLINK_CORESIGHT_ReadAPDPReg(AP reg 0x03)
TFC6A0F40 000:811.767   Value=0x00000000
TFC6A0F40 000:811.787 - 0.301ms returns 0
TFC6A0F40 000:811.803 JLINK_CORESIGHT_WriteAPDPReg(AP reg 0x00, 0x80000002)
TFC6A0F40 000:812.032 - 0.229ms returns 0
TFC6A0F40 000:812.046 JLINK_CORESIGHT_WriteAPDPReg(AP reg 0x01, 0x80011140)
TFC6A0F40 000:812.263 - 0.217ms returns 0
TFC6A0F40 000:812.283 JLINK_CORESIGHT_ReadAPDPReg(AP reg 0x03)
TFC6A0F40 000:812.592   Value=0x00000002
TFC6A0F40 000:812.610 - 0.326ms returns 0
TFC6A0F40 000:812.623 JLINK_CORESIGHT_WriteAPDPReg(AP reg 0x00, 0x80000002)
TFC6A0F40 000:812.845 - 0.221ms returns 0
TFC6A0F40 000:812.863 JLINK_CORESIGHT_WriteAPDPReg(AP reg 0x01, 0x80011120)
TFC6A0F40 000:813.129 - 0.264ms returns 0
TFC6A0F40 000:813.190 JLINK_CORESIGHT_WriteAPDPReg(AP reg 0x03, 0x00000055)
TFC6A0F40 000:813.498 - 0.308ms returns 0
TFC6A0F40 000:813.516 JLINK_CORESIGHT_WriteAPDPReg(AP reg 0x00, 0x80000002)
TFC6A0F40 000:813.770 - 0.253ms returns 0
TFC6A0F40 000:813.786 JLINK_CORESIGHT_WriteAPDPReg(AP reg 0x01, 0x80011140)
TFC6A0F40 000:814.035 - 0.250ms returns 0
TFC6A0F40 000:814.052 JLINK_CORESIGHT_ReadAPDPReg(AP reg 0x03)
TFC6A0F40 000:814.350   Value=0x00000002
TFC6A0F40 000:814.368 - 0.316ms returns 0
TFC6A0F40 000:814.380 JLINK_CORESIGHT_ReadAPDPReg(AP reg 0x03)
TFC6A0F40 000:814.734   Value=0x00000002
TFC6A0F40 000:814.752 - 0.372ms returns 0
TFC6A0F40 000:814.762 JLINK_CORESIGHT_ReadAPDPReg(AP reg 0x03)
TFC6A0F40 000:815.064   Value=0x00000002
TFC6A0F40 000:815.081 - 0.319ms returns 0
TFC6A0F40 000:815.092 JLINK_CORESIGHT_ReadAPDPReg(AP reg 0x03)
TFC6A0F40 000:815.382   Value=0x00000002
TFC6A0F40 000:815.399 - 0.308ms returns 0
TFC6A0F40 000:815.411 JLINK_CORESIGHT_ReadAPDPReg(AP reg 0x03)
TFC6A0F40 000:815.727   Value=0x00000002
TFC6A0F40 000:815.743 - 0.332ms returns 0
TFC6A0F40 000:815.754 JLINK_CORESIGHT_ReadAPDPReg(AP reg 0x03)
TFC6A0F40 000:816.046   Value=0x00000002
TFC6A0F40 000:816.063 - 0.309ms returns 0
TFC6A0F40 000:816.074 JLINK_CORESIGHT_ReadAPDPReg(AP reg 0x03)
TFC6A0F40 000:816.359   Value=0x00000002
TFC6A0F40 000:816.376 - 0.302ms returns 0
TFC6A0F40 000:816.387 JLINK_CORESIGHT_ReadAPDPReg(AP reg 0x03)
TFC6A0F40 000:816.696   Value=0x00000002
TFC6A0F40 000:816.716 - 0.330ms returns 0
TFC6A0F40 000:816.726 JLINK_CORESIGHT_ReadAPDPReg(AP reg 0x03)
TFC6A0F40 000:817.024   Value=0x00000002
TFC6A0F40 000:817.041 - 0.315ms returns 0
TFC6A0F40 000:817.051 JLINK_CORESIGHT_ReadAPDPReg(AP reg 0x03)
TFC6A0F40 000:817.340   Value=0x00000002
TFC6A0F40 000:817.357 - 0.306ms returns 0
TFC6A0F40 000:817.367 JLINK_CORESIGHT_ReadAPDPReg(AP reg 0x03)
TFC6A0F40 000:817.684   Value=0x00000002
TFC6A0F40 000:817.700 - 0.333ms returns 0
TFC6A0F40 000:817.711 JLINK_CORESIGHT_ReadAPDPReg(AP reg 0x03)
TFC6A0F40 000:817.994   Value=0x00000002
TFC6A0F40 000:818.011 - 0.300ms returns 0
TFC6A0F40 000:818.021 JLINK_CORESIGHT_ReadAPDPReg(AP reg 0x03)
TFC6A0F40 000:818.306   Value=0x00000002
TFC6A0F40 000:818.323 - 0.302ms returns 0
TFC6A0F40 000:818.333 JLINK_CORESIGHT_ReadAPDPReg(AP reg 0x03)
TFC6A0F40 000:818.683   Value=0x00000002
TFC6A0F40 000:818.697 - 0.364ms returns 0
TFC6A0F40 000:818.706 JLINK_CORESIGHT_ReadAPDPReg(AP reg 0x03)
TFC6A0F40 000:818.985   Value=0x00000002
TFC6A0F40 000:818.999 - 0.292ms returns 0
TFC6A0F40 000:819.007 JLINK_CORESIGHT_ReadAPDPReg(AP reg 0x03)
TFC6A0F40 000:819.290   Value=0x00000002
TFC6A0F40 000:819.304 - 0.297ms returns 0
TFC6A0F40 000:819.312 JLINK_CORESIGHT_ReadAPDPReg(AP reg 0x03)
TFC6A0F40 000:819.646   Value=0x00000002
TFC6A0F40 000:819.660 - 0.348ms returns 0
TFC6A0F40 000:819.668 JLINK_CORESIGHT_ReadAPDPReg(AP reg 0x03)
TFC6A0F40 000:819.935   Value=0x00000002
TFC6A0F40 000:819.951 - 0.283ms returns 0
TFC6A0F40 000:819.960 JLINK_CORESIGHT_ReadAPDPReg(AP reg 0x03)
TFC6A0F40 000:820.229   Value=0x00000002
TFC6A0F40 000:820.245 - 0.286ms returns 0
TFC6A0F40 000:820.253 JLINK_CORESIGHT_ReadAPDPReg(AP reg 0x03)
TFC6A0F40 000:820.530   Value=0x00000002
TFC6A0F40 000:820.545 - 0.292ms returns 0
TFC6A0F40 000:820.553 JLINK_CORESIGHT_ReadAPDPReg(AP reg 0x03)
TFC6A0F40 000:820.838   Value=0x00000002
TFC6A0F40 000:820.852 - 0.299ms returns 0
TFC6A0F40 000:820.861 JLINK_CORESIGHT_ReadAPDPReg(AP reg 0x03)
TFC6A0F40 000:821.140   Value=0x00000002
TFC6A0F40 000:821.154 - 0.294ms returns 0
TFC6A0F40 000:821.162 JLINK_CORESIGHT_ReadAPDPReg(AP reg 0x03)
TFC6A0F40 000:821.477   Value=0x00000002
TFC6A0F40 000:821.493 - 0.331ms returns 0
TFC6A0F40 000:821.502 JLINK_CORESIGHT_ReadAPDPReg(AP reg 0x03)
TFC6A0F40 000:821.805   Value=0x00000002
TFC6A0F40 000:821.832 - 0.330ms returns 0
TFC6A0F40 000:821.843 JLINK_CORESIGHT_ReadAPDPReg(AP reg 0x03)
TFC6A0F40 000:822.282   Value=0x00000002
TFC6A0F40 000:822.312 - 0.470ms returns 0
TFC6A0F40 000:822.330 JLINK_CORESIGHT_ReadAPDPReg(AP reg 0x03)
TFC6A0F40 000:822.633   Value=0x00000002
TFC6A0F40 000:822.659 - 0.329ms returns 0
TFC6A0F40 000:822.678 JLINK_CORESIGHT_ReadAPDPReg(AP reg 0x03)
TFC6A0F40 000:822.984   Value=0x00000002
TFC6A0F40 000:823.002 - 0.325ms returns 0
TFC6A0F40 000:823.016 JLINK_CORESIGHT_ReadAPDPReg(AP reg 0x03)
TFC6A0F40 000:823.296   Value=0x00000002
TFC6A0F40 000:823.313 - 0.297ms returns 0
TFC6A0F40 000:823.327 JLINK_CORESIGHT_ReadAPDPReg(AP reg 0x03)
TFC6A0F40 000:823.595   Value=0x00000002
TFC6A0F40 000:823.609 - 0.282ms returns 0
TFC6A0F40 000:823.621 JLINK_CORESIGHT_ReadAPDPReg(AP reg 0x03)
TFC6A0F40 000:823.882   Value=0x00000002
TFC6A0F40 000:823.899 - 0.278ms returns 0
TFC6A0F40 000:823.911 JLINK_CORESIGHT_ReadAPDPReg(AP reg 0x03)
TFC6A0F40 000:824.194   Value=0x00000002
TFC6A0F40 000:824.208 - 0.297ms returns 0
TFC6A0F40 000:824.220 JLINK_CORESIGHT_ReadAPDPReg(AP reg 0x03)
TFC6A0F40 000:824.496   Value=0x00000002
TFC6A0F40 000:824.509 - 0.289ms returns 0
TFC6A0F40 000:824.519 JLINK_CORESIGHT_ReadAPDPReg(AP reg 0x03)
TFC6A0F40 000:824.797   Value=0x00000000
TFC6A0F40 000:824.809 - 0.289ms returns 0
TFC6A0F40 000:824.819 JLINK_CORESIGHT_WriteAPDPReg(AP reg 0x00, 0x80000002)
TFC6A0F40 000:825.053 - 0.234ms returns 0
TFC6A0F40 000:825.069 JLINK_CORESIGHT_WriteAPDPReg(AP reg 0x01, 0x80011130)
TFC6A0F40 000:825.305 - 0.236ms returns 0
TFC6A0F40 000:825.316 JLINK_CORESIGHT_ReadAPDPReg(AP reg 0x03)
TFC6A0F40 000:825.601   Value=0x000000C6
TFC6A0F40 000:825.613 - 0.297ms returns 0
TFC6A0F40 000:826.118 JLINK_CORESIGHT_WriteAPDPReg(AP reg 0x00, 0x80000002)
TFC6A0F40 000:826.400 - 0.283ms returns 0
TFC6A0F40 000:826.410 JLINK_CORESIGHT_WriteAPDPReg(AP reg 0x01, 0x80011140)
TFC6A0F40 000:826.678 - 0.267ms returns 0
TFC6A0F40 000:826.688 JLINK_CORESIGHT_ReadAPDPReg(AP reg 0x03)
TFC6A0F40 000:826.978   Value=0x00000002
TFC6A0F40 000:826.992 - 0.304ms returns 0
TFC6A0F40 000:827.000 JLINK_CORESIGHT_WriteAPDPReg(AP reg 0x00, 0x80000002)
TFC6A0F40 000:827.232 - 0.232ms returns 0
TFC6A0F40 000:827.242 JLINK_CORESIGHT_WriteAPDPReg(AP reg 0x01, 0x80011120)
TFC6A0F40 000:827.540 - 0.298ms returns 0
TFC6A0F40 000:827.552 JLINK_CORESIGHT_WriteAPDPReg(AP reg 0x03, 0x3A010001)
TFC6A0F40 000:827.778 - 0.226ms returns 0
TFC6A0F40 000:827.794 JLINK_CORESIGHT_WriteAPDPReg(AP reg 0x00, 0x80000002)
TFC6A0F40 000:828.032 - 0.237ms returns 0
TFC6A0F40 000:828.043 JLINK_CORESIGHT_WriteAPDPReg(AP reg 0x01, 0x80011140)
TFC6A0F40 000:828.360 - 0.316ms returns 0
TFC6A0F40 000:828.371 JLINK_CORESIGHT_ReadAPDPReg(AP reg 0x03)
TFC6A0F40 000:828.665   Value=0x00000002
TFC6A0F40 000:828.678 - 0.307ms returns 0
TFC6A0F40 000:828.685 JLINK_CORESIGHT_WriteAPDPReg(AP reg 0x00, 0x80000002)
TFC6A0F40 000:829.000 - 0.314ms returns 0
TFC6A0F40 000:829.019 JLINK_CORESIGHT_WriteAPDPReg(AP reg 0x01, 0x80011120)
TFC6A0F40 000:829.261 - 0.243ms returns 0
TFC6A0F40 000:829.280 JLINK_CORESIGHT_WriteAPDPReg(AP reg 0x03, 0x000003C5)
TFC6A0F40 000:829.619 - 0.339ms returns 0
TFC6A0F40 000:829.634 JLINK_CORESIGHT_WriteAPDPReg(AP reg 0x00, 0x80000002)
TFC6A0F40 000:829.943 - 0.309ms returns 0
TFC6A0F40 000:829.957 JLINK_CORESIGHT_WriteAPDPReg(AP reg 0x01, 0x80011140)
TFC6A0F40 000:830.201 - 0.243ms returns 0
TFC6A0F40 000:830.212 JLINK_CORESIGHT_ReadAPDPReg(AP reg 0x03)
TFC6A0F40 000:830.509   Value=0x00000002
TFC6A0F40 000:830.523 - 0.310ms returns 0
TFC6A0F40 000:830.530 JLINK_CORESIGHT_ReadAPDPReg(AP reg 0x03)
TFC6A0F40 000:830.807   Value=0x00000002
TFC6A0F40 000:830.819 - 0.289ms returns 0
TFC6A0F40 000:830.826 JLINK_CORESIGHT_ReadAPDPReg(AP reg 0x03)
TFC6A0F40 000:831.104   Value=0x00000002
TFC6A0F40 000:831.116 - 0.290ms returns 0
TFC6A0F40 000:831.124 JLINK_CORESIGHT_ReadAPDPReg(AP reg 0x03)
TFC6A0F40 000:831.487   Value=0x00000002
TFC6A0F40 000:831.517 - 0.393ms returns 0
TFC6A0F40 000:831.533 JLINK_CORESIGHT_ReadAPDPReg(AP reg 0x03)
TFC6A0F40 000:831.873   Value=0x00000000
TFC6A0F40 000:831.889 - 0.356ms returns 0
TFC6A0F40 000:831.896 JLINK_CORESIGHT_WriteAPDPReg(AP reg 0x00, 0x80000002)
TFC6A0F40 000:832.161 - 0.265ms returns 0
TFC6A0F40 000:832.175 JLINK_CORESIGHT_WriteAPDPReg(AP reg 0x01, 0x80011130)
TFC6A0F40 000:832.533 - 0.357ms returns 0
TFC6A0F40 000:832.547 JLINK_CORESIGHT_ReadAPDPReg(AP reg 0x03)
TFC6A0F40 000:832.817   Value=0x3A2A0081
TFC6A0F40 000:832.834 - 0.287ms returns 0
TFC6A0F40 000:832.849 JLINK_CORESIGHT_WriteAPDPReg(AP reg 0x00, 0x80000002)
TFC6A0F40 000:833.083 - 0.235ms returns 0
TFC6A0F40 000:833.101 JLINK_CORESIGHT_WriteAPDPReg(AP reg 0x01, 0x80011140)
TFC6A0F40 000:833.499 - 0.398ms returns 0
TFC6A0F40 000:833.513 JLINK_CORESIGHT_ReadAPDPReg(AP reg 0x03)
TFC6A0F40 000:833.803   Value=0x00000000
TFC6A0F40 000:833.819 - 0.306ms returns 0
TFC6A0F40 000:833.826 JLINK_CORESIGHT_WriteAPDPReg(AP reg 0x00, 0x80000002)
TFC6A0F40 000:834.067 - 0.241ms returns 0
TFC6A0F40 000:834.077 JLINK_CORESIGHT_WriteAPDPReg(AP reg 0x01, 0x80011130)
TFC6A0F40 000:834.358 - 0.281ms returns 0
TFC6A0F40 000:834.368 JLINK_CORESIGHT_ReadAPDPReg(AP reg 0x03)
TFC6A0F40 000:834.751   Value=0x808D5B00
TFC6A0F40 000:834.767 - 0.399ms returns 0
TFC6A0F40 000:834.776 JLINK_CORESIGHT_WriteAPDPReg(AP reg 0x00, 0x80000002)
TFC6A0F40 000:835.055 - 0.278ms returns 0
TFC6A0F40 000:835.077 JLINK_CORESIGHT_WriteAPDPReg(AP reg 0x01, 0x80011140)
TFC6A0F40 000:835.356 - 0.279ms returns 0
TFC6A0F40 000:835.375 JLINK_CORESIGHT_ReadAPDPReg(AP reg 0x03)
TFC6A0F40 000:835.772   Value=0x00000000
TFC6A0F40 000:835.789 - 0.414ms returns 0
TFC6A0F40 000:835.796 JLINK_CORESIGHT_WriteAPDPReg(AP reg 0x00, 0x80000002)
TFC6A0F40 000:836.007 - 0.211ms returns 0
TFC6A0F40 000:836.023 JLINK_CORESIGHT_WriteAPDPReg(AP reg 0x01, 0x80011130)
TFC6A0F40 000:836.247 - 0.224ms returns 0
TFC6A0F40 000:836.261 JLINK_CORESIGHT_ReadAPDPReg(AP reg 0x03)
TFC6A0F40 000:836.546   Value=0x0406070A
TFC6A0F40 000:836.572 - 0.311ms returns 0
TFC6A0F40 000:836.581 JLINK_CORESIGHT_WriteAPDPReg(AP reg 0x00, 0x80000002)
TFC6A0F40 000:836.800 - 0.218ms returns 0
TFC6A0F40 000:836.818 JLINK_CORESIGHT_WriteAPDPReg(AP reg 0x01, 0x80011140)
TFC6A0F40 000:837.100 - 0.282ms returns 0
TFC6A0F40 000:837.117 JLINK_CORESIGHT_ReadAPDPReg(AP reg 0x03)
TFC6A0F40 000:837.437   Value=0x00000000
TFC6A0F40 000:837.455 - 0.338ms returns 0
TFC6A0F40 000:837.464 JLINK_CORESIGHT_WriteAPDPReg(AP reg 0x00, 0x80000002)
TFC6A0F40 000:837.711 - 0.247ms returns 0
TFC6A0F40 000:837.731 JLINK_CORESIGHT_WriteAPDPReg(AP reg 0x01, 0x80011130)
TFC6A0F40 000:837.984 - 0.253ms returns 0
TFC6A0F40 000:838.003 JLINK_CORESIGHT_ReadAPDPReg(AP reg 0x03)
TFC6A0F40 000:838.386   Value=0x3154540B
TFC6A0F40 000:838.432 - 0.429ms returns 0
TFC6A0F40 000:838.440 JLINK_CORESIGHT_WriteAPDPReg(AP reg 0x00, 0x80000002)
TFC6A0F40 000:838.724 - 0.284ms returns 0
TFC6A0F40 000:838.761 JLINK_CORESIGHT_WriteAPDPReg(AP reg 0x01, 0x80011140)
TFC6A0F40 000:838.999 - 0.238ms returns 0
TFC6A0F40 000:839.014 JLINK_CORESIGHT_ReadAPDPReg(AP reg 0x03)
TFC6A0F40 000:839.318   Value=0x00000000
TFC6A0F40 000:839.334 - 0.320ms returns 0
TFC6A0F40 000:839.342 JLINK_CORESIGHT_WriteAPDPReg(AP reg 0x00, 0x80000002)
TFC6A0F40 000:839.551 - 0.209ms returns 0
TFC6A0F40 000:839.563 JLINK_CORESIGHT_WriteAPDPReg(AP reg 0x01, 0x80011130)
TFC6A0F40 000:839.787 - 0.225ms returns 0
TFC6A0F40 000:839.801 JLINK_CORESIGHT_ReadAPDPReg(AP reg 0x03)
TFC6A0F40 000:840.110   Value=0x5409C577
TFC6A0F40 000:840.128 - 0.327ms returns 0
TFC6A0F40 000:840.138 JLINK_CORESIGHT_WriteAPDPReg(AP reg 0x00, 0x80000002)
TFC6A0F40 000:840.362 - 0.224ms returns 0
TFC6A0F40 000:840.374 JLINK_CORESIGHT_WriteAPDPReg(AP reg 0x01, 0x80011140)
TFC6A0F40 000:840.595 - 0.220ms returns 0
TFC6A0F40 000:840.606 JLINK_CORESIGHT_ReadAPDPReg(AP reg 0x03)
TFC6A0F40 000:840.885   Value=0x00000000
TFC6A0F40 000:840.898 - 0.292ms returns 0
TFC6A0F40 000:840.905 JLINK_CORESIGHT_WriteAPDPReg(AP reg 0x00, 0x80000002)
TFC6A0F40 000:841.132 - 0.227ms returns 0
TFC6A0F40 000:841.143 JLINK_CORESIGHT_WriteAPDPReg(AP reg 0x01, 0x80011130)
TFC6A0F40 000:841.362 - 0.220ms returns 0
TFC6A0F40 000:841.374 JLINK_CORESIGHT_ReadAPDPReg(AP reg 0x03)
TFC6A0F40 000:841.652   Value=0x37395636
TFC6A0F40 000:841.664 - 0.290ms returns 0
TFC6A0F40 000:841.670 JLINK_CORESIGHT_WriteAPDPReg(AP reg 0x00, 0x80000002)
TFC6A0F40 000:841.913 - 0.243ms returns 0
TFC6A0F40 000:841.924 JLINK_CORESIGHT_WriteAPDPReg(AP reg 0x01, 0x80011140)
TFC6A0F40 000:842.145 - 0.220ms returns 0
TFC6A0F40 000:842.156 JLINK_CORESIGHT_ReadAPDPReg(AP reg 0x03)
TFC6A0F40 000:842.469   Value=0x00000000
TFC6A0F40 000:842.494 - 0.337ms returns 0
TFC6A0F40 000:842.505 JLINK_CORESIGHT_WriteAPDPReg(AP reg 0x00, 0x80000002)
TFC6A0F40 000:842.758 - 0.253ms returns 0
TFC6A0F40 000:842.776 JLINK_CORESIGHT_WriteAPDPReg(AP reg 0x01, 0x80011130)
TFC6A0F40 000:843.040 - 0.264ms returns 0
TFC6A0F40 000:843.055 JLINK_CORESIGHT_ReadAPDPReg(AP reg 0x03)
TFC6A0F40 000:843.445   Value=0x5C012D34
TFC6A0F40 000:843.460 - 0.405ms returns 0
TFC6A0F40 000:843.466 JLINK_CORESIGHT_WriteAPDPReg(AP reg 0x00, 0x80000002)
TFC6A0F40 000:843.695 - 0.229ms returns 0
TFC6A0F40 000:843.705 JLINK_CORESIGHT_WriteAPDPReg(AP reg 0x01, 0x80011140)
TFC6A0F40 000:843.935 - 0.230ms returns 0
TFC6A0F40 000:843.955 JLINK_CORESIGHT_ReadAPDPReg(AP reg 0x03)
TFC6A0F40 000:844.390   Value=0x00000000
TFC6A0F40 000:844.406 - 0.452ms returns 0
TFC6A0F40 000:844.413 JLINK_CORESIGHT_WriteAPDPReg(AP reg 0x00, 0x80000002)
TFC6A0F40 000:844.643 - 0.229ms returns 0
TFC6A0F40 000:844.655 JLINK_CORESIGHT_WriteAPDPReg(AP reg 0x01, 0x80011130)
TFC6A0F40 000:844.874 - 0.219ms returns 0
TFC6A0F40 000:844.887 JLINK_CORESIGHT_ReadAPDPReg(AP reg 0x03)
TFC6A0F40 000:845.157   Value=0x4B37527A
TFC6A0F40 000:845.170 - 0.283ms returns 0
TFC6A0F40 000:845.176 JLINK_CORESIGHT_WriteAPDPReg(AP reg 0x00, 0x80000002)
TFC6A0F40 000:845.411 - 0.235ms returns 0
TFC6A0F40 000:845.424 JLINK_CORESIGHT_WriteAPDPReg(AP reg 0x01, 0x80011140)
TFC6A0F40 000:845.653 - 0.229ms returns 0
TFC6A0F40 000:845.663 JLINK_CORESIGHT_ReadAPDPReg(AP reg 0x03)
TFC6A0F40 000:845.962   Value=0x00000000
TFC6A0F40 000:845.972 - 0.309ms returns 0
TFC6A0F40 000:845.979 JLINK_CORESIGHT_WriteAPDPReg(AP reg 0x00, 0x80000002)
TFC6A0F40 000:846.215 - 0.237ms returns 0
TFC6A0F40 000:846.226 JLINK_CORESIGHT_WriteAPDPReg(AP reg 0x01, 0x80011130)
TFC6A0F40 000:846.471 - 0.245ms returns 0
TFC6A0F40 000:846.486 JLINK_CORESIGHT_ReadAPDPReg(AP reg 0x03)
TFC6A0F40 000:846.774   Value=0x31503841
TFC6A0F40 000:846.792 - 0.306ms returns 0
TFC6A0F40 000:846.798 JLINK_CORESIGHT_WriteAPDPReg(AP reg 0x00, 0x80000002)
TFC6A0F40 000:847.184 - 0.386ms returns 0
TFC6A0F40 000:847.198 JLINK_CORESIGHT_WriteAPDPReg(AP reg 0x01, 0x80011140)
TFC6A0F40 000:847.426 - 0.228ms returns 0
TFC6A0F40 000:847.435 JLINK_CORESIGHT_ReadAPDPReg(AP reg 0x03)
TFC6A0F40 000:847.720   Value=0x00000000
TFC6A0F40 000:847.740 - 0.305ms returns 0
TFC6A0F40 000:847.746 JLINK_CORESIGHT_WriteAPDPReg(AP reg 0x00, 0x80000002)
TFC6A0F40 000:848.035 - 0.289ms returns 0
TFC6A0F40 000:848.043 JLINK_CORESIGHT_WriteAPDPReg(AP reg 0x01, 0x80011130)
TFC6A0F40 000:848.280 - 0.237ms returns 0
TFC6A0F40 000:848.289 JLINK_CORESIGHT_ReadAPDPReg(AP reg 0x03)
TFC6A0F40 000:848.569   Value=0x434C464B
TFC6A0F40 000:848.585 - 0.297ms returns 0
TFC6A0F40 000:848.598 JLINK_CORESIGHT_WriteAPDPReg(AP reg 0x00, 0x80000002)
TFC6A0F40 000:848.823 - 0.225ms returns 0
TFC6A0F40 000:848.833 JLINK_CORESIGHT_WriteAPDPReg(AP reg 0x01, 0x80011140)
TFC6A0F40 000:849.118 - 0.285ms returns 0
TFC6A0F40 000:849.129 JLINK_CORESIGHT_ReadAPDPReg(AP reg 0x03)
TFC6A0F40 000:849.399   Value=0x00000000
TFC6A0F40 000:849.412 - 0.283ms returns 0
TFC6A0F40 000:849.418 JLINK_CORESIGHT_WriteAPDPReg(AP reg 0x00, 0x80000002)
TFC6A0F40 000:849.648 - 0.229ms returns 0
TFC6A0F40 000:849.658 JLINK_CORESIGHT_WriteAPDPReg(AP reg 0x01, 0x80011130)
TFC6A0F40 000:849.886 - 0.228ms returns 0
TFC6A0F40 000:849.898 JLINK_CORESIGHT_ReadAPDPReg(AP reg 0x03)
TFC6A0F40 000:850.179   Value=0x20204341
TFC6A0F40 000:850.194 - 0.296ms returns 0
TFC6A0F40 000:850.201 JLINK_CORESIGHT_WriteAPDPReg(AP reg 0x00, 0x80000002)
TFC6A0F40 000:850.436 - 0.234ms returns 0
TFC6A0F40 000:850.447 JLINK_CORESIGHT_WriteAPDPReg(AP reg 0x01, 0x80011140)
TFC6A0F40 000:850.661 - 0.215ms returns 0
TFC6A0F40 000:850.672 JLINK_CORESIGHT_ReadAPDPReg(AP reg 0x03)
TFC6A0F40 000:850.991   Value=0x00000000
TFC6A0F40 000:851.006 - 0.333ms returns 0
TFC6A0F40 000:851.012 JLINK_CORESIGHT_WriteAPDPReg(AP reg 0x00, 0x80000002)
TFC6A0F40 000:851.255 - 0.243ms returns 0
TFC6A0F40 000:851.266 JLINK_CORESIGHT_WriteAPDPReg(AP reg 0x01, 0x80011130)
TFC6A0F40 000:851.497 - 0.230ms returns 0
TFC6A0F40 000:851.508 JLINK_CORESIGHT_ReadAPDPReg(AP reg 0x03)
TFC6A0F40 000:851.781   Value=0x00039620
TFC6A0F40 000:851.793 - 0.285ms returns 0
TFC6A0F40 000:851.938 JLINK_CORESIGHT_WriteAPDPReg(AP reg 0x00, 0x80000002)
TFC6A0F40 000:852.172 - 0.234ms returns 0
TFC6A0F40 000:852.184 JLINK_CORESIGHT_WriteAPDPReg(AP reg 0x01, 0x80011140)
TFC6A0F40 000:852.421 - 0.237ms returns 0
TFC6A0F40 000:852.436 JLINK_CORESIGHT_ReadAPDPReg(AP reg 0x03)
TFC6A0F40 000:852.867   Value=0x00000002
TFC6A0F40 000:852.887 - 0.451ms returns 0
TFC6A0F40 000:852.901 JLINK_CORESIGHT_WriteAPDPReg(AP reg 0x00, 0x80000002)
TFC6A0F40 000:853.138 - 0.237ms returns 0
TFC6A0F40 000:853.156 JLINK_CORESIGHT_WriteAPDPReg(AP reg 0x01, 0x80011120)
TFC6A0F40 000:853.434 - 0.279ms returns 0
TFC6A0F40 000:853.446 JLINK_CORESIGHT_WriteAPDPReg(AP reg 0x03, 0x39020001)
TFC6A0F40 000:853.674 - 0.227ms returns 0
TFC6A0F40 000:853.691 JLINK_CORESIGHT_WriteAPDPReg(AP reg 0x00, 0x80000002)
TFC6A0F40 000:853.974 - 0.282ms returns 0
TFC6A0F40 000:853.998 JLINK_CORESIGHT_WriteAPDPReg(AP reg 0x01, 0x80011140)
TFC6A0F40 000:854.283 - 0.285ms returns 0
TFC6A0F40 000:854.304 JLINK_CORESIGHT_ReadAPDPReg(AP reg 0x03)
TFC6A0F40 000:854.670   Value=0x00000002
TFC6A0F40 000:854.688 - 0.384ms returns 0
TFC6A0F40 000:854.698 JLINK_CORESIGHT_WriteAPDPReg(AP reg 0x00, 0x80000002)
TFC6A0F40 000:854.935 - 0.237ms returns 0
TFC6A0F40 000:854.945 JLINK_CORESIGHT_WriteAPDPReg(AP reg 0x01, 0x80011120)
TFC6A0F40 000:855.165 - 0.220ms returns 0
TFC6A0F40 000:855.176 JLINK_CORESIGHT_WriteAPDPReg(AP reg 0x03, 0x0003B312)
TFC6A0F40 000:855.412 - 0.236ms returns 0
TFC6A0F40 000:855.422 JLINK_CORESIGHT_WriteAPDPReg(AP reg 0x00, 0x80000002)
TFC6A0F40 000:855.648 - 0.225ms returns 0
TFC6A0F40 000:855.657 JLINK_CORESIGHT_WriteAPDPReg(AP reg 0x01, 0x80011140)
TFC6A0F40 000:855.888 - 0.232ms returns 0
TFC6A0F40 000:855.902 JLINK_CORESIGHT_ReadAPDPReg(AP reg 0x03)
TFC6A0F40 000:856.173   Value=0x00000000
TFC6A0F40 000:856.182 - 0.280ms returns 0
TFC6A0F40 000:856.190 JLINK_CORESIGHT_WriteAPDPReg(AP reg 0x00, 0x80000002)
TFC6A0F40 000:856.396 - 0.207ms returns 0
TFC6A0F40 000:856.410 JLINK_CORESIGHT_WriteAPDPReg(AP reg 0x01, 0x80011130)
TFC6A0F40 000:856.684 - 0.274ms returns 0
TFC6A0F40 000:856.697 JLINK_CORESIGHT_ReadAPDPReg(AP reg 0x03)
TFC6A0F40 000:856.954   Value=0xB90A0081
TFC6A0F40 000:856.965 - 0.269ms returns 0
TFC6A0F40 000:856.972 JLINK_CORESIGHT_WriteAPDPReg(AP reg 0x00, 0x80000002)
TFC6A0F40 000:857.182 - 0.210ms returns 0
TFC6A0F40 000:857.195 JLINK_CORESIGHT_WriteAPDPReg(AP reg 0x01, 0x80011140)
TFC6A0F40 000:857.415 - 0.220ms returns 0
TFC6A0F40 000:857.427 JLINK_CORESIGHT_ReadAPDPReg(AP reg 0x03)
TFC6A0F40 000:857.753   Value=0x00000000
TFC6A0F40 000:857.764 - 0.337ms returns 0
TFC6A0F40 000:857.772 JLINK_CORESIGHT_WriteAPDPReg(AP reg 0x00, 0x80000002)
TFC6A0F40 000:858.003 - 0.232ms returns 0
TFC6A0F40 000:858.013 JLINK_CORESIGHT_WriteAPDPReg(AP reg 0x01, 0x80011130)
TFC6A0F40 000:858.248 - 0.235ms returns 0
TFC6A0F40 000:858.258 JLINK_CORESIGHT_ReadAPDPReg(AP reg 0x03)
TFC6A0F40 000:858.549   Value=0xFFFFFFC0
TFC6A0F40 000:858.558 - 0.301ms returns 0
TFC6A0F40 000:858.566 JLINK_CORESIGHT_WriteAPDPReg(AP reg 0x00, 0x80000002)
TFC6A0F40 000:859.460 - 0.893ms returns 0
TFC6A0F40 000:859.471 JLINK_CORESIGHT_WriteAPDPReg(AP reg 0x01, 0x80011140)
TFC6A0F40 000:859.697 - 0.226ms returns 0
TFC6A0F40 000:859.709 JLINK_CORESIGHT_ReadAPDPReg(AP reg 0x03)
TFC6A0F40 000:860.000   Value=0x00000000
TFC6A0F40 000:860.011 - 0.302ms returns 0
TFC6A0F40 000:860.021 JLINK_CORESIGHT_WriteAPDPReg(AP reg 0x00, 0x80000002)
TFC6A0F40 000:860.261 - 0.240ms returns 0
TFC6A0F40 000:860.272 JLINK_CORESIGHT_WriteAPDPReg(AP reg 0x01, 0x80011130)
TFC6A0F40 000:860.627 - 0.355ms returns 0
TFC6A0F40 000:860.636 JLINK_CORESIGHT_ReadAPDPReg(AP reg 0x03)
TFC6A0F40 000:860.899   Value=0xFFFFFFFF
TFC6A0F40 000:860.914 - 0.277ms returns 0
TFC6A0F40 000:860.922 JLINK_CORESIGHT_WriteAPDPReg(AP reg 0x00, 0x80000002)
TFC6A0F40 000:861.140 - 0.218ms returns 0
TFC6A0F40 000:861.149 JLINK_CORESIGHT_WriteAPDPReg(AP reg 0x01, 0x80011140)
TFC6A0F40 000:861.365 - 0.216ms returns 0
TFC6A0F40 000:861.378 JLINK_CORESIGHT_ReadAPDPReg(AP reg 0x03)
TFC6A0F40 000:861.634   Value=0x00000000
TFC6A0F40 000:861.647 - 0.269ms returns 0
TFC6A0F40 000:861.654 JLINK_CORESIGHT_WriteAPDPReg(AP reg 0x00, 0x80000002)
TFC6A0F40 000:861.914 - 0.260ms returns 0
TFC6A0F40 000:861.930 JLINK_CORESIGHT_WriteAPDPReg(AP reg 0x01, 0x80011130)
TFC6A0F40 000:862.161 - 0.231ms returns 0
TFC6A0F40 000:862.173 JLINK_CORESIGHT_ReadAPDPReg(AP reg 0x03)
TFC6A0F40 000:862.427   Value=0x000385FF
TFC6A0F40 000:862.441 - 0.268ms returns 0
TFC6A0F40 000:862.864 JLINK_CORESIGHT_WriteAPDPReg(AP reg 0x00, 0x80000002)
TFC6A0F40 000:863.089 - 0.226ms returns 0
TFC6A0F40 000:863.098 JLINK_CORESIGHT_WriteAPDPReg(AP reg 0x01, 0x80011140)
TFC6A0F40 000:863.308 - 0.210ms returns 0
TFC6A0F40 000:863.316 JLINK_CORESIGHT_ReadAPDPReg(AP reg 0x03)
TFC6A0F40 000:863.634   Value=0x00000002
TFC6A0F40 000:863.649 - 0.334ms returns 0
TFC6A0F40 000:863.661 JLINK_CORESIGHT_WriteAPDPReg(AP reg 0x00, 0x80000002)
TFC6A0F40 000:863.882 - 0.221ms returns 0
TFC6A0F40 000:863.894 JLINK_CORESIGHT_WriteAPDPReg(AP reg 0x01, 0x80011120)
TFC6A0F40 000:864.114 - 0.220ms returns 0
TFC6A0F40 000:864.125 JLINK_CORESIGHT_WriteAPDPReg(AP reg 0x03, 0x2C010001)
TFC6A0F40 000:864.346 - 0.220ms returns 0
TFC6A0F40 000:864.358 JLINK_CORESIGHT_WriteAPDPReg(AP reg 0x00, 0x80000002)
TFC6A0F40 000:864.572 - 0.214ms returns 0
TFC6A0F40 000:864.584 JLINK_CORESIGHT_WriteAPDPReg(AP reg 0x01, 0x80011140)
TFC6A0F40 000:864.876 - 0.292ms returns 0
TFC6A0F40 000:864.888 JLINK_CORESIGHT_ReadAPDPReg(AP reg 0x03)
TFC6A0F40 000:865.173   Value=0x00000002
TFC6A0F40 000:865.188 - 0.300ms returns 0
TFC6A0F40 000:865.195 JLINK_CORESIGHT_WriteAPDPReg(AP reg 0x00, 0x80000002)
TFC6A0F40 000:865.411 - 0.215ms returns 0
TFC6A0F40 000:865.420 JLINK_CORESIGHT_WriteAPDPReg(AP reg 0x01, 0x80011120)
TFC6A0F40 000:865.637 - 0.217ms returns 0
TFC6A0F40 000:865.648 JLINK_CORESIGHT_WriteAPDPReg(AP reg 0x03, 0x000003D3)
TFC6A0F40 000:865.863 - 0.215ms returns 0
TFC6A0F40 000:865.870 JLINK_CORESIGHT_WriteAPDPReg(AP reg 0x00, 0x80000002)
TFC6A0F40 000:866.093 - 0.222ms returns 0
TFC6A0F40 000:866.100 JLINK_CORESIGHT_WriteAPDPReg(AP reg 0x01, 0x80011140)
TFC6A0F40 000:866.312 - 0.212ms returns 0
TFC6A0F40 000:866.319 JLINK_CORESIGHT_ReadAPDPReg(AP reg 0x03)
TFC6A0F40 000:866.568   Value=0x00000002
TFC6A0F40 000:866.576 - 0.257ms returns 0
TFC6A0F40 000:866.581 JLINK_CORESIGHT_ReadAPDPReg(AP reg 0x03)
TFC6A0F40 000:866.860   Value=0x00000002
TFC6A0F40 000:866.871 - 0.290ms returns 0
TFC6A0F40 000:866.877 JLINK_CORESIGHT_ReadAPDPReg(AP reg 0x03)
TFC6A0F40 000:867.131   Value=0x00000000
TFC6A0F40 000:867.140 - 0.264ms returns 0
TFC6A0F40 000:867.145 JLINK_CORESIGHT_WriteAPDPReg(AP reg 0x00, 0x80000002)
TFC6A0F40 000:867.357 - 0.212ms returns 0
TFC6A0F40 000:867.363 JLINK_CORESIGHT_WriteAPDPReg(AP reg 0x01, 0x80011130)
TFC6A0F40 000:867.571 - 0.207ms returns 0
TFC6A0F40 000:867.578 JLINK_CORESIGHT_ReadAPDPReg(AP reg 0x03)
TFC6A0F40 000:867.869   Value=0x2C020081
TFC6A0F40 000:867.880 - 0.302ms returns 0
TFC6A0F40 000:867.886 JLINK_CORESIGHT_WriteAPDPReg(AP reg 0x00, 0x80000002)
TFC6A0F40 000:868.100 - 0.214ms returns 0
TFC6A0F40 000:868.110 JLINK_CORESIGHT_WriteAPDPReg(AP reg 0x01, 0x80011140)
TFC6A0F40 000:868.332 - 0.222ms returns 0
TFC6A0F40 000:868.341 JLINK_CORESIGHT_ReadAPDPReg(AP reg 0x03)
TFC6A0F40 000:868.601   Value=0x00000000
TFC6A0F40 000:868.612 - 0.271ms returns 0
TFC6A0F40 000:868.618 JLINK_CORESIGHT_WriteAPDPReg(AP reg 0x00, 0x80000002)
TFC6A0F40 000:868.817 - 0.199ms returns 0
TFC6A0F40 000:868.824 JLINK_CORESIGHT_WriteAPDPReg(AP reg 0x01, 0x80011130)
TFC6A0F40 000:869.034 - 0.210ms returns 0
TFC6A0F40 000:869.041 JLINK_CORESIGHT_ReadAPDPReg(AP reg 0x03)
TFC6A0F40 000:869.303   Value=0x0003CE04
TFC6A0F40 000:869.312 - 0.271ms returns 0
TFC6A0F40 000:869.320 JLINK_CORESIGHT_WriteAPDPReg(AP reg 0x00, 0x80000002)
TFC6A0F40 000:869.590 - 0.271ms returns 0
TFC6A0F40 000:869.599 JLINK_CORESIGHT_WriteAPDPReg(AP reg 0x01, 0x80011140)
TFC6A0F40 000:869.808 - 0.209ms returns 0
TFC6A0F40 000:869.817 JLINK_CORESIGHT_ReadAPDPReg(AP reg 0x03)
TFC6A0F40 000:870.130   Value=0x00000002
TFC6A0F40 000:870.142 - 0.325ms returns 0
TFC6A0F40 000:870.148 JLINK_CORESIGHT_WriteAPDPReg(AP reg 0x00, 0x80000002)
TFC6A0F40 000:870.365 - 0.217ms returns 0
TFC6A0F40 000:870.374 JLINK_CORESIGHT_WriteAPDPReg(AP reg 0x01, 0x80011120)
TFC6A0F40 000:870.573 - 0.199ms returns 0
TFC6A0F40 000:870.581 JLINK_CORESIGHT_WriteAPDPReg(AP reg 0x03, 0x73010001)
TFC6A0F40 000:870.832 - 0.251ms returns 0
TFC6A0F40 000:870.843 JLINK_CORESIGHT_WriteAPDPReg(AP reg 0x00, 0x80000002)
TFC6A0F40 000:871.070 - 0.227ms returns 0
TFC6A0F40 000:871.080 JLINK_CORESIGHT_WriteAPDPReg(AP reg 0x01, 0x80011140)
TFC6A0F40 000:871.300 - 0.220ms returns 0
TFC6A0F40 000:871.312 JLINK_CORESIGHT_ReadAPDPReg(AP reg 0x03)
TFC6A0F40 000:871.624   Value=0x00000002
TFC6A0F40 000:871.633 - 0.322ms returns 0
TFC6A0F40 000:871.639 JLINK_CORESIGHT_WriteAPDPReg(AP reg 0x00, 0x80000002)
TFC6A0F40 000:871.861 - 0.221ms returns 0
TFC6A0F40 000:871.870 JLINK_CORESIGHT_WriteAPDPReg(AP reg 0x01, 0x80011120)
TFC6A0F40 000:872.071 - 0.200ms returns 0
TFC6A0F40 000:872.078 JLINK_CORESIGHT_WriteAPDPReg(AP reg 0x03, 0x0000038C)
TFC6A0F40 000:872.275 - 0.197ms returns 0
TFC6A0F40 000:872.282 JLINK_CORESIGHT_WriteAPDPReg(AP reg 0x00, 0x80000002)
TFC6A0F40 000:872.477 - 0.195ms returns 0
TFC6A0F40 000:872.485 JLINK_CORESIGHT_WriteAPDPReg(AP reg 0x01, 0x80011140)
TFC6A0F40 000:872.734 - 0.250ms returns 0
TFC6A0F40 000:872.741 JLINK_CORESIGHT_ReadAPDPReg(AP reg 0x03)
TFC6A0F40 000:873.013   Value=0x00000002
TFC6A0F40 000:873.021 - 0.280ms returns 0
TFC6A0F40 000:873.026 JLINK_CORESIGHT_ReadAPDPReg(AP reg 0x03)
TFC6A0F40 000:873.262   Value=0x00000002
TFC6A0F40 000:873.270 - 0.244ms returns 0
TFC6A0F40 000:873.274 JLINK_CORESIGHT_ReadAPDPReg(AP reg 0x03)
TFC6A0F40 000:873.518   Value=0x00000002
TFC6A0F40 000:873.529 - 0.254ms returns 0
TFC6A0F40 000:873.534 JLINK_CORESIGHT_ReadAPDPReg(AP reg 0x03)
TFC6A0F40 000:873.779   Value=0x00000002
TFC6A0F40 000:873.788 - 0.254ms returns 0
TFC6A0F40 000:873.811 JLINK_CORESIGHT_ReadAPDPReg(AP reg 0x03)
TFC6A0F40 000:874.062   Value=0x00000002
TFC6A0F40 000:874.070 - 0.259ms returns 0
TFC6A0F40 000:874.075 JLINK_CORESIGHT_ReadAPDPReg(AP reg 0x03)
TFC6A0F40 000:874.318   Value=0x00000002
TFC6A0F40 000:874.326 - 0.252ms returns 0
TFC6A0F40 000:874.330 JLINK_CORESIGHT_ReadAPDPReg(AP reg 0x03)
TFC6A0F40 000:874.596   Value=0x00000002
TFC6A0F40 000:874.604 - 0.273ms returns 0
TFC6A0F40 000:874.608 JLINK_CORESIGHT_ReadAPDPReg(AP reg 0x03)
TFC6A0F40 000:874.859   Value=0x00000002
TFC6A0F40 000:874.868 - 0.260ms returns 0
TFC6A0F40 000:874.872 JLINK_CORESIGHT_ReadAPDPReg(AP reg 0x03)
TFC6A0F40 000:875.109   Value=0x00000002
TFC6A0F40 000:875.117 - 0.245ms returns 0
TFC6A0F40 000:875.122 JLINK_CORESIGHT_ReadAPDPReg(AP reg 0x03)
TFC6A0F40 000:875.360   Value=0x00000002
TFC6A0F40 000:875.367 - 0.246ms returns 0
TFC6A0F40 000:875.372 JLINK_CORESIGHT_ReadAPDPReg(AP reg 0x03)
TFC6A0F40 000:875.629   Value=0x00000002
TFC6A0F40 000:875.636 - 0.264ms returns 0
TFC6A0F40 000:875.641 JLINK_CORESIGHT_ReadAPDPReg(AP reg 0x03)
TFC6A0F40 000:875.892   Value=0x00000002
TFC6A0F40 000:875.901 - 0.259ms returns 0
TFC6A0F40 000:875.905 JLINK_CORESIGHT_ReadAPDPReg(AP reg 0x03)
TFC6A0F40 000:876.166   Value=0x00000000
TFC6A0F40 000:876.174 - 0.268ms returns 0
TFC6A0F40 000:876.179 JLINK_CORESIGHT_WriteAPDPReg(AP reg 0x00, 0x80000002)
TFC6A0F40 000:876.391 - 0.212ms returns 0
TFC6A0F40 000:876.397 JLINK_CORESIGHT_WriteAPDPReg(AP reg 0x01, 0x80011130)
TFC6A0F40 000:876.663 - 0.265ms returns 0
TFC6A0F40 000:876.668 JLINK_CORESIGHT_ReadAPDPReg(AP reg 0x03)
TFC6A0F40 000:876.923   Value=0x73020081
TFC6A0F40 000:876.931 - 0.263ms returns 0
TFC6A0F40 000:876.935 JLINK_CORESIGHT_WriteAPDPReg(AP reg 0x00, 0x80000002)
TFC6A0F40 000:877.135 - 0.200ms returns 0
TFC6A0F40 000:877.141 JLINK_CORESIGHT_WriteAPDPReg(AP reg 0x01, 0x80011140)
TFC6A0F40 000:877.341 - 0.200ms returns 0
TFC6A0F40 000:877.347 JLINK_CORESIGHT_ReadAPDPReg(AP reg 0x03)
TFC6A0F40 000:877.601   Value=0x00000000
TFC6A0F40 000:877.609 - 0.262ms returns 0
TFC6A0F40 000:877.614 JLINK_CORESIGHT_WriteAPDPReg(AP reg 0x00, 0x80000002)
TFC6A0F40 000:877.819 - 0.206ms returns 0
TFC6A0F40 000:877.826 JLINK_CORESIGHT_WriteAPDPReg(AP reg 0x01, 0x80011130)
TFC6A0F40 000:878.036 - 0.209ms returns 0
TFC6A0F40 000:878.041 JLINK_CORESIGHT_ReadAPDPReg(AP reg 0x03)
TFC6A0F40 000:878.303   Value=0x00038902
TFC6A0F40 000:878.313 - 0.272ms returns 0
TFC6A0F40 000:878.319 JLINK_CORESIGHT_WriteAPDPReg(AP reg 0x00, 0x80000002)
TFC6A0F40 000:878.533 - 0.213ms returns 0
TFC6A0F40 000:878.539 JLINK_CORESIGHT_WriteAPDPReg(AP reg 0x01, 0x80011140)
TFC6A0F40 000:878.738 - 0.199ms returns 0
TFC6A0F40 000:878.744 JLINK_CORESIGHT_ReadAPDPReg(AP reg 0x03)
TFC6A0F40 000:879.011   Value=0x00000002
TFC6A0F40 000:879.021 - 0.277ms returns 0
TFC6A0F40 000:879.025 JLINK_CORESIGHT_WriteAPDPReg(AP reg 0x00, 0x80000002)
TFC6A0F40 000:879.240 - 0.215ms returns 0
TFC6A0F40 000:879.248 JLINK_CORESIGHT_WriteAPDPReg(AP reg 0x01, 0x80011120)
TFC6A0F40 000:879.517 - 0.269ms returns 0
TFC6A0F40 000:879.525 JLINK_CORESIGHT_WriteAPDPReg(AP reg 0x03, 0x75010001)
TFC6A0F40 000:879.731 - 0.205ms returns 0
TFC6A0F40 000:879.737 JLINK_CORESIGHT_WriteAPDPReg(AP reg 0x00, 0x80000002)
TFC6A0F40 000:879.945 - 0.208ms returns 0
TFC6A0F40 000:879.952 JLINK_CORESIGHT_WriteAPDPReg(AP reg 0x01, 0x80011140)
TFC6A0F40 000:880.155 - 0.204ms returns 0
TFC6A0F40 000:880.161 JLINK_CORESIGHT_ReadAPDPReg(AP reg 0x03)
TFC6A0F40 000:880.418   Value=0x00000002
TFC6A0F40 000:880.426 - 0.264ms returns 0
TFC6A0F40 000:880.430 JLINK_CORESIGHT_WriteAPDPReg(AP reg 0x00, 0x80000002)
TFC6A0F40 000:880.632 - 0.202ms returns 0
TFC6A0F40 000:880.638 JLINK_CORESIGHT_WriteAPDPReg(AP reg 0x01, 0x80011120)
TFC6A0F40 000:880.851 - 0.213ms returns 0
TFC6A0F40 000:880.858 JLINK_CORESIGHT_WriteAPDPReg(AP reg 0x03, 0x0000038A)
TFC6A0F40 000:881.067 - 0.208ms returns 0
TFC6A0F40 000:881.073 JLINK_CORESIGHT_WriteAPDPReg(AP reg 0x00, 0x80000002)
TFC6A0F40 000:881.289 - 0.216ms returns 0
TFC6A0F40 000:881.295 JLINK_CORESIGHT_WriteAPDPReg(AP reg 0x01, 0x80011140)
TFC6A0F40 000:881.502 - 0.207ms returns 0
TFC6A0F40 000:881.509 JLINK_CORESIGHT_ReadAPDPReg(AP reg 0x03)
TFC6A0F40 000:881.764   Value=0x00000002
TFC6A0F40 000:881.771 - 0.263ms returns 0
TFC6A0F40 000:881.775 JLINK_CORESIGHT_ReadAPDPReg(AP reg 0x03)
TFC6A0F40 000:882.024   Value=0x00000002
TFC6A0F40 000:882.031 - 0.256ms returns 0
TFC6A0F40 000:882.036 JLINK_CORESIGHT_ReadAPDPReg(AP reg 0x03)
TFC6A0F40 000:882.278   Value=0x00000002
TFC6A0F40 000:882.288 - 0.252ms returns 0
TFC6A0F40 000:882.292 JLINK_CORESIGHT_ReadAPDPReg(AP reg 0x03)
TFC6A0F40 000:882.529   Value=0x00000002
TFC6A0F40 000:882.536 - 0.244ms returns 0
TFC6A0F40 000:882.541 JLINK_CORESIGHT_ReadAPDPReg(AP reg 0x03)
TFC6A0F40 000:882.788   Value=0x00000002
TFC6A0F40 000:882.797 - 0.257ms returns 0
TFC6A0F40 000:882.801 JLINK_CORESIGHT_ReadAPDPReg(AP reg 0x03)
TFC6A0F40 000:883.063   Value=0x00000002
TFC6A0F40 000:883.072 - 0.271ms returns 0
TFC6A0F40 000:883.076 JLINK_CORESIGHT_ReadAPDPReg(AP reg 0x03)
TFC6A0F40 000:883.329   Value=0x00000000
TFC6A0F40 000:883.338 - 0.262ms returns 0
TFC6A0F40 000:883.342 JLINK_CORESIGHT_WriteAPDPReg(AP reg 0x00, 0x80000002)
TFC6A0F40 000:883.557 - 0.215ms returns 0
TFC6A0F40 000:883.563 JLINK_CORESIGHT_WriteAPDPReg(AP reg 0x01, 0x80011130)
TFC6A0F40 000:883.770 - 0.207ms returns 0
TFC6A0F40 000:883.776 JLINK_CORESIGHT_ReadAPDPReg(AP reg 0x03)
TFC6A0F40 000:884.033   Value=0x75020081
TFC6A0F40 000:884.040 - 0.264ms returns 0
TFC6A0F40 000:884.044 JLINK_CORESIGHT_WriteAPDPReg(AP reg 0x00, 0x80000002)
TFC6A0F40 000:884.244 - 0.200ms returns 0
TFC6A0F40 000:884.251 JLINK_CORESIGHT_WriteAPDPReg(AP reg 0x01, 0x80011140)
TFC6A0F40 000:884.445 - 0.194ms returns 0
TFC6A0F40 000:884.450 JLINK_CORESIGHT_ReadAPDPReg(AP reg 0x03)
TFC6A0F40 000:884.706   Value=0x00000000
TFC6A0F40 000:884.713 - 0.263ms returns 0
TFC6A0F40 000:884.718 JLINK_CORESIGHT_WriteAPDPReg(AP reg 0x00, 0x80000002)
TFC6A0F40 000:885.071 - 0.353ms returns 0
TFC6A0F40 000:885.078 JLINK_CORESIGHT_WriteAPDPReg(AP reg 0x01, 0x80011130)
TFC6A0F40 000:885.286 - 0.208ms returns 0
TFC6A0F40 000:885.292 JLINK_CORESIGHT_ReadAPDPReg(AP reg 0x03)
TFC6A0F40 000:885.568   Value=0x00038702
TFC6A0F40 000:885.575 - 0.283ms returns 0
TFC6A0F40 000:885.586 JLINK_CORESIGHT_WriteAPDPReg(AP reg 0x00, 0x80000002)
TFC6A0F40 000:885.777 - 0.191ms returns 0
TFC6A0F40 000:885.784 JLINK_CORESIGHT_WriteAPDPReg(AP reg 0x01, 0x80011140)
TFC6A0F40 000:885.970 - 0.186ms returns 0
TFC6A0F40 000:885.976 JLINK_CORESIGHT_ReadAPDPReg(AP reg 0x03)
TFC6A0F40 000:886.227   Value=0x00000002
TFC6A0F40 000:886.235 - 0.258ms returns 0
TFC6A0F40 000:886.239 JLINK_CORESIGHT_WriteAPDPReg(AP reg 0x00, 0x80000002)
TFC6A0F40 000:886.498 - 0.259ms returns 0
TFC6A0F40 000:886.504 JLINK_CORESIGHT_WriteAPDPReg(AP reg 0x01, 0x80011120)
TFC6A0F40 000:886.715 - 0.211ms returns 0
TFC6A0F40 000:886.721 JLINK_CORESIGHT_WriteAPDPReg(AP reg 0x03, 0x4F010001)
TFC6A0F40 000:886.921 - 0.200ms returns 0
TFC6A0F40 000:886.929 JLINK_CORESIGHT_WriteAPDPReg(AP reg 0x00, 0x80000002)
TFC6A0F40 000:887.176 - 0.246ms returns 0
TFC6A0F40 000:887.194 JLINK_CORESIGHT_WriteAPDPReg(AP reg 0x01, 0x80011140)
TFC6A0F40 000:887.424 - 0.229ms returns 0
TFC6A0F40 000:887.449 JLINK_CORESIGHT_ReadAPDPReg(AP reg 0x03)
TFC6A0F40 000:887.702   Value=0x00000002
TFC6A0F40 000:887.713 - 0.264ms returns 0
TFC6A0F40 000:887.722 JLINK_CORESIGHT_WriteAPDPReg(AP reg 0x00, 0x80000002)
TFC6A0F40 000:887.940 - 0.218ms returns 0
TFC6A0F40 000:887.950 JLINK_CORESIGHT_WriteAPDPReg(AP reg 0x01, 0x80011120)
TFC6A0F40 000:888.140 - 0.191ms returns 0
TFC6A0F40 000:888.149 JLINK_CORESIGHT_WriteAPDPReg(AP reg 0x03, 0x000003B0)
TFC6A0F40 000:888.352 - 0.203ms returns 0
TFC6A0F40 000:888.359 JLINK_CORESIGHT_WriteAPDPReg(AP reg 0x00, 0x80000002)
TFC6A0F40 000:888.550 - 0.191ms returns 0
TFC6A0F40 000:888.558 JLINK_CORESIGHT_WriteAPDPReg(AP reg 0x01, 0x80011140)
TFC6A0F40 000:888.737 - 0.179ms returns 0
TFC6A0F40 000:888.754 JLINK_CORESIGHT_ReadAPDPReg(AP reg 0x03)
TFC6A0F40 000:888.988   Value=0x00000002
TFC6A0F40 000:888.997 - 0.242ms returns 0
TFC6A0F40 000:889.001 JLINK_CORESIGHT_ReadAPDPReg(AP reg 0x03)
TFC6A0F40 000:889.233   Value=0x00000002
TFC6A0F40 000:889.240 - 0.239ms returns 0
TFC6A0F40 000:889.244 JLINK_CORESIGHT_ReadAPDPReg(AP reg 0x03)
TFC6A0F40 000:889.485   Value=0x00000002
TFC6A0F40 000:889.494 - 0.250ms returns 0
TFC6A0F40 000:889.498 JLINK_CORESIGHT_ReadAPDPReg(AP reg 0x03)
TFC6A0F40 000:889.744   Value=0x00000002
TFC6A0F40 000:889.760 - 0.262ms returns 0
TFC6A0F40 000:889.764 JLINK_CORESIGHT_ReadAPDPReg(AP reg 0x03)
TFC6A0F40 000:890.016   Value=0x00000002
TFC6A0F40 000:890.028 - 0.264ms returns 0
TFC6A0F40 000:890.032 JLINK_CORESIGHT_ReadAPDPReg(AP reg 0x03)
TFC6A0F40 000:890.331   Value=0x00000000
TFC6A0F40 000:890.339 - 0.307ms returns 0
TFC6A0F40 000:890.344 JLINK_CORESIGHT_WriteAPDPReg(AP reg 0x00, 0x80000002)
TFC6A0F40 000:890.542 - 0.197ms returns 0
TFC6A0F40 000:890.548 JLINK_CORESIGHT_WriteAPDPReg(AP reg 0x01, 0x80011130)
TFC6A0F40 000:890.758 - 0.210ms returns 0
TFC6A0F40 000:890.766 JLINK_CORESIGHT_ReadAPDPReg(AP reg 0x03)
TFC6A0F40 000:891.017   Value=0x4F0B0081
TFC6A0F40 000:891.029 - 0.263ms returns 0
TFC6A0F40 000:891.033 JLINK_CORESIGHT_WriteAPDPReg(AP reg 0x00, 0x80000002)
TFC6A0F40 000:891.233 - 0.199ms returns 0
TFC6A0F40 000:891.247 JLINK_CORESIGHT_WriteAPDPReg(AP reg 0x01, 0x80011140)
TFC6A0F40 000:891.493 - 0.246ms returns 0
TFC6A0F40 000:891.507 JLINK_CORESIGHT_ReadAPDPReg(AP reg 0x03)
TFC6A0F40 000:891.767   Value=0x00000000
TFC6A0F40 000:891.779 - 0.272ms returns 0
TFC6A0F40 000:891.784 JLINK_CORESIGHT_WriteAPDPReg(AP reg 0x00, 0x80000002)
TFC6A0F40 000:891.997 - 0.213ms returns 0
TFC6A0F40 000:892.008 JLINK_CORESIGHT_WriteAPDPReg(AP reg 0x01, 0x80011130)
TFC6A0F40 000:892.215 - 0.207ms returns 0
TFC6A0F40 000:892.225 JLINK_CORESIGHT_ReadAPDPReg(AP reg 0x03)
TFC6A0F40 000:892.493   Value=0x40030000
TFC6A0F40 000:892.502 - 0.277ms returns 0
TFC6A0F40 000:892.509 JLINK_CORESIGHT_WriteAPDPReg(AP reg 0x00, 0x80000002)
TFC6A0F40 000:892.717 - 0.208ms returns 0
TFC6A0F40 000:892.726 JLINK_CORESIGHT_WriteAPDPReg(AP reg 0x01, 0x80011140)
TFC6A0F40 000:892.923 - 0.197ms returns 0
TFC6A0F40 000:892.932 JLINK_CORESIGHT_ReadAPDPReg(AP reg 0x03)
TFC6A0F40 000:893.198   Value=0x00000000
TFC6A0F40 000:893.209 - 0.277ms returns 0
TFC6A0F40 000:893.215 JLINK_CORESIGHT_WriteAPDPReg(AP reg 0x00, 0x80000002)
TFC6A0F40 000:893.421 - 0.205ms returns 0
TFC6A0F40 000:893.428 JLINK_CORESIGHT_WriteAPDPReg(AP reg 0x01, 0x80011130)
TFC6A0F40 000:893.633 - 0.205ms returns 0
TFC6A0F40 000:893.640 JLINK_CORESIGHT_ReadAPDPReg(AP reg 0x03)
TFC6A0F40 000:893.886   Value=0x00000000
TFC6A0F40 000:893.892 - 0.252ms returns 0
TFC6A0F40 000:893.897 JLINK_CORESIGHT_WriteAPDPReg(AP reg 0x00, 0x80000002)
TFC6A0F40 000:894.099 - 0.202ms returns 0
TFC6A0F40 000:894.107 JLINK_CORESIGHT_WriteAPDPReg(AP reg 0x01, 0x80011140)
TFC6A0F40 000:894.310 - 0.204ms returns 0
TFC6A0F40 000:894.317 JLINK_CORESIGHT_ReadAPDPReg(AP reg 0x03)
TFC6A0F40 000:894.564   Value=0x00000000
TFC6A0F40 000:894.570 - 0.253ms returns 0
TFC6A0F40 000:894.575 JLINK_CORESIGHT_WriteAPDPReg(AP reg 0x00, 0x80000002)
TFC6A0F40 000:894.769 - 0.194ms returns 0
TFC6A0F40 000:894.776 JLINK_CORESIGHT_WriteAPDPReg(AP reg 0x01, 0x80011130)
TFC6A0F40 000:894.975 - 0.199ms returns 0
TFC6A0F40 000:894.981 JLINK_CORESIGHT_ReadAPDPReg(AP reg 0x03)
TFC6A0F40 000:895.248   Value=0x03630000
TFC6A0F40 000:895.254 - 0.273ms returns 0
TFC6A0F40 000:895.652 JLINK_CORESIGHT_ReadAPDPReg(DP reg 0x01)
TFC6A0F40 000:895.871   Value=0xF0000F40
TFC6A0F40 000:895.878 - 0.226ms returns 0
TFC6A0F40 000:895.882 JLINK_CORESIGHT_WriteAPDPReg(DP reg 0x01, 0xA0000F40)
TFC6A0F40 000:896.085 - 0.203ms returns 0
TFC6A0F40 000:896.092 JLINK_CORESIGHT_ReadAPDPReg(DP reg 0x01)
TFC6A0F40 000:896.343   Value=0x00000F40
TFC6A0F40 000:896.350 - 0.258ms returns 0
TFC6A0F40 000:896.355 JLINK_ClrRESET()
TFC6A0F40 000:896.569 - 0.214ms 
TFC6A0F40 001:007.415 JLINK_Close()
TFC6A0F40 001:015.809 - 8.393ms
TFC6A0F40 001:015.830   
TFC6A0F40 001:015.836   Closed
