TFC6A0F40 000:004.306   SEGGER J-Link V8.44a Log File
TFC6A0F40 000:004.610   DLL Compiled: Jun 18 2025 16:32:45
TFC6A0F40 000:004.614   Logging started @ 2025-07-18 07:03
TFC6A0F40 000:004.618   Process: /Users/kim_kyoungkun/.eclipse/com.renesas.platform_589702750/DebugComp/RA/e2-server-gdb
TFC6A0F40 000:004.634 - 4.621ms 
TFC6A0F40 000:004.660 JLINK_GetDLLVersion()
TFC6A0F40 000:004.663 - 0.014ms returns 84401
TFC6A0F40 000:018.013 JLINK_OpenEx(...)
TFC6A0F40 000:026.959   Firmware: J-Link OB-RA4M2 compiled Jul  8 2025 10:15:56
TFC6A0F40 000:027.429   Firmware: J-Link OB-RA4M2 compiled Jul  8 2025 10:15:56
TFC6A0F40 000:039.000   Hardware: V1.00
TFC6A0F40 000:039.009   S/N: 1089748421
TFC6A0F40 000:039.014   OEM: SEGGER
TFC6A0F40 000:039.018   Feature(s): None
TFC6A0F40 000:039.624   Bootloader: 2021 May 14
TFC6A0F40 000:039.941   USB speed mode: Full speed (12 MBit/s)
TFC6A0F40 000:040.622   TELNET listener socket opened on port 19021
TFC6A0F40 000:040.662   WEBSRV WEBSRV_Init(): Starting webserver thread(s)
TFC6A0F40 000:040.692   WEBSRV Webserver running on local port 19080
TFC6A0F40 000:040.704   Looking for J-Link GUI Server exe at: /Users/kim_kyoungkun/.eclipse/com.renesas.platform_589702750/DebugComp/RA/ARM/Segger_v8.44.1/JLinkGUIServerExe
TFC6A0F40 000:041.224   Looking for J-Link GUI Server exe at: /Applications/SEGGER/JLink/JLinkGUIServerExe
TFC6A0F40 000:041.670   Forking J-Link GUI Server: /Applications/SEGGER/JLink/JLinkGUIServerExe
TFC6A0F40 000:597.795   J-Link GUI Server info: "J-Link GUI server V8.52 "
TFC6A0F40 000:692.295 - 674.281ms returns "O.K."
TFC6A0F40 000:692.392 JLINK_TIF_Select(JLINKARM_TIF_SWD)
TFC6A0F40 000:693.090 - 0.697ms returns 0x00
TFC6A0F40 000:693.101 JLINK_ClrRESET()
TFC6A0F40 000:693.301 - 0.200ms 
TFC6A0F40 000:747.465 JLINK_SetSpeed(1500)
TFC6A0F40 000:754.572 - 7.106ms 
TFC6A0F40 000:754.653 JLINK_CORESIGHT_Configure(PerformTIFInit=0)
TFC6A0F40 000:755.215 - 0.563ms returns 0
TFC6A0F40 000:755.248 JLINK_CORESIGHT_ReadAPDPReg(DP reg 0x00)
TFC6A0F40 000:755.952   Value=0x6BA02477
TFC6A0F40 000:755.961 - 0.713ms returns 0
TFC6A0F40 000:755.974 JLINK_CORESIGHT_WriteAPDPReg(DP reg 0x00, 0x0000001F)
TFC6A0F40 000:756.371 - 0.397ms returns 0
TFC6A0F40 000:756.388 JLINK_CORESIGHT_ReadAPDPReg(DP reg 0x00)
TFC6A0F40 000:756.718   Value=0x6BA02477
TFC6A0F40 000:756.729 - 0.341ms returns 0
TFC6A0F40 000:756.736 JLINK_CORESIGHT_WriteAPDPReg(DP reg 0x02, 0x00000000)
TFC6A0F40 000:756.977 - 0.241ms returns 0
TFC6A0F40 000:756.998 JLINK_CORESIGHT_WriteAPDPReg(DP reg 0x01, 0x50000000)
TFC6A0F40 000:757.288 - 0.290ms returns 0
TFC6A0F40 000:757.304 JLINK_CORESIGHT_ReadAPDPReg(DP reg 0x01)
TFC6A0F40 000:757.510   Value=0xF0000000
TFC6A0F40 000:757.521 - 0.217ms returns 0
TFC6A0F40 000:757.528 JLINK_CORESIGHT_WriteAPDPReg(DP reg 0x00, 0x0000001F)
TFC6A0F40 000:757.818 - 0.289ms returns 0
TFC6A0F40 000:757.826 JLINK_CORESIGHT_ReadAPDPReg(DP reg 0x00)
TFC6A0F40 000:758.031   Value=0x6BA02477
TFC6A0F40 000:758.045 - 0.218ms returns 0
TFC6A0F40 000:758.050 JLINK_CORESIGHT_WriteAPDPReg(DP reg 0x01, 0x54000000)
TFC6A0F40 000:758.282 - 0.232ms returns 0
TFC6A0F40 000:758.294 JLINK_CORESIGHT_WriteAPDPReg(DP reg 0x01, 0x50000F00)
TFC6A0F40 000:758.486 - 0.191ms returns 0
TFC6A0F40 000:758.498 JLINK_CORESIGHT_WriteAPDPReg(DP reg 0x02, 0x01000000)
TFC6A0F40 000:758.694 - 0.197ms returns 0
TFC6A0F40 000:758.700 JLINK_CORESIGHT_WriteAPDPReg(AP reg 0x00, 0x80000002)
TFC6A0F40 000:758.956 - 0.256ms returns 0
TFC6A0F40 000:758.968 JLINK_CORESIGHT_WriteAPDPReg(AP reg 0x01, 0x80011100)
TFC6A0F40 000:759.227 - 0.259ms returns 0
TFC6A0F40 000:759.249 JLINK_CORESIGHT_WriteAPDPReg(AP reg 0x03, 0x000000A5)
TFC6A0F40 000:759.981 - 0.733ms returns 0
TFC6A0F40 000:759.990 JLINK_CORESIGHT_WriteAPDPReg(AP reg 0x00, 0x80000002)
TFC6A0F40 000:760.263 - 0.273ms returns 0
TFC6A0F40 000:760.271 JLINK_CORESIGHT_WriteAPDPReg(AP reg 0x01, 0x80011100)
TFC6A0F40 000:760.460 - 0.189ms returns 0
TFC6A0F40 000:760.468 JLINK_CORESIGHT_ReadAPDPReg(AP reg 0x03)
TFC6A0F40 000:760.779   Value=0x000000A5
TFC6A0F40 000:760.817 - 0.349ms returns 0
TFC6A0F40 000:760.825 JLINK_ClrTMS()
TFC6A0F40 000:760.904 - 0.078ms 
TFC6A0F40 000:767.073 JLINK_SetTCK()
TFC6A0F40 000:767.168 - 0.094ms returns 0
TFC6A0F40 000:773.360 JLINK_SetRESET()
TFC6A0F40 000:773.460 - 0.100ms 
TFC6A0F40 000:975.223 JLINK_CORESIGHT_WriteAPDPReg(AP reg 0x00, 0x80000002)
TFC6A0F40 000:975.604 - 0.381ms returns 0
TFC6A0F40 000:975.647 JLINK_CORESIGHT_WriteAPDPReg(AP reg 0x01, 0x80011100)
TFC6A0F40 000:975.915 - 0.268ms returns 0
TFC6A0F40 000:975.949 JLINK_CORESIGHT_ReadAPDPReg(AP reg 0x03)
TFC6A0F40 000:976.276   Value=0x00000000
TFC6A0F40 000:976.316 - 0.367ms returns 0
TFC6A0F40 000:976.340 JLINK_CORESIGHT_WriteAPDPReg(AP reg 0x00, 0x80000002)
TFC6A0F40 000:976.597 - 0.257ms returns 0
TFC6A0F40 000:976.631 JLINK_CORESIGHT_WriteAPDPReg(AP reg 0x01, 0x80011140)
TFC6A0F40 000:976.909 - 0.278ms returns 0
TFC6A0F40 000:976.940 JLINK_CORESIGHT_ReadAPDPReg(AP reg 0x03)
TFC6A0F40 000:977.261   Value=0x00000002
TFC6A0F40 000:977.302 - 0.362ms returns 0
TFC6A0F40 000:977.329 JLINK_CORESIGHT_WriteAPDPReg(AP reg 0x00, 0x80000002)
TFC6A0F40 000:977.604 - 0.274ms returns 0
TFC6A0F40 000:977.637 JLINK_CORESIGHT_WriteAPDPReg(AP reg 0x01, 0x80011120)
TFC6A0F40 000:977.897 - 0.260ms returns 0
TFC6A0F40 000:977.931 JLINK_CORESIGHT_WriteAPDPReg(AP reg 0x03, 0x00000055)
TFC6A0F40 000:978.244 - 0.313ms returns 0
TFC6A0F40 000:978.267 JLINK_CORESIGHT_WriteAPDPReg(AP reg 0x00, 0x80000002)
TFC6A0F40 000:978.492 - 0.225ms returns 0
TFC6A0F40 000:978.514 JLINK_CORESIGHT_WriteAPDPReg(AP reg 0x01, 0x80011140)
TFC6A0F40 000:978.740 - 0.226ms returns 0
TFC6A0F40 000:978.763 JLINK_CORESIGHT_ReadAPDPReg(AP reg 0x03)
TFC6A0F40 000:979.027   Value=0x00000002
TFC6A0F40 000:979.063 - 0.300ms returns 0
TFC6A0F40 000:979.079 JLINK_CORESIGHT_ReadAPDPReg(AP reg 0x03)
TFC6A0F40 000:979.368   Value=0x00000002
TFC6A0F40 000:979.395 - 0.316ms returns 0
TFC6A0F40 000:979.411 JLINK_CORESIGHT_ReadAPDPReg(AP reg 0x03)
TFC6A0F40 000:979.674   Value=0x00000002
TFC6A0F40 000:979.701 - 0.290ms returns 0
TFC6A0F40 000:979.716 JLINK_CORESIGHT_ReadAPDPReg(AP reg 0x03)
TFC6A0F40 000:979.963   Value=0x00000002
TFC6A0F40 000:979.979 - 0.263ms returns 0
TFC6A0F40 000:979.987 JLINK_CORESIGHT_ReadAPDPReg(AP reg 0x03)
TFC6A0F40 000:980.232   Value=0x00000002
TFC6A0F40 000:980.238 - 0.251ms returns 0
TFC6A0F40 000:980.241 JLINK_CORESIGHT_ReadAPDPReg(AP reg 0x03)
TFC6A0F40 000:980.447   Value=0x00000002
TFC6A0F40 000:980.453 - 0.212ms returns 0
TFC6A0F40 000:980.456 JLINK_CORESIGHT_ReadAPDPReg(AP reg 0x03)
TFC6A0F40 000:980.663   Value=0x00000002
TFC6A0F40 000:980.672 - 0.216ms returns 0
TFC6A0F40 000:980.676 JLINK_CORESIGHT_ReadAPDPReg(AP reg 0x03)
TFC6A0F40 000:980.887   Value=0x00000002
TFC6A0F40 000:980.893 - 0.217ms returns 0
TFC6A0F40 000:980.897 JLINK_CORESIGHT_ReadAPDPReg(AP reg 0x03)
TFC6A0F40 000:981.170   Value=0x00000002
TFC6A0F40 000:981.176 - 0.279ms returns 0
TFC6A0F40 000:981.179 JLINK_CORESIGHT_ReadAPDPReg(AP reg 0x03)
TFC6A0F40 000:981.391   Value=0x00000002
TFC6A0F40 000:981.397 - 0.218ms returns 0
TFC6A0F40 000:981.400 JLINK_CORESIGHT_ReadAPDPReg(AP reg 0x03)
TFC6A0F40 000:981.608   Value=0x00000002
TFC6A0F40 000:981.614 - 0.214ms returns 0
TFC6A0F40 000:981.618 JLINK_CORESIGHT_ReadAPDPReg(AP reg 0x03)
TFC6A0F40 000:981.898   Value=0x00000002
TFC6A0F40 000:981.904 - 0.286ms returns 0
TFC6A0F40 000:981.908 JLINK_CORESIGHT_ReadAPDPReg(AP reg 0x03)
TFC6A0F40 000:982.148   Value=0x00000002
TFC6A0F40 000:982.154 - 0.246ms returns 0
TFC6A0F40 000:982.158 JLINK_CORESIGHT_ReadAPDPReg(AP reg 0x03)
TFC6A0F40 000:982.367   Value=0x00000002
TFC6A0F40 000:982.373 - 0.215ms returns 0
TFC6A0F40 000:982.376 JLINK_CORESIGHT_ReadAPDPReg(AP reg 0x03)
TFC6A0F40 000:982.577   Value=0x00000002
TFC6A0F40 000:982.583 - 0.207ms returns 0
TFC6A0F40 000:982.587 JLINK_CORESIGHT_ReadAPDPReg(AP reg 0x03)
TFC6A0F40 000:982.790   Value=0x00000002
TFC6A0F40 000:982.795 - 0.209ms returns 0
TFC6A0F40 000:982.799 JLINK_CORESIGHT_ReadAPDPReg(AP reg 0x03)
TFC6A0F40 000:983.017   Value=0x00000002
TFC6A0F40 000:983.022 - 0.223ms returns 0
TFC6A0F40 000:983.025 JLINK_CORESIGHT_ReadAPDPReg(AP reg 0x03)
TFC6A0F40 000:983.283   Value=0x00000002
TFC6A0F40 000:983.288 - 0.263ms returns 0
TFC6A0F40 000:983.291 JLINK_CORESIGHT_ReadAPDPReg(AP reg 0x03)
TFC6A0F40 000:983.491   Value=0x00000002
TFC6A0F40 000:983.500 - 0.209ms returns 0
TFC6A0F40 000:983.505 JLINK_CORESIGHT_ReadAPDPReg(AP reg 0x03)
TFC6A0F40 000:983.710   Value=0x00000002
TFC6A0F40 000:983.716 - 0.211ms returns 0
TFC6A0F40 000:983.720 JLINK_CORESIGHT_ReadAPDPReg(AP reg 0x03)
TFC6A0F40 000:983.930   Value=0x00000002
TFC6A0F40 000:983.936 - 0.216ms returns 0
TFC6A0F40 000:983.940 JLINK_CORESIGHT_ReadAPDPReg(AP reg 0x03)
TFC6A0F40 000:984.142   Value=0x00000002
TFC6A0F40 000:984.149 - 0.209ms returns 0
TFC6A0F40 000:984.153 JLINK_CORESIGHT_ReadAPDPReg(AP reg 0x03)
TFC6A0F40 000:984.390   Value=0x00000002
TFC6A0F40 000:984.398 - 0.245ms returns 0
TFC6A0F40 000:984.402 JLINK_CORESIGHT_ReadAPDPReg(AP reg 0x03)
TFC6A0F40 000:984.616   Value=0x00000002
TFC6A0F40 000:984.622 - 0.220ms returns 0
TFC6A0F40 000:984.625 JLINK_CORESIGHT_ReadAPDPReg(AP reg 0x03)
TFC6A0F40 000:984.828   Value=0x00000002
TFC6A0F40 000:984.834 - 0.209ms returns 0
TFC6A0F40 000:984.838 JLINK_CORESIGHT_ReadAPDPReg(AP reg 0x03)
TFC6A0F40 000:985.096   Value=0x00000002
TFC6A0F40 000:985.103 - 0.265ms returns 0
TFC6A0F40 000:985.107 JLINK_CORESIGHT_ReadAPDPReg(AP reg 0x03)
TFC6A0F40 000:985.310   Value=0x00000002
TFC6A0F40 000:985.316 - 0.209ms returns 0
TFC6A0F40 000:985.319 JLINK_CORESIGHT_ReadAPDPReg(AP reg 0x03)
TFC6A0F40 000:985.528   Value=0x00000002
TFC6A0F40 000:985.534 - 0.215ms returns 0
TFC6A0F40 000:985.538 JLINK_CORESIGHT_ReadAPDPReg(AP reg 0x03)
TFC6A0F40 000:985.747   Value=0x00000002
TFC6A0F40 000:985.753 - 0.215ms returns 0
TFC6A0F40 000:985.757 JLINK_CORESIGHT_ReadAPDPReg(AP reg 0x03)
TFC6A0F40 000:985.966   Value=0x00000002
TFC6A0F40 000:985.973 - 0.216ms returns 0
TFC6A0F40 000:985.977 JLINK_CORESIGHT_ReadAPDPReg(AP reg 0x03)
TFC6A0F40 000:986.241   Value=0x00000002
TFC6A0F40 000:986.247 - 0.270ms returns 0
TFC6A0F40 000:986.252 JLINK_CORESIGHT_ReadAPDPReg(AP reg 0x03)
TFC6A0F40 000:986.467   Value=0x00000002
TFC6A0F40 000:986.477 - 0.225ms returns 0
TFC6A0F40 000:986.480 JLINK_CORESIGHT_ReadAPDPReg(AP reg 0x03)
TFC6A0F40 000:986.689   Value=0x00000002
TFC6A0F40 000:986.696 - 0.216ms returns 0
TFC6A0F40 000:986.699 JLINK_CORESIGHT_ReadAPDPReg(AP reg 0x03)
TFC6A0F40 000:986.897   Value=0x00000002
TFC6A0F40 000:986.903 - 0.203ms returns 0
TFC6A0F40 000:986.906 JLINK_CORESIGHT_ReadAPDPReg(AP reg 0x03)
TFC6A0F40 000:987.115   Value=0x00000002
TFC6A0F40 000:987.121 - 0.215ms returns 0
TFC6A0F40 000:987.125 JLINK_CORESIGHT_ReadAPDPReg(AP reg 0x03)
TFC6A0F40 000:987.333   Value=0x00000002
TFC6A0F40 000:987.338 - 0.213ms returns 0
TFC6A0F40 000:987.341 JLINK_CORESIGHT_ReadAPDPReg(AP reg 0x03)
TFC6A0F40 000:987.551   Value=0x00000002
TFC6A0F40 000:987.560 - 0.219ms returns 0
TFC6A0F40 000:987.564 JLINK_CORESIGHT_ReadAPDPReg(AP reg 0x03)
TFC6A0F40 000:987.772   Value=0x00000002
TFC6A0F40 000:987.777 - 0.213ms returns 0
TFC6A0F40 000:987.781 JLINK_CORESIGHT_ReadAPDPReg(AP reg 0x03)
TFC6A0F40 000:987.978   Value=0x00000002
TFC6A0F40 000:987.984 - 0.203ms returns 0
TFC6A0F40 000:987.988 JLINK_CORESIGHT_ReadAPDPReg(AP reg 0x03)
TFC6A0F40 000:988.249   Value=0x00000002
TFC6A0F40 000:988.256 - 0.268ms returns 0
TFC6A0F40 000:988.259 JLINK_CORESIGHT_ReadAPDPReg(AP reg 0x03)
TFC6A0F40 000:988.475   Value=0x00000002
TFC6A0F40 000:988.481 - 0.222ms returns 0
TFC6A0F40 000:988.485 JLINK_CORESIGHT_ReadAPDPReg(AP reg 0x03)
TFC6A0F40 000:988.700   Value=0x00000002
TFC6A0F40 000:988.707 - 0.221ms returns 0
TFC6A0F40 000:988.710 JLINK_CORESIGHT_ReadAPDPReg(AP reg 0x03)
TFC6A0F40 000:988.920   Value=0x00000002
TFC6A0F40 000:988.929 - 0.219ms returns 0
TFC6A0F40 000:988.933 JLINK_CORESIGHT_ReadAPDPReg(AP reg 0x03)
TFC6A0F40 000:989.191   Value=0x00000002
TFC6A0F40 000:989.196 - 0.263ms returns 0
TFC6A0F40 000:989.206 JLINK_CORESIGHT_ReadAPDPReg(AP reg 0x03)
TFC6A0F40 000:989.423   Value=0x00000000
TFC6A0F40 000:989.429 - 0.223ms returns 0
TFC6A0F40 000:989.433 JLINK_CORESIGHT_WriteAPDPReg(AP reg 0x00, 0x80000002)
TFC6A0F40 000:989.608 - 0.175ms returns 0
TFC6A0F40 000:989.613 JLINK_CORESIGHT_WriteAPDPReg(AP reg 0x01, 0x80011130)
TFC6A0F40 000:989.784 - 0.171ms returns 0
TFC6A0F40 000:989.789 JLINK_CORESIGHT_ReadAPDPReg(AP reg 0x03)
TFC6A0F40 000:990.020   Value=0x000000C6
TFC6A0F40 000:990.025 - 0.237ms returns 0
TFC6A0F40 000:990.040 JLINK_CORESIGHT_WriteAPDPReg(AP reg 0x00, 0x80000002)
TFC6A0F40 000:990.199 - 0.159ms returns 0
TFC6A0F40 000:990.204 JLINK_CORESIGHT_WriteAPDPReg(AP reg 0x01, 0x80011140)
TFC6A0F40 000:990.384 - 0.181ms returns 0
TFC6A0F40 000:990.390 JLINK_CORESIGHT_ReadAPDPReg(AP reg 0x03)
TFC6A0F40 000:990.610   Value=0x00000002
TFC6A0F40 000:990.616 - 0.226ms returns 0
TFC6A0F40 000:990.621 JLINK_CORESIGHT_WriteAPDPReg(AP reg 0x00, 0x80000002)
TFC6A0F40 000:990.788 - 0.167ms returns 0
TFC6A0F40 000:990.793 JLINK_CORESIGHT_WriteAPDPReg(AP reg 0x01, 0x80011120)
TFC6A0F40 000:991.011 - 0.219ms returns 0
TFC6A0F40 000:991.015 JLINK_CORESIGHT_WriteAPDPReg(AP reg 0x03, 0x3A010001)
TFC6A0F40 000:991.193 - 0.178ms returns 0
TFC6A0F40 000:991.198 JLINK_CORESIGHT_WriteAPDPReg(AP reg 0x00, 0x80000002)
TFC6A0F40 000:991.383 - 0.185ms returns 0
TFC6A0F40 000:991.387 JLINK_CORESIGHT_WriteAPDPReg(AP reg 0x01, 0x80011140)
TFC6A0F40 000:991.554 - 0.166ms returns 0
TFC6A0F40 000:991.558 JLINK_CORESIGHT_ReadAPDPReg(AP reg 0x03)
TFC6A0F40 000:991.775   Value=0x00000002
TFC6A0F40 000:991.781 - 0.223ms returns 0
TFC6A0F40 000:991.785 JLINK_CORESIGHT_WriteAPDPReg(AP reg 0x00, 0x80000002)
TFC6A0F40 000:991.988 - 0.203ms returns 0
TFC6A0F40 000:991.992 JLINK_CORESIGHT_WriteAPDPReg(AP reg 0x01, 0x80011120)
TFC6A0F40 000:992.154 - 0.162ms returns 0
TFC6A0F40 000:992.158 JLINK_CORESIGHT_WriteAPDPReg(AP reg 0x03, 0x000003C5)
TFC6A0F40 000:992.324 - 0.166ms returns 0
TFC6A0F40 000:992.330 JLINK_CORESIGHT_WriteAPDPReg(AP reg 0x00, 0x80000002)
TFC6A0F40 000:992.501 - 0.171ms returns 0
TFC6A0F40 000:992.507 JLINK_CORESIGHT_WriteAPDPReg(AP reg 0x01, 0x80011140)
TFC6A0F40 000:992.669 - 0.162ms returns 0
TFC6A0F40 000:992.673 JLINK_CORESIGHT_ReadAPDPReg(AP reg 0x03)
TFC6A0F40 000:992.892   Value=0x00000002
TFC6A0F40 000:992.898 - 0.225ms returns 0
TFC6A0F40 000:992.901 JLINK_CORESIGHT_ReadAPDPReg(AP reg 0x03)
TFC6A0F40 000:993.129   Value=0x00000002
TFC6A0F40 000:993.135 - 0.234ms returns 0
TFC6A0F40 000:993.139 JLINK_CORESIGHT_ReadAPDPReg(AP reg 0x03)
TFC6A0F40 000:993.405   Value=0x00000002
TFC6A0F40 000:993.414 - 0.275ms returns 0
TFC6A0F40 000:993.417 JLINK_CORESIGHT_ReadAPDPReg(AP reg 0x03)
TFC6A0F40 000:993.635   Value=0x00000002
TFC6A0F40 000:993.642 - 0.225ms returns 0
TFC6A0F40 000:993.646 JLINK_CORESIGHT_ReadAPDPReg(AP reg 0x03)
TFC6A0F40 000:993.858   Value=0x00000002
TFC6A0F40 000:993.864 - 0.218ms returns 0
TFC6A0F40 000:993.868 JLINK_CORESIGHT_ReadAPDPReg(AP reg 0x03)
TFC6A0F40 000:994.108   Value=0x00000000
TFC6A0F40 000:994.114 - 0.246ms returns 0
TFC6A0F40 000:994.117 JLINK_CORESIGHT_WriteAPDPReg(AP reg 0x00, 0x80000002)
TFC6A0F40 000:994.285 - 0.168ms returns 0
TFC6A0F40 000:994.290 JLINK_CORESIGHT_WriteAPDPReg(AP reg 0x01, 0x80011130)
TFC6A0F40 000:994.449 - 0.159ms returns 0
TFC6A0F40 000:994.457 JLINK_CORESIGHT_ReadAPDPReg(AP reg 0x03)
TFC6A0F40 000:994.664   Value=0x3A2A0081
TFC6A0F40 000:994.669 - 0.212ms returns 0
TFC6A0F40 000:994.673 JLINK_CORESIGHT_WriteAPDPReg(AP reg 0x00, 0x80000002)
TFC6A0F40 000:994.835 - 0.162ms returns 0
TFC6A0F40 000:994.839 JLINK_CORESIGHT_WriteAPDPReg(AP reg 0x01, 0x80011140)
TFC6A0F40 000:995.048 - 0.209ms returns 0
TFC6A0F40 000:995.052 JLINK_CORESIGHT_ReadAPDPReg(AP reg 0x03)
TFC6A0F40 000:995.277   Value=0x00000000
TFC6A0F40 000:995.282 - 0.230ms returns 0
TFC6A0F40 000:995.290 JLINK_CORESIGHT_WriteAPDPReg(AP reg 0x00, 0x80000002)
TFC6A0F40 000:995.487 - 0.197ms returns 0
TFC6A0F40 000:995.506 JLINK_CORESIGHT_WriteAPDPReg(AP reg 0x01, 0x80011130)
TFC6A0F40 000:995.685 - 0.179ms returns 0
TFC6A0F40 000:995.694 JLINK_CORESIGHT_ReadAPDPReg(AP reg 0x03)
TFC6A0F40 000:995.933   Value=0x808D5B00
TFC6A0F40 000:995.940 - 0.246ms returns 0
TFC6A0F40 000:995.945 JLINK_CORESIGHT_WriteAPDPReg(AP reg 0x00, 0x80000002)
TFC6A0F40 000:996.115 - 0.170ms returns 0
TFC6A0F40 000:996.121 JLINK_CORESIGHT_WriteAPDPReg(AP reg 0x01, 0x80011140)
TFC6A0F40 000:996.300 - 0.179ms returns 0
TFC6A0F40 000:996.305 JLINK_CORESIGHT_ReadAPDPReg(AP reg 0x03)
TFC6A0F40 000:996.522   Value=0x00000000
TFC6A0F40 000:996.528 - 0.223ms returns 0
TFC6A0F40 000:996.532 JLINK_CORESIGHT_WriteAPDPReg(AP reg 0x00, 0x80000002)
TFC6A0F40 000:996.690 - 0.158ms returns 0
TFC6A0F40 000:996.697 JLINK_CORESIGHT_WriteAPDPReg(AP reg 0x01, 0x80011130)
TFC6A0F40 000:996.914 - 0.218ms returns 0
TFC6A0F40 000:996.925 JLINK_CORESIGHT_ReadAPDPReg(AP reg 0x03)
TFC6A0F40 000:997.151   Value=0x0406070A
TFC6A0F40 000:997.161 - 0.236ms returns 0
TFC6A0F40 000:997.166 JLINK_CORESIGHT_WriteAPDPReg(AP reg 0x00, 0x80000002)
TFC6A0F40 000:997.333 - 0.167ms returns 0
TFC6A0F40 000:997.345 JLINK_CORESIGHT_WriteAPDPReg(AP reg 0x01, 0x80011140)
TFC6A0F40 000:997.525 - 0.180ms returns 0
TFC6A0F40 000:997.533 JLINK_CORESIGHT_ReadAPDPReg(AP reg 0x03)
TFC6A0F40 000:997.757   Value=0x00000000
TFC6A0F40 000:997.765 - 0.232ms returns 0
TFC6A0F40 000:997.770 JLINK_CORESIGHT_WriteAPDPReg(AP reg 0x00, 0x80000002)
TFC6A0F40 000:998.004 - 0.234ms returns 0
TFC6A0F40 000:998.009 JLINK_CORESIGHT_WriteAPDPReg(AP reg 0x01, 0x80011130)
TFC6A0F40 000:998.188 - 0.178ms returns 0
TFC6A0F40 000:998.197 JLINK_CORESIGHT_ReadAPDPReg(AP reg 0x03)
TFC6A0F40 000:998.428   Value=0x3154540B
TFC6A0F40 000:998.435 - 0.238ms returns 0
TFC6A0F40 000:998.440 JLINK_CORESIGHT_WriteAPDPReg(AP reg 0x00, 0x80000002)
TFC6A0F40 000:998.616 - 0.176ms returns 0
TFC6A0F40 000:998.622 JLINK_CORESIGHT_WriteAPDPReg(AP reg 0x01, 0x80011140)
TFC6A0F40 000:998.780 - 0.158ms returns 0
TFC6A0F40 000:998.787 JLINK_CORESIGHT_ReadAPDPReg(AP reg 0x03)
TFC6A0F40 000:999.041   Value=0x00000000
TFC6A0F40 000:999.047 - 0.260ms returns 0
TFC6A0F40 000:999.051 JLINK_CORESIGHT_WriteAPDPReg(AP reg 0x00, 0x80000002)
TFC6A0F40 000:999.217 - 0.166ms returns 0
TFC6A0F40 000:999.222 JLINK_CORESIGHT_WriteAPDPReg(AP reg 0x01, 0x80011130)
TFC6A0F40 000:999.375 - 0.153ms returns 0
TFC6A0F40 000:999.382 JLINK_CORESIGHT_ReadAPDPReg(AP reg 0x03)
TFC6A0F40 000:999.610   Value=0x5409C577
TFC6A0F40 000:999.632 - 0.251ms returns 0
TFC6A0F40 000:999.703 JLINK_CORESIGHT_WriteAPDPReg(AP reg 0x00, 0x80000002)
TFC6A0F40 000:999.912 - 0.209ms returns 0
TFC6A0F40 000:999.919 JLINK_CORESIGHT_WriteAPDPReg(AP reg 0x01, 0x80011140)
TFC6A0F40 001:000.090 - 0.171ms returns 0
TFC6A0F40 001:000.098 JLINK_CORESIGHT_ReadAPDPReg(AP reg 0x03)
TFC6A0F40 001:000.349   Value=0x00000000
TFC6A0F40 001:000.357 - 0.259ms returns 0
TFC6A0F40 001:000.363 JLINK_CORESIGHT_WriteAPDPReg(AP reg 0x00, 0x80000002)
TFC6A0F40 001:000.547 - 0.184ms returns 0
TFC6A0F40 001:000.554 JLINK_CORESIGHT_WriteAPDPReg(AP reg 0x01, 0x80011130)
TFC6A0F40 001:000.740 - 0.186ms returns 0
TFC6A0F40 001:000.748 JLINK_CORESIGHT_ReadAPDPReg(AP reg 0x03)
TFC6A0F40 001:001.005   Value=0x37395636
TFC6A0F40 001:001.012 - 0.264ms returns 0
TFC6A0F40 001:001.017 JLINK_CORESIGHT_WriteAPDPReg(AP reg 0x00, 0x80000002)
TFC6A0F40 001:001.175 - 0.158ms returns 0
TFC6A0F40 001:001.182 JLINK_CORESIGHT_WriteAPDPReg(AP reg 0x01, 0x80011140)
TFC6A0F40 001:001.357 - 0.176ms returns 0
TFC6A0F40 001:001.367 JLINK_CORESIGHT_ReadAPDPReg(AP reg 0x03)
TFC6A0F40 001:001.598   Value=0x00000000
TFC6A0F40 001:001.604 - 0.237ms returns 0
TFC6A0F40 001:001.609 JLINK_CORESIGHT_WriteAPDPReg(AP reg 0x00, 0x80000002)
TFC6A0F40 001:001.825 - 0.216ms returns 0
TFC6A0F40 001:001.831 JLINK_CORESIGHT_WriteAPDPReg(AP reg 0x01, 0x80011130)
TFC6A0F40 001:001.990 - 0.159ms returns 0
TFC6A0F40 001:001.995 JLINK_CORESIGHT_ReadAPDPReg(AP reg 0x03)
TFC6A0F40 001:002.204   Value=0x5C012D34
TFC6A0F40 001:002.221 - 0.226ms returns 0
TFC6A0F40 001:002.226 JLINK_CORESIGHT_WriteAPDPReg(AP reg 0x00, 0x80000002)
TFC6A0F40 001:002.403 - 0.178ms returns 0
TFC6A0F40 001:002.409 JLINK_CORESIGHT_WriteAPDPReg(AP reg 0x01, 0x80011140)
TFC6A0F40 001:002.585 - 0.175ms returns 0
TFC6A0F40 001:002.591 JLINK_CORESIGHT_ReadAPDPReg(AP reg 0x03)
TFC6A0F40 001:002.814   Value=0x00000000
TFC6A0F40 001:002.819 - 0.228ms returns 0
TFC6A0F40 001:002.827 JLINK_CORESIGHT_WriteAPDPReg(AP reg 0x00, 0x80000002)
TFC6A0F40 001:002.992 - 0.165ms returns 0
TFC6A0F40 001:002.998 JLINK_CORESIGHT_WriteAPDPReg(AP reg 0x01, 0x80011130)
TFC6A0F40 001:003.161 - 0.163ms returns 0
TFC6A0F40 001:003.167 JLINK_CORESIGHT_ReadAPDPReg(AP reg 0x03)
TFC6A0F40 001:003.384   Value=0x4B37527A
TFC6A0F40 001:003.390 - 0.224ms returns 0
TFC6A0F40 001:003.394 JLINK_CORESIGHT_WriteAPDPReg(AP reg 0x00, 0x80000002)
TFC6A0F40 001:003.552 - 0.158ms returns 0
TFC6A0F40 001:003.558 JLINK_CORESIGHT_WriteAPDPReg(AP reg 0x01, 0x80011140)
TFC6A0F40 001:003.724 - 0.166ms returns 0
TFC6A0F40 001:003.729 JLINK_CORESIGHT_ReadAPDPReg(AP reg 0x03)
TFC6A0F40 001:003.960   Value=0x00000000
TFC6A0F40 001:003.966 - 0.237ms returns 0
TFC6A0F40 001:003.971 JLINK_CORESIGHT_WriteAPDPReg(AP reg 0x00, 0x80000002)
TFC6A0F40 001:004.135 - 0.164ms returns 0
TFC6A0F40 001:004.140 JLINK_CORESIGHT_WriteAPDPReg(AP reg 0x01, 0x80011130)
TFC6A0F40 001:004.295 - 0.155ms returns 0
TFC6A0F40 001:004.300 JLINK_CORESIGHT_ReadAPDPReg(AP reg 0x03)
TFC6A0F40 001:004.505   Value=0x31503841
TFC6A0F40 001:004.511 - 0.210ms returns 0
TFC6A0F40 001:004.515 JLINK_CORESIGHT_WriteAPDPReg(AP reg 0x00, 0x80000002)
TFC6A0F40 001:004.675 - 0.160ms returns 0
TFC6A0F40 001:004.681 JLINK_CORESIGHT_WriteAPDPReg(AP reg 0x01, 0x80011140)
TFC6A0F40 001:004.887 - 0.206ms returns 0
TFC6A0F40 001:004.893 JLINK_CORESIGHT_ReadAPDPReg(AP reg 0x03)
TFC6A0F40 001:005.114   Value=0x00000000
TFC6A0F40 001:005.127 - 0.233ms returns 0
TFC6A0F40 001:005.135 JLINK_CORESIGHT_WriteAPDPReg(AP reg 0x00, 0x80000002)
TFC6A0F40 001:005.327 - 0.192ms returns 0
TFC6A0F40 001:005.337 JLINK_CORESIGHT_WriteAPDPReg(AP reg 0x01, 0x80011130)
TFC6A0F40 001:005.516 - 0.179ms returns 0
TFC6A0F40 001:005.526 JLINK_CORESIGHT_ReadAPDPReg(AP reg 0x03)
TFC6A0F40 001:005.765   Value=0x434C464B
TFC6A0F40 001:005.771 - 0.245ms returns 0
TFC6A0F40 001:005.776 JLINK_CORESIGHT_WriteAPDPReg(AP reg 0x00, 0x80000002)
TFC6A0F40 001:005.938 - 0.162ms returns 0
TFC6A0F40 001:005.943 JLINK_CORESIGHT_WriteAPDPReg(AP reg 0x01, 0x80011140)
TFC6A0F40 001:006.113 - 0.170ms returns 0
TFC6A0F40 001:006.123 JLINK_CORESIGHT_ReadAPDPReg(AP reg 0x03)
TFC6A0F40 001:006.330   Value=0x00000000
TFC6A0F40 001:006.336 - 0.213ms returns 0
TFC6A0F40 001:006.340 JLINK_CORESIGHT_WriteAPDPReg(AP reg 0x00, 0x80000002)
TFC6A0F40 001:006.505 - 0.165ms returns 0
TFC6A0F40 001:006.510 JLINK_CORESIGHT_WriteAPDPReg(AP reg 0x01, 0x80011130)
TFC6A0F40 001:006.679 - 0.169ms returns 0
TFC6A0F40 001:006.684 JLINK_CORESIGHT_ReadAPDPReg(AP reg 0x03)
TFC6A0F40 001:006.912   Value=0x20204341
TFC6A0F40 001:006.917 - 0.233ms returns 0
TFC6A0F40 001:006.922 JLINK_CORESIGHT_WriteAPDPReg(AP reg 0x00, 0x80000002)
TFC6A0F40 001:007.083 - 0.161ms returns 0
TFC6A0F40 001:007.088 JLINK_CORESIGHT_WriteAPDPReg(AP reg 0x01, 0x80011140)
TFC6A0F40 001:007.266 - 0.178ms returns 0
TFC6A0F40 001:007.273 JLINK_CORESIGHT_ReadAPDPReg(AP reg 0x03)
TFC6A0F40 001:007.501   Value=0x00000000
TFC6A0F40 001:007.507 - 0.234ms returns 0
TFC6A0F40 001:007.513 JLINK_CORESIGHT_WriteAPDPReg(AP reg 0x00, 0x80000002)
TFC6A0F40 001:007.739 - 0.226ms returns 0
TFC6A0F40 001:007.746 JLINK_CORESIGHT_WriteAPDPReg(AP reg 0x01, 0x80011130)
TFC6A0F40 001:007.912 - 0.167ms returns 0
TFC6A0F40 001:007.919 JLINK_CORESIGHT_ReadAPDPReg(AP reg 0x03)
TFC6A0F40 001:008.132   Value=0x00039620
TFC6A0F40 001:008.141 - 0.222ms returns 0
TFC6A0F40 001:008.426 JLINK_CORESIGHT_WriteAPDPReg(AP reg 0x00, 0x80000002)
TFC6A0F40 001:008.593 - 0.167ms returns 0
TFC6A0F40 001:008.598 JLINK_CORESIGHT_WriteAPDPReg(AP reg 0x01, 0x80011140)
TFC6A0F40 001:008.820 - 0.222ms returns 0
TFC6A0F40 001:008.825 JLINK_CORESIGHT_ReadAPDPReg(AP reg 0x03)
TFC6A0F40 001:009.041   Value=0x00000002
TFC6A0F40 001:009.047 - 0.222ms returns 0
TFC6A0F40 001:009.051 JLINK_CORESIGHT_WriteAPDPReg(AP reg 0x00, 0x80000002)
TFC6A0F40 001:009.211 - 0.160ms returns 0
TFC6A0F40 001:009.216 JLINK_CORESIGHT_WriteAPDPReg(AP reg 0x01, 0x80011120)
TFC6A0F40 001:009.416 - 0.200ms returns 0
TFC6A0F40 001:009.420 JLINK_CORESIGHT_WriteAPDPReg(AP reg 0x03, 0x39020001)
TFC6A0F40 001:009.586 - 0.166ms returns 0
TFC6A0F40 001:009.591 JLINK_CORESIGHT_WriteAPDPReg(AP reg 0x00, 0x80000002)
TFC6A0F40 001:009.815 - 0.224ms returns 0
TFC6A0F40 001:009.824 JLINK_CORESIGHT_WriteAPDPReg(AP reg 0x01, 0x80011140)
TFC6A0F40 001:009.985 - 0.161ms returns 0
TFC6A0F40 001:009.989 JLINK_CORESIGHT_ReadAPDPReg(AP reg 0x03)
TFC6A0F40 001:010.207   Value=0x00000002
TFC6A0F40 001:010.213 - 0.224ms returns 0
TFC6A0F40 001:010.219 JLINK_CORESIGHT_WriteAPDPReg(AP reg 0x00, 0x80000002)
TFC6A0F40 001:010.376 - 0.157ms returns 0
TFC6A0F40 001:010.379 JLINK_CORESIGHT_WriteAPDPReg(AP reg 0x01, 0x80011120)
TFC6A0F40 001:010.544 - 0.165ms returns 0
TFC6A0F40 001:010.548 JLINK_CORESIGHT_WriteAPDPReg(AP reg 0x03, 0x0003B312)
TFC6A0F40 001:010.714 - 0.166ms returns 0
TFC6A0F40 001:010.718 JLINK_CORESIGHT_WriteAPDPReg(AP reg 0x00, 0x80000002)
TFC6A0F40 001:010.883 - 0.165ms returns 0
TFC6A0F40 001:010.887 JLINK_CORESIGHT_WriteAPDPReg(AP reg 0x01, 0x80011140)
TFC6A0F40 001:011.051 - 0.164ms returns 0
TFC6A0F40 001:011.055 JLINK_CORESIGHT_ReadAPDPReg(AP reg 0x03)
TFC6A0F40 001:011.280   Value=0x00000000
TFC6A0F40 001:011.286 - 0.231ms returns 0
TFC6A0F40 001:011.290 JLINK_CORESIGHT_WriteAPDPReg(AP reg 0x00, 0x80000002)
TFC6A0F40 001:011.470 - 0.180ms returns 0
TFC6A0F40 001:011.475 JLINK_CORESIGHT_WriteAPDPReg(AP reg 0x01, 0x80011130)
TFC6A0F40 001:011.664 - 0.189ms returns 0
TFC6A0F40 001:011.669 JLINK_CORESIGHT_ReadAPDPReg(AP reg 0x03)
TFC6A0F40 001:011.881   Value=0xB90A0081
TFC6A0F40 001:011.889 - 0.220ms returns 0
TFC6A0F40 001:011.893 JLINK_CORESIGHT_WriteAPDPReg(AP reg 0x00, 0x80000002)
TFC6A0F40 001:012.060 - 0.167ms returns 0
TFC6A0F40 001:012.065 JLINK_CORESIGHT_WriteAPDPReg(AP reg 0x01, 0x80011140)
TFC6A0F40 001:012.225 - 0.160ms returns 0
TFC6A0F40 001:012.229 JLINK_CORESIGHT_ReadAPDPReg(AP reg 0x03)
TFC6A0F40 001:012.446   Value=0x00000000
TFC6A0F40 001:012.455 - 0.226ms returns 0
TFC6A0F40 001:012.459 JLINK_CORESIGHT_WriteAPDPReg(AP reg 0x00, 0x80000002)
TFC6A0F40 001:012.665 - 0.207ms returns 0
TFC6A0F40 001:012.669 JLINK_CORESIGHT_WriteAPDPReg(AP reg 0x01, 0x80011130)
TFC6A0F40 001:012.842 - 0.173ms returns 0
TFC6A0F40 001:012.846 JLINK_CORESIGHT_ReadAPDPReg(AP reg 0x03)
TFC6A0F40 001:013.068   Value=0xFFFFFFC0
TFC6A0F40 001:013.074 - 0.228ms returns 0
TFC6A0F40 001:013.078 JLINK_CORESIGHT_WriteAPDPReg(AP reg 0x00, 0x80000002)
TFC6A0F40 001:013.256 - 0.178ms returns 0
TFC6A0F40 001:013.260 JLINK_CORESIGHT_WriteAPDPReg(AP reg 0x01, 0x80011140)
TFC6A0F40 001:013.445 - 0.185ms returns 0
TFC6A0F40 001:013.450 JLINK_CORESIGHT_ReadAPDPReg(AP reg 0x03)
TFC6A0F40 001:013.672   Value=0x00000000
TFC6A0F40 001:013.679 - 0.228ms returns 0
TFC6A0F40 001:013.683 JLINK_CORESIGHT_WriteAPDPReg(AP reg 0x00, 0x80000002)
TFC6A0F40 001:013.880 - 0.197ms returns 0
TFC6A0F40 001:013.894 JLINK_CORESIGHT_WriteAPDPReg(AP reg 0x01, 0x80011130)
TFC6A0F40 001:014.083 - 0.189ms returns 0
TFC6A0F40 001:014.088 JLINK_CORESIGHT_ReadAPDPReg(AP reg 0x03)
TFC6A0F40 001:014.323   Value=0xFFFFFFFF
TFC6A0F40 001:014.329 - 0.241ms returns 0
TFC6A0F40 001:014.333 JLINK_CORESIGHT_WriteAPDPReg(AP reg 0x00, 0x80000002)
TFC6A0F40 001:014.508 - 0.175ms returns 0
TFC6A0F40 001:014.513 JLINK_CORESIGHT_WriteAPDPReg(AP reg 0x01, 0x80011140)
TFC6A0F40 001:014.731 - 0.218ms returns 0
TFC6A0F40 001:014.735 JLINK_CORESIGHT_ReadAPDPReg(AP reg 0x03)
TFC6A0F40 001:014.948   Value=0x00000000
TFC6A0F40 001:014.953 - 0.218ms returns 0
TFC6A0F40 001:014.957 JLINK_CORESIGHT_WriteAPDPReg(AP reg 0x00, 0x80000002)
TFC6A0F40 001:015.124 - 0.167ms returns 0
TFC6A0F40 001:015.128 JLINK_CORESIGHT_WriteAPDPReg(AP reg 0x01, 0x80011130)
TFC6A0F40 001:015.291 - 0.163ms returns 0
TFC6A0F40 001:015.295 JLINK_CORESIGHT_ReadAPDPReg(AP reg 0x03)
TFC6A0F40 001:015.509   Value=0x000385FF
TFC6A0F40 001:015.515 - 0.220ms returns 0
TFC6A0F40 001:015.567 JLINK_CORESIGHT_WriteAPDPReg(AP reg 0x00, 0x80000002)
TFC6A0F40 001:015.736 - 0.169ms returns 0
TFC6A0F40 001:015.740 JLINK_CORESIGHT_WriteAPDPReg(AP reg 0x01, 0x80011140)
TFC6A0F40 001:015.910 - 0.170ms returns 0
TFC6A0F40 001:015.915 JLINK_CORESIGHT_ReadAPDPReg(AP reg 0x03)
TFC6A0F40 001:016.125   Value=0x00000002
TFC6A0F40 001:016.134 - 0.219ms returns 0
TFC6A0F40 001:016.137 JLINK_CORESIGHT_WriteAPDPReg(AP reg 0x00, 0x80000002)
TFC6A0F40 001:016.301 - 0.163ms returns 0
TFC6A0F40 001:016.305 JLINK_CORESIGHT_WriteAPDPReg(AP reg 0x01, 0x80011120)
TFC6A0F40 001:016.520 - 0.215ms returns 0
TFC6A0F40 001:016.525 JLINK_CORESIGHT_WriteAPDPReg(AP reg 0x03, 0x2C010001)
TFC6A0F40 001:016.700 - 0.174ms returns 0
TFC6A0F40 001:016.704 JLINK_CORESIGHT_WriteAPDPReg(AP reg 0x00, 0x80000002)
TFC6A0F40 001:016.874 - 0.170ms returns 0
TFC6A0F40 001:016.880 JLINK_CORESIGHT_WriteAPDPReg(AP reg 0x01, 0x80011140)
TFC6A0F40 001:017.048 - 0.168ms returns 0
TFC6A0F40 001:017.055 JLINK_CORESIGHT_ReadAPDPReg(AP reg 0x03)
TFC6A0F40 001:017.284   Value=0x00000002
TFC6A0F40 001:017.292 - 0.237ms returns 0
TFC6A0F40 001:017.301 JLINK_CORESIGHT_WriteAPDPReg(AP reg 0x00, 0x80000002)
TFC6A0F40 001:017.470 - 0.168ms returns 0
TFC6A0F40 001:017.474 JLINK_CORESIGHT_WriteAPDPReg(AP reg 0x01, 0x80011120)
TFC6A0F40 001:017.678 - 0.204ms returns 0
TFC6A0F40 001:017.683 JLINK_CORESIGHT_WriteAPDPReg(AP reg 0x03, 0x000003D3)
TFC6A0F40 001:017.858 - 0.176ms returns 0
TFC6A0F40 001:017.867 JLINK_CORESIGHT_WriteAPDPReg(AP reg 0x00, 0x80000002)
TFC6A0F40 001:018.028 - 0.161ms returns 0
TFC6A0F40 001:018.032 JLINK_CORESIGHT_WriteAPDPReg(AP reg 0x01, 0x80011140)
TFC6A0F40 001:018.191 - 0.159ms returns 0
TFC6A0F40 001:018.196 JLINK_CORESIGHT_ReadAPDPReg(AP reg 0x03)
TFC6A0F40 001:018.407   Value=0x00000002
TFC6A0F40 001:018.413 - 0.217ms returns 0
TFC6A0F40 001:018.417 JLINK_CORESIGHT_ReadAPDPReg(AP reg 0x03)
TFC6A0F40 001:018.621   Value=0x00000002
TFC6A0F40 001:018.627 - 0.210ms returns 0
TFC6A0F40 001:018.631 JLINK_CORESIGHT_ReadAPDPReg(AP reg 0x03)
TFC6A0F40 001:018.833   Value=0x00000002
TFC6A0F40 001:018.840 - 0.209ms returns 0
TFC6A0F40 001:018.844 JLINK_CORESIGHT_ReadAPDPReg(AP reg 0x03)
TFC6A0F40 001:019.051   Value=0x00000002
TFC6A0F40 001:019.057 - 0.213ms returns 0
TFC6A0F40 001:019.061 JLINK_CORESIGHT_ReadAPDPReg(AP reg 0x03)
TFC6A0F40 001:019.270   Value=0x00000002
TFC6A0F40 001:019.275 - 0.214ms returns 0
TFC6A0F40 001:019.279 JLINK_CORESIGHT_ReadAPDPReg(AP reg 0x03)
TFC6A0F40 001:019.536   Value=0x00000002
TFC6A0F40 001:019.541 - 0.262ms returns 0
TFC6A0F40 001:019.545 JLINK_CORESIGHT_ReadAPDPReg(AP reg 0x03)
TFC6A0F40 001:019.738   Value=0x00000002
TFC6A0F40 001:019.743 - 0.198ms returns 0
TFC6A0F40 001:019.746 JLINK_CORESIGHT_ReadAPDPReg(AP reg 0x03)
TFC6A0F40 001:019.952   Value=0x00000002
TFC6A0F40 001:019.957 - 0.211ms returns 0
TFC6A0F40 001:019.960 JLINK_CORESIGHT_ReadAPDPReg(AP reg 0x03)
TFC6A0F40 001:020.167   Value=0x00000002
TFC6A0F40 001:020.173 - 0.213ms returns 0
TFC6A0F40 001:020.176 JLINK_CORESIGHT_ReadAPDPReg(AP reg 0x03)
TFC6A0F40 001:020.374   Value=0x00000002
TFC6A0F40 001:020.379 - 0.203ms returns 0
TFC6A0F40 001:020.383 JLINK_CORESIGHT_ReadAPDPReg(AP reg 0x03)
TFC6A0F40 001:020.627   Value=0x00000002
TFC6A0F40 001:020.635 - 0.252ms returns 0
TFC6A0F40 001:020.642 JLINK_CORESIGHT_ReadAPDPReg(AP reg 0x03)
TFC6A0F40 001:020.858   Value=0x00000002
TFC6A0F40 001:020.867 - 0.225ms returns 0
TFC6A0F40 001:020.873 JLINK_CORESIGHT_ReadAPDPReg(AP reg 0x03)
TFC6A0F40 001:021.085   Value=0x00000002
TFC6A0F40 001:021.095 - 0.222ms returns 0
TFC6A0F40 001:021.101 JLINK_CORESIGHT_ReadAPDPReg(AP reg 0x03)
TFC6A0F40 001:021.324   Value=0x00000002
TFC6A0F40 001:021.368 - 0.267ms returns 0
TFC6A0F40 001:021.377 JLINK_CORESIGHT_ReadAPDPReg(AP reg 0x03)
TFC6A0F40 001:021.669   Value=0x00000002
TFC6A0F40 001:021.678 - 0.301ms returns 0
TFC6A0F40 001:021.682 JLINK_CORESIGHT_ReadAPDPReg(AP reg 0x03)
TFC6A0F40 001:021.905   Value=0x00000002
TFC6A0F40 001:021.911 - 0.229ms returns 0
TFC6A0F40 001:021.915 JLINK_CORESIGHT_ReadAPDPReg(AP reg 0x03)
TFC6A0F40 001:022.126   Value=0x00000000
TFC6A0F40 001:022.132 - 0.217ms returns 0
TFC6A0F40 001:022.135 JLINK_CORESIGHT_WriteAPDPReg(AP reg 0x00, 0x80000002)
TFC6A0F40 001:022.297 - 0.162ms returns 0
TFC6A0F40 001:022.302 JLINK_CORESIGHT_WriteAPDPReg(AP reg 0x01, 0x80011130)
TFC6A0F40 001:022.492 - 0.189ms returns 0
TFC6A0F40 001:022.496 JLINK_CORESIGHT_ReadAPDPReg(AP reg 0x03)
TFC6A0F40 001:022.725   Value=0x2C020081
TFC6A0F40 001:022.730 - 0.234ms returns 0
TFC6A0F40 001:022.734 JLINK_CORESIGHT_WriteAPDPReg(AP reg 0x00, 0x80000002)
TFC6A0F40 001:022.907 - 0.173ms returns 0
TFC6A0F40 001:022.911 JLINK_CORESIGHT_WriteAPDPReg(AP reg 0x01, 0x80011140)
TFC6A0F40 001:023.073 - 0.162ms returns 0
TFC6A0F40 001:023.077 JLINK_CORESIGHT_ReadAPDPReg(AP reg 0x03)
TFC6A0F40 001:023.287   Value=0x00000000
TFC6A0F40 001:023.294 - 0.217ms returns 0
TFC6A0F40 001:023.298 JLINK_CORESIGHT_WriteAPDPReg(AP reg 0x00, 0x80000002)
TFC6A0F40 001:023.472 - 0.174ms returns 0
TFC6A0F40 001:023.476 JLINK_CORESIGHT_WriteAPDPReg(AP reg 0x01, 0x80011130)
TFC6A0F40 001:023.635 - 0.159ms returns 0
TFC6A0F40 001:023.639 JLINK_CORESIGHT_ReadAPDPReg(AP reg 0x03)
TFC6A0F40 001:023.857   Value=0x0003CE04
TFC6A0F40 001:023.862 - 0.223ms returns 0
TFC6A0F40 001:023.871 JLINK_CORESIGHT_WriteAPDPReg(AP reg 0x00, 0x80000002)
TFC6A0F40 001:024.035 - 0.164ms returns 0
TFC6A0F40 001:024.039 JLINK_CORESIGHT_WriteAPDPReg(AP reg 0x01, 0x80011140)
TFC6A0F40 001:024.198 - 0.159ms returns 0
TFC6A0F40 001:024.203 JLINK_CORESIGHT_ReadAPDPReg(AP reg 0x03)
TFC6A0F40 001:024.461   Value=0x00000002
TFC6A0F40 001:024.467 - 0.264ms returns 0
TFC6A0F40 001:024.471 JLINK_CORESIGHT_WriteAPDPReg(AP reg 0x00, 0x80000002)
TFC6A0F40 001:024.633 - 0.162ms returns 0
TFC6A0F40 001:024.638 JLINK_CORESIGHT_WriteAPDPReg(AP reg 0x01, 0x80011120)
TFC6A0F40 001:024.799 - 0.161ms returns 0
TFC6A0F40 001:024.804 JLINK_CORESIGHT_WriteAPDPReg(AP reg 0x03, 0x73010001)
TFC6A0F40 001:024.960 - 0.157ms returns 0
TFC6A0F40 001:024.964 JLINK_CORESIGHT_WriteAPDPReg(AP reg 0x00, 0x80000002)
TFC6A0F40 001:025.121 - 0.157ms returns 0
TFC6A0F40 001:025.127 JLINK_CORESIGHT_WriteAPDPReg(AP reg 0x01, 0x80011140)
TFC6A0F40 001:025.292 - 0.165ms returns 0
TFC6A0F40 001:025.296 JLINK_CORESIGHT_ReadAPDPReg(AP reg 0x03)
TFC6A0F40 001:025.506   Value=0x00000002
TFC6A0F40 001:025.512 - 0.216ms returns 0
TFC6A0F40 001:025.516 JLINK_CORESIGHT_WriteAPDPReg(AP reg 0x00, 0x80000002)
TFC6A0F40 001:025.679 - 0.163ms returns 0
TFC6A0F40 001:025.683 JLINK_CORESIGHT_WriteAPDPReg(AP reg 0x01, 0x80011120)
TFC6A0F40 001:025.840 - 0.158ms returns 0
TFC6A0F40 001:025.845 JLINK_CORESIGHT_WriteAPDPReg(AP reg 0x03, 0x0000038C)
TFC6A0F40 001:026.005 - 0.160ms returns 0
TFC6A0F40 001:026.010 JLINK_CORESIGHT_WriteAPDPReg(AP reg 0x00, 0x80000002)
TFC6A0F40 001:026.180 - 0.170ms returns 0
TFC6A0F40 001:026.184 JLINK_CORESIGHT_WriteAPDPReg(AP reg 0x01, 0x80011140)
TFC6A0F40 001:026.345 - 0.161ms returns 0
TFC6A0F40 001:026.349 JLINK_CORESIGHT_ReadAPDPReg(AP reg 0x03)
TFC6A0F40 001:026.592   Value=0x00000002
TFC6A0F40 001:026.597 - 0.248ms returns 0
TFC6A0F40 001:026.600 JLINK_CORESIGHT_ReadAPDPReg(AP reg 0x03)
TFC6A0F40 001:026.804   Value=0x00000002
TFC6A0F40 001:026.809 - 0.209ms returns 0
TFC6A0F40 001:026.813 JLINK_CORESIGHT_ReadAPDPReg(AP reg 0x03)
TFC6A0F40 001:027.018   Value=0x00000002
TFC6A0F40 001:027.023 - 0.210ms returns 0
TFC6A0F40 001:027.027 JLINK_CORESIGHT_ReadAPDPReg(AP reg 0x03)
TFC6A0F40 001:027.231   Value=0x00000002
TFC6A0F40 001:027.238 - 0.211ms returns 0
TFC6A0F40 001:027.242 JLINK_CORESIGHT_ReadAPDPReg(AP reg 0x03)
TFC6A0F40 001:027.455   Value=0x00000002
TFC6A0F40 001:027.461 - 0.219ms returns 0
TFC6A0F40 001:027.464 JLINK_CORESIGHT_ReadAPDPReg(AP reg 0x03)
TFC6A0F40 001:027.671   Value=0x00000000
TFC6A0F40 001:027.679 - 0.215ms returns 0
TFC6A0F40 001:027.683 JLINK_CORESIGHT_WriteAPDPReg(AP reg 0x00, 0x80000002)
TFC6A0F40 001:027.842 - 0.159ms returns 0
TFC6A0F40 001:027.846 JLINK_CORESIGHT_WriteAPDPReg(AP reg 0x01, 0x80011130)
TFC6A0F40 001:028.010 - 0.164ms returns 0
TFC6A0F40 001:028.015 JLINK_CORESIGHT_ReadAPDPReg(AP reg 0x03)
TFC6A0F40 001:028.228   Value=0x73020081
TFC6A0F40 001:028.234 - 0.219ms returns 0
TFC6A0F40 001:028.241 JLINK_CORESIGHT_WriteAPDPReg(AP reg 0x00, 0x80000002)
TFC6A0F40 001:028.404 - 0.162ms returns 0
TFC6A0F40 001:028.408 JLINK_CORESIGHT_WriteAPDPReg(AP reg 0x01, 0x80011140)
TFC6A0F40 001:028.570 - 0.162ms returns 0
TFC6A0F40 001:028.574 JLINK_CORESIGHT_ReadAPDPReg(AP reg 0x03)
TFC6A0F40 001:028.795   Value=0x00000000
TFC6A0F40 001:028.801 - 0.227ms returns 0
TFC6A0F40 001:028.804 JLINK_CORESIGHT_WriteAPDPReg(AP reg 0x00, 0x80000002)
TFC6A0F40 001:028.970 - 0.165ms returns 0
TFC6A0F40 001:028.974 JLINK_CORESIGHT_WriteAPDPReg(AP reg 0x01, 0x80011130)
TFC6A0F40 001:029.163 - 0.189ms returns 0
TFC6A0F40 001:029.172 JLINK_CORESIGHT_ReadAPDPReg(AP reg 0x03)
TFC6A0F40 001:029.388   Value=0x00038902
TFC6A0F40 001:029.394 - 0.222ms returns 0
TFC6A0F40 001:029.398 JLINK_CORESIGHT_WriteAPDPReg(AP reg 0x00, 0x80000002)
TFC6A0F40 001:029.564 - 0.166ms returns 0
TFC6A0F40 001:029.568 JLINK_CORESIGHT_WriteAPDPReg(AP reg 0x01, 0x80011140)
TFC6A0F40 001:029.734 - 0.166ms returns 0
TFC6A0F40 001:029.738 JLINK_CORESIGHT_ReadAPDPReg(AP reg 0x03)
TFC6A0F40 001:029.951   Value=0x00000002
TFC6A0F40 001:029.956 - 0.218ms returns 0
TFC6A0F40 001:029.960 JLINK_CORESIGHT_WriteAPDPReg(AP reg 0x00, 0x80000002)
TFC6A0F40 001:030.133 - 0.173ms returns 0
TFC6A0F40 001:030.137 JLINK_CORESIGHT_WriteAPDPReg(AP reg 0x01, 0x80011120)
TFC6A0F40 001:030.380 - 0.243ms returns 0
TFC6A0F40 001:030.384 JLINK_CORESIGHT_WriteAPDPReg(AP reg 0x03, 0x75010001)
TFC6A0F40 001:030.551 - 0.167ms returns 0
TFC6A0F40 001:030.555 JLINK_CORESIGHT_WriteAPDPReg(AP reg 0x00, 0x80000002)
TFC6A0F40 001:030.723 - 0.168ms returns 0
TFC6A0F40 001:030.731 JLINK_CORESIGHT_WriteAPDPReg(AP reg 0x01, 0x80011140)
TFC6A0F40 001:030.902 - 0.171ms returns 0
TFC6A0F40 001:030.907 JLINK_CORESIGHT_ReadAPDPReg(AP reg 0x03)
TFC6A0F40 001:031.119   Value=0x00000002
TFC6A0F40 001:031.125 - 0.218ms returns 0
TFC6A0F40 001:031.129 JLINK_CORESIGHT_WriteAPDPReg(AP reg 0x00, 0x80000002)
TFC6A0F40 001:031.351 - 0.222ms returns 0
TFC6A0F40 001:031.355 JLINK_CORESIGHT_WriteAPDPReg(AP reg 0x01, 0x80011120)
TFC6A0F40 001:031.524 - 0.169ms returns 0
TFC6A0F40 001:031.528 JLINK_CORESIGHT_WriteAPDPReg(AP reg 0x03, 0x0000038A)
TFC6A0F40 001:031.690 - 0.162ms returns 0
TFC6A0F40 001:031.694 JLINK_CORESIGHT_WriteAPDPReg(AP reg 0x00, 0x80000002)
TFC6A0F40 001:031.865 - 0.171ms returns 0
TFC6A0F40 001:031.869 JLINK_CORESIGHT_WriteAPDPReg(AP reg 0x01, 0x80011140)
TFC6A0F40 001:032.033 - 0.164ms returns 0
TFC6A0F40 001:032.038 JLINK_CORESIGHT_ReadAPDPReg(AP reg 0x03)
TFC6A0F40 001:032.248   Value=0x00000000
TFC6A0F40 001:032.254 - 0.217ms returns 0
TFC6A0F40 001:032.258 JLINK_CORESIGHT_WriteAPDPReg(AP reg 0x00, 0x80000002)
TFC6A0F40 001:032.442 - 0.184ms returns 0
TFC6A0F40 001:032.448 JLINK_CORESIGHT_WriteAPDPReg(AP reg 0x01, 0x80011130)
TFC6A0F40 001:032.610 - 0.162ms returns 0
TFC6A0F40 001:032.617 JLINK_CORESIGHT_ReadAPDPReg(AP reg 0x03)
TFC6A0F40 001:032.843   Value=0x75020081
TFC6A0F40 001:032.848 - 0.231ms returns 0
TFC6A0F40 001:032.852 JLINK_CORESIGHT_WriteAPDPReg(AP reg 0x00, 0x80000002)
TFC6A0F40 001:033.041 - 0.188ms returns 0
TFC6A0F40 001:033.046 JLINK_CORESIGHT_WriteAPDPReg(AP reg 0x01, 0x80011140)
TFC6A0F40 001:033.223 - 0.177ms returns 0
TFC6A0F40 001:033.231 JLINK_CORESIGHT_ReadAPDPReg(AP reg 0x03)
TFC6A0F40 001:033.508   Value=0x00000000
TFC6A0F40 001:033.517 - 0.286ms returns 0
TFC6A0F40 001:033.524 JLINK_CORESIGHT_WriteAPDPReg(AP reg 0x00, 0x80000002)
TFC6A0F40 001:033.711 - 0.187ms returns 0
TFC6A0F40 001:033.717 JLINK_CORESIGHT_WriteAPDPReg(AP reg 0x01, 0x80011130)
TFC6A0F40 001:033.900 - 0.183ms returns 0
TFC6A0F40 001:033.907 JLINK_CORESIGHT_ReadAPDPReg(AP reg 0x03)
TFC6A0F40 001:034.135   Value=0x00038702
TFC6A0F40 001:034.141 - 0.234ms returns 0
TFC6A0F40 001:034.448 JLINK_CORESIGHT_WriteAPDPReg(AP reg 0x00, 0x80000002)
TFC6A0F40 001:034.625 - 0.177ms returns 0
TFC6A0F40 001:034.630 JLINK_CORESIGHT_WriteAPDPReg(AP reg 0x01, 0x80011140)
TFC6A0F40 001:034.791 - 0.161ms returns 0
TFC6A0F40 001:034.796 JLINK_CORESIGHT_ReadAPDPReg(AP reg 0x03)
TFC6A0F40 001:035.012   Value=0x00000002
TFC6A0F40 001:035.018 - 0.222ms returns 0
TFC6A0F40 001:035.022 JLINK_CORESIGHT_WriteAPDPReg(AP reg 0x00, 0x80000002)
TFC6A0F40 001:035.189 - 0.167ms returns 0
TFC6A0F40 001:035.193 JLINK_CORESIGHT_WriteAPDPReg(AP reg 0x01, 0x80011120)
TFC6A0F40 001:035.400 - 0.207ms returns 0
TFC6A0F40 001:035.404 JLINK_CORESIGHT_WriteAPDPReg(AP reg 0x03, 0x4F010001)
TFC6A0F40 001:035.559 - 0.155ms returns 0
TFC6A0F40 001:035.564 JLINK_CORESIGHT_WriteAPDPReg(AP reg 0x00, 0x80000002)
TFC6A0F40 001:035.727 - 0.163ms returns 0
TFC6A0F40 001:035.731 JLINK_CORESIGHT_WriteAPDPReg(AP reg 0x01, 0x80011140)
TFC6A0F40 001:035.896 - 0.165ms returns 0
TFC6A0F40 001:035.900 JLINK_CORESIGHT_ReadAPDPReg(AP reg 0x03)
TFC6A0F40 001:036.104   Value=0x00000002
TFC6A0F40 001:036.110 - 0.210ms returns 0
TFC6A0F40 001:036.114 JLINK_CORESIGHT_WriteAPDPReg(AP reg 0x00, 0x80000002)
TFC6A0F40 001:036.280 - 0.166ms returns 0
TFC6A0F40 001:036.284 JLINK_CORESIGHT_WriteAPDPReg(AP reg 0x01, 0x80011120)
TFC6A0F40 001:036.451 - 0.167ms returns 0
TFC6A0F40 001:036.456 JLINK_CORESIGHT_WriteAPDPReg(AP reg 0x03, 0x000003B0)
TFC6A0F40 001:036.621 - 0.165ms returns 0
TFC6A0F40 001:036.625 JLINK_CORESIGHT_WriteAPDPReg(AP reg 0x00, 0x80000002)
TFC6A0F40 001:036.788 - 0.163ms returns 0
TFC6A0F40 001:036.792 JLINK_CORESIGHT_WriteAPDPReg(AP reg 0x01, 0x80011140)
TFC6A0F40 001:036.966 - 0.174ms returns 0
TFC6A0F40 001:036.971 JLINK_CORESIGHT_ReadAPDPReg(AP reg 0x03)
TFC6A0F40 001:037.264   Value=0x00000000
TFC6A0F40 001:037.274 - 0.303ms returns 0
TFC6A0F40 001:037.278 JLINK_CORESIGHT_WriteAPDPReg(AP reg 0x00, 0x80000002)
TFC6A0F40 001:037.459 - 0.181ms returns 0
TFC6A0F40 001:037.464 JLINK_CORESIGHT_WriteAPDPReg(AP reg 0x01, 0x80011130)
TFC6A0F40 001:037.636 - 0.173ms returns 0
TFC6A0F40 001:037.642 JLINK_CORESIGHT_ReadAPDPReg(AP reg 0x03)
TFC6A0F40 001:037.849   Value=0x4F0B0081
TFC6A0F40 001:037.854 - 0.212ms returns 0
TFC6A0F40 001:037.858 JLINK_CORESIGHT_WriteAPDPReg(AP reg 0x00, 0x80000002)
TFC6A0F40 001:038.020 - 0.162ms returns 0
TFC6A0F40 001:038.025 JLINK_CORESIGHT_WriteAPDPReg(AP reg 0x01, 0x80011140)
TFC6A0F40 001:038.248 - 0.224ms returns 0
TFC6A0F40 001:038.253 JLINK_CORESIGHT_ReadAPDPReg(AP reg 0x03)
TFC6A0F40 001:038.472   Value=0x00000000
TFC6A0F40 001:038.477 - 0.224ms returns 0
TFC6A0F40 001:038.481 JLINK_CORESIGHT_WriteAPDPReg(AP reg 0x00, 0x80000002)
TFC6A0F40 001:038.647 - 0.166ms returns 0
TFC6A0F40 001:038.651 JLINK_CORESIGHT_WriteAPDPReg(AP reg 0x01, 0x80011130)
TFC6A0F40 001:038.810 - 0.159ms returns 0
TFC6A0F40 001:038.814 JLINK_CORESIGHT_ReadAPDPReg(AP reg 0x03)
TFC6A0F40 001:039.021   Value=0x40030000
TFC6A0F40 001:039.026 - 0.212ms returns 0
TFC6A0F40 001:039.029 JLINK_CORESIGHT_WriteAPDPReg(AP reg 0x00, 0x80000002)
TFC6A0F40 001:039.216 - 0.187ms returns 0
TFC6A0F40 001:039.220 JLINK_CORESIGHT_WriteAPDPReg(AP reg 0x01, 0x80011140)
TFC6A0F40 001:039.386 - 0.166ms returns 0
TFC6A0F40 001:039.390 JLINK_CORESIGHT_ReadAPDPReg(AP reg 0x03)
TFC6A0F40 001:039.602   Value=0x00000000
TFC6A0F40 001:039.607 - 0.217ms returns 0
TFC6A0F40 001:039.610 JLINK_CORESIGHT_WriteAPDPReg(AP reg 0x00, 0x80000002)
TFC6A0F40 001:039.771 - 0.161ms returns 0
TFC6A0F40 001:039.776 JLINK_CORESIGHT_WriteAPDPReg(AP reg 0x01, 0x80011130)
TFC6A0F40 001:039.938 - 0.162ms returns 0
TFC6A0F40 001:039.942 JLINK_CORESIGHT_ReadAPDPReg(AP reg 0x03)
TFC6A0F40 001:040.216   Value=0x00000000
TFC6A0F40 001:040.221 - 0.279ms returns 0
TFC6A0F40 001:040.224 JLINK_CORESIGHT_WriteAPDPReg(AP reg 0x00, 0x80000002)
TFC6A0F40 001:040.381 - 0.157ms returns 0
TFC6A0F40 001:040.385 JLINK_CORESIGHT_WriteAPDPReg(AP reg 0x01, 0x80011140)
TFC6A0F40 001:040.568 - 0.183ms returns 0
TFC6A0F40 001:040.574 JLINK_CORESIGHT_ReadAPDPReg(AP reg 0x03)
TFC6A0F40 001:040.795   Value=0x00000000
TFC6A0F40 001:040.802 - 0.228ms returns 0
TFC6A0F40 001:040.806 JLINK_CORESIGHT_WriteAPDPReg(AP reg 0x00, 0x80000002)
TFC6A0F40 001:040.984 - 0.179ms returns 0
TFC6A0F40 001:040.992 JLINK_CORESIGHT_WriteAPDPReg(AP reg 0x01, 0x80011130)
TFC6A0F40 001:041.191 - 0.199ms returns 0
TFC6A0F40 001:041.197 JLINK_CORESIGHT_ReadAPDPReg(AP reg 0x03)
TFC6A0F40 001:041.408   Value=0x03630000
TFC6A0F40 001:041.414 - 0.217ms returns 0
TFC6A0F40 001:041.514 JLINK_CORESIGHT_ReadAPDPReg(DP reg 0x01)
TFC6A0F40 001:041.684   Value=0xF0000F40
TFC6A0F40 001:041.689 - 0.175ms returns 0
TFC6A0F40 001:041.692 JLINK_CORESIGHT_WriteAPDPReg(DP reg 0x01, 0xA0000F40)
TFC6A0F40 001:041.851 - 0.159ms returns 0
TFC6A0F40 001:041.856 JLINK_CORESIGHT_ReadAPDPReg(DP reg 0x01)
TFC6A0F40 001:042.020   Value=0x00000F40
TFC6A0F40 001:042.026 - 0.170ms returns 0
TFC6A0F40 001:042.030 JLINK_ClrRESET()
TFC6A0F40 001:042.210 - 0.180ms 
TFC6A0F40 001:149.798 JLINK_Close()
TFC6A0F40 001:161.479 - 11.680ms
TFC6A0F40 001:161.499   
TFC6A0F40 001:161.503   Closed
