TFC6A0F40 000:003.624   SEGGER J-Link V8.44a Log File
TFC6A0F40 000:003.882   DLL Compiled: Jun 18 2025 16:32:45
TFC6A0F40 000:003.888   Logging started @ 2025-07-22 06:14
TFC6A0F40 000:003.893   Process: /Users/kim_kyoungkun/.eclipse/com.renesas.platform_589702750/DebugComp/RA/e2-server-gdb
TFC6A0F40 000:003.908 - 3.897ms 
TFC6A0F40 000:003.935 JLINK_GetDLLVersion()
TFC6A0F40 000:003.940 - 0.016ms returns 84401
TFC6A0F40 000:008.577 JLINK_OpenEx(...)
TFC6A0F40 000:013.998   Firmware: J-Link OB-RA4M2 compiled Apr  1 2025 10:13:55
TFC6A0F40 000:014.652   Firmware: J-Link OB-RA4M2 compiled Apr  1 2025 10:13:55
TFC6A0F40 000:027.628   Hardware: V1.00
TFC6A0F40 000:027.641   S/N: 1088685994
TFC6A0F40 000:027.648   OEM: SEGGER
TFC6A0F40 000:027.655   Feature(s): None
TFC6A0F40 000:028.321   Bootloader: 2021 May 14
TFC6A0F40 000:028.682   USB speed mode: Full speed (12 MBit/s)
TFC6A0F40 000:029.334   TELNET listener socket opened on port 19021
TFC6A0F40 000:029.377   WEBSRV WEBSRV_Init(): Starting webserver thread(s)
TFC6A0F40 000:029.407   WEBSRV Webserver running on local port 19080
TFC6A0F40 000:029.421   Looking for J-Link GUI Server exe at: /Users/kim_kyoungkun/.eclipse/com.renesas.platform_589702750/DebugComp/RA/ARM/Segger_v8.44.1/JLinkGUIServerExe
TFC6A0F40 000:029.435   Looking for J-Link GUI Server exe at: /Applications/SEGGER/JLink/JLinkGUIServerExe
TFC6A0F40 000:029.464   Forking J-Link GUI Server: /Applications/SEGGER/JLink/JLinkGUIServerExe
TFC6A0F40 000:533.543   J-Link GUI Server info: "J-Link GUI server V8.52 "
TFC6A0F40 000:556.551 - 547.972ms returns "O.K."
TFC6A0F40 000:556.642 JLINK_TIF_Select(JLINKARM_TIF_SWD)
TFC6A0F40 000:557.145 - 0.502ms returns 0x00
TFC6A0F40 000:557.155 JLINK_ClrRESET()
TFC6A0F40 000:558.613 - 1.459ms 
TFC6A0F40 000:612.792 JLINK_SetSpeed(1500)
TFC6A0F40 000:613.024 - 0.233ms 
TFC6A0F40 000:613.037 JLINK_CORESIGHT_Configure(PerformTIFInit=0)
TFC6A0F40 000:616.568 - 3.531ms returns 0
TFC6A0F40 000:616.582 JLINK_CORESIGHT_ReadAPDPReg(DP reg 0x00)
TFC6A0F40 000:617.014   Value=0x6BA02477
TFC6A0F40 000:617.026 - 0.445ms returns 0
TFC6A0F40 000:617.035 JLINK_CORESIGHT_WriteAPDPReg(DP reg 0x00, 0x0000001F)
TFC6A0F40 000:617.276 - 0.242ms returns 0
TFC6A0F40 000:617.286 JLINK_CORESIGHT_ReadAPDPReg(DP reg 0x00)
TFC6A0F40 000:617.578   Value=0x6BA02477
TFC6A0F40 000:617.591 - 0.305ms returns 0
TFC6A0F40 000:617.599 JLINK_CORESIGHT_WriteAPDPReg(DP reg 0x02, 0x00000000)
TFC6A0F40 000:617.867 - 0.269ms returns 0
TFC6A0F40 000:617.880 JLINK_CORESIGHT_WriteAPDPReg(DP reg 0x01, 0x50000000)
TFC6A0F40 000:618.140 - 0.259ms returns 0
TFC6A0F40 000:618.160 JLINK_CORESIGHT_ReadAPDPReg(DP reg 0x01)
TFC6A0F40 000:618.396   Value=0xF0000040
TFC6A0F40 000:618.405 - 0.246ms returns 0
TFC6A0F40 000:618.417 JLINK_CORESIGHT_WriteAPDPReg(DP reg 0x00, 0x0000001F)
TFC6A0F40 000:618.666 - 0.249ms returns 0
TFC6A0F40 000:618.685 JLINK_CORESIGHT_ReadAPDPReg(DP reg 0x00)
TFC6A0F40 000:618.919   Value=0x6BA02477
TFC6A0F40 000:618.927 - 0.242ms returns 0
TFC6A0F40 000:618.933 JLINK_CORESIGHT_WriteAPDPReg(DP reg 0x01, 0x54000000)
TFC6A0F40 000:619.166 - 0.233ms returns 0
TFC6A0F40 000:619.181 JLINK_CORESIGHT_WriteAPDPReg(DP reg 0x01, 0x50000F00)
TFC6A0F40 000:619.412 - 0.231ms returns 0
TFC6A0F40 000:619.424 JLINK_CORESIGHT_WriteAPDPReg(DP reg 0x02, 0x01000000)
TFC6A0F40 000:619.654 - 0.230ms returns 0
TFC6A0F40 000:619.661 JLINK_CORESIGHT_WriteAPDPReg(AP reg 0x00, 0x80000002)
TFC6A0F40 000:619.903 - 0.242ms returns 0
TFC6A0F40 000:619.914 JLINK_CORESIGHT_WriteAPDPReg(AP reg 0x01, 0x80011100)
TFC6A0F40 000:620.148 - 0.234ms returns 0
TFC6A0F40 000:620.156 JLINK_CORESIGHT_WriteAPDPReg(AP reg 0x03, 0x000000A5)
TFC6A0F40 000:620.390 - 0.234ms returns 0
TFC6A0F40 000:620.398 JLINK_CORESIGHT_WriteAPDPReg(AP reg 0x00, 0x80000002)
TFC6A0F40 000:620.632 - 0.233ms returns 0
TFC6A0F40 000:620.639 JLINK_CORESIGHT_WriteAPDPReg(AP reg 0x01, 0x80011100)
TFC6A0F40 000:620.876 - 0.237ms returns 0
TFC6A0F40 000:620.884 JLINK_CORESIGHT_ReadAPDPReg(AP reg 0x03)
TFC6A0F40 000:621.183   Value=0x000000A5
TFC6A0F40 000:621.202 - 0.319ms returns 0
TFC6A0F40 000:621.208 JLINK_ClrTMS()
TFC6A0F40 000:621.297 - 0.089ms 
TFC6A0F40 000:627.470 JLINK_SetTCK()
TFC6A0F40 000:627.646 - 0.177ms returns 0
TFC6A0F40 000:633.038 JLINK_SetRESET()
TFC6A0F40 000:633.194 - 0.155ms 
TFC6A0F40 000:833.918 JLINK_CORESIGHT_WriteAPDPReg(AP reg 0x00, 0x80000002)
TFC6A0F40 000:834.336 - 0.419ms returns 0
TFC6A0F40 000:834.355 JLINK_CORESIGHT_WriteAPDPReg(AP reg 0x01, 0x80011100)
TFC6A0F40 000:834.609 - 0.253ms returns 0
TFC6A0F40 000:834.623 JLINK_CORESIGHT_ReadAPDPReg(AP reg 0x03)
TFC6A0F40 000:834.915   Value=0x00000000
TFC6A0F40 000:834.929 - 0.306ms returns 0
TFC6A0F40 000:834.942 JLINK_CORESIGHT_WriteAPDPReg(AP reg 0x00, 0x80000002)
TFC6A0F40 000:835.258 - 0.315ms returns 0
TFC6A0F40 000:835.269 JLINK_CORESIGHT_WriteAPDPReg(AP reg 0x01, 0x80011140)
TFC6A0F40 000:835.533 - 0.263ms returns 0
TFC6A0F40 000:835.550 JLINK_CORESIGHT_ReadAPDPReg(AP reg 0x03)
TFC6A0F40 000:835.840   Value=0x00000002
TFC6A0F40 000:835.854 - 0.305ms returns 0
TFC6A0F40 000:835.863 JLINK_CORESIGHT_WriteAPDPReg(AP reg 0x00, 0x80000002)
TFC6A0F40 000:836.118 - 0.255ms returns 0
TFC6A0F40 000:836.128 JLINK_CORESIGHT_WriteAPDPReg(AP reg 0x01, 0x80011120)
TFC6A0F40 000:836.372 - 0.244ms returns 0
TFC6A0F40 000:836.384 JLINK_CORESIGHT_WriteAPDPReg(AP reg 0x03, 0x00000055)
TFC6A0F40 000:836.627 - 0.243ms returns 0
TFC6A0F40 000:836.638 JLINK_CORESIGHT_WriteAPDPReg(AP reg 0x00, 0x80000002)
TFC6A0F40 000:836.847 - 0.209ms returns 0
TFC6A0F40 000:836.859 JLINK_CORESIGHT_WriteAPDPReg(AP reg 0x01, 0x80011140)
TFC6A0F40 000:837.114 - 0.256ms returns 0
TFC6A0F40 000:837.132 JLINK_CORESIGHT_ReadAPDPReg(AP reg 0x03)
TFC6A0F40 000:837.411   Value=0x00000002
TFC6A0F40 000:837.425 - 0.293ms returns 0
TFC6A0F40 000:837.433 JLINK_CORESIGHT_ReadAPDPReg(AP reg 0x03)
TFC6A0F40 000:837.701   Value=0x00000002
TFC6A0F40 000:837.714 - 0.281ms returns 0
TFC6A0F40 000:837.721 JLINK_CORESIGHT_ReadAPDPReg(AP reg 0x03)
TFC6A0F40 000:837.985   Value=0x00000002
TFC6A0F40 000:837.996 - 0.275ms returns 0
TFC6A0F40 000:838.003 JLINK_CORESIGHT_ReadAPDPReg(AP reg 0x03)
TFC6A0F40 000:838.270   Value=0x00000002
TFC6A0F40 000:838.282 - 0.278ms returns 0
TFC6A0F40 000:838.288 JLINK_CORESIGHT_ReadAPDPReg(AP reg 0x03)
TFC6A0F40 000:838.697   Value=0x00000002
TFC6A0F40 000:838.707 - 0.419ms returns 0
TFC6A0F40 000:838.713 JLINK_CORESIGHT_ReadAPDPReg(AP reg 0x03)
TFC6A0F40 000:838.993   Value=0x00000002
TFC6A0F40 000:839.003 - 0.290ms returns 0
TFC6A0F40 000:839.009 JLINK_CORESIGHT_ReadAPDPReg(AP reg 0x03)
TFC6A0F40 000:839.267   Value=0x00000002
TFC6A0F40 000:839.277 - 0.268ms returns 0
TFC6A0F40 000:839.283 JLINK_CORESIGHT_ReadAPDPReg(AP reg 0x03)
TFC6A0F40 000:839.543   Value=0x00000002
TFC6A0F40 000:839.557 - 0.274ms returns 0
TFC6A0F40 000:839.564 JLINK_CORESIGHT_ReadAPDPReg(AP reg 0x03)
TFC6A0F40 000:839.855   Value=0x00000002
TFC6A0F40 000:839.867 - 0.303ms returns 0
TFC6A0F40 000:839.873 JLINK_CORESIGHT_ReadAPDPReg(AP reg 0x03)
TFC6A0F40 000:840.138   Value=0x00000002
TFC6A0F40 000:840.149 - 0.276ms returns 0
TFC6A0F40 000:840.155 JLINK_CORESIGHT_ReadAPDPReg(AP reg 0x03)
TFC6A0F40 000:840.442   Value=0x00000002
TFC6A0F40 000:840.454 - 0.299ms returns 0
TFC6A0F40 000:840.461 JLINK_CORESIGHT_ReadAPDPReg(AP reg 0x03)
TFC6A0F40 000:840.737   Value=0x00000002
TFC6A0F40 000:840.747 - 0.287ms returns 0
TFC6A0F40 000:840.753 JLINK_CORESIGHT_ReadAPDPReg(AP reg 0x03)
TFC6A0F40 000:841.056   Value=0x00000002
TFC6A0F40 000:841.066 - 0.313ms returns 0
TFC6A0F40 000:841.072 JLINK_CORESIGHT_ReadAPDPReg(AP reg 0x03)
TFC6A0F40 000:841.355   Value=0x00000002
TFC6A0F40 000:841.366 - 0.294ms returns 0
TFC6A0F40 000:841.372 JLINK_CORESIGHT_ReadAPDPReg(AP reg 0x03)
TFC6A0F40 000:841.644   Value=0x00000002
TFC6A0F40 000:841.655 - 0.283ms returns 0
TFC6A0F40 000:841.661 JLINK_CORESIGHT_ReadAPDPReg(AP reg 0x03)
TFC6A0F40 000:842.021   Value=0x00000002
TFC6A0F40 000:842.032 - 0.370ms returns 0
TFC6A0F40 000:842.038 JLINK_CORESIGHT_ReadAPDPReg(AP reg 0x03)
TFC6A0F40 000:842.330   Value=0x00000002
TFC6A0F40 000:842.346 - 0.309ms returns 0
TFC6A0F40 000:842.352 JLINK_CORESIGHT_ReadAPDPReg(AP reg 0x03)
TFC6A0F40 000:842.639   Value=0x00000002
TFC6A0F40 000:842.650 - 0.298ms returns 0
TFC6A0F40 000:842.656 JLINK_CORESIGHT_ReadAPDPReg(AP reg 0x03)
TFC6A0F40 000:843.016   Value=0x00000002
TFC6A0F40 000:843.026 - 0.370ms returns 0
TFC6A0F40 000:843.032 JLINK_CORESIGHT_ReadAPDPReg(AP reg 0x03)
TFC6A0F40 000:843.306   Value=0x00000002
TFC6A0F40 000:843.317 - 0.284ms returns 0
TFC6A0F40 000:843.327 JLINK_CORESIGHT_ReadAPDPReg(AP reg 0x03)
TFC6A0F40 000:843.600   Value=0x00000002
TFC6A0F40 000:843.610 - 0.283ms returns 0
TFC6A0F40 000:843.619 JLINK_CORESIGHT_ReadAPDPReg(AP reg 0x03)
TFC6A0F40 000:843.902   Value=0x00000002
TFC6A0F40 000:843.912 - 0.293ms returns 0
TFC6A0F40 000:843.921 JLINK_CORESIGHT_ReadAPDPReg(AP reg 0x03)
TFC6A0F40 000:844.196   Value=0x00000002
TFC6A0F40 000:844.206 - 0.286ms returns 0
TFC6A0F40 000:844.214 JLINK_CORESIGHT_ReadAPDPReg(AP reg 0x03)
TFC6A0F40 000:844.501   Value=0x00000002
TFC6A0F40 000:844.511 - 0.297ms returns 0
TFC6A0F40 000:844.519 JLINK_CORESIGHT_ReadAPDPReg(AP reg 0x03)
TFC6A0F40 000:844.788   Value=0x00000002
TFC6A0F40 000:844.798 - 0.279ms returns 0
TFC6A0F40 000:844.807 JLINK_CORESIGHT_ReadAPDPReg(AP reg 0x03)
TFC6A0F40 000:845.133   Value=0x00000002
TFC6A0F40 000:845.143 - 0.337ms returns 0
TFC6A0F40 000:845.152 JLINK_CORESIGHT_ReadAPDPReg(AP reg 0x03)
TFC6A0F40 000:845.419   Value=0x00000002
TFC6A0F40 000:845.429 - 0.277ms returns 0
TFC6A0F40 000:845.437 JLINK_CORESIGHT_ReadAPDPReg(AP reg 0x03)
TFC6A0F40 000:845.707   Value=0x00000002
TFC6A0F40 000:845.717 - 0.280ms returns 0
TFC6A0F40 000:845.725 JLINK_CORESIGHT_ReadAPDPReg(AP reg 0x03)
TFC6A0F40 000:845.987   Value=0x00000002
TFC6A0F40 000:845.998 - 0.273ms returns 0
TFC6A0F40 000:846.006 JLINK_CORESIGHT_ReadAPDPReg(AP reg 0x03)
TFC6A0F40 000:846.291   Value=0x00000002
TFC6A0F40 000:846.301 - 0.296ms returns 0
TFC6A0F40 000:846.309 JLINK_CORESIGHT_ReadAPDPReg(AP reg 0x03)
TFC6A0F40 000:846.563   Value=0x00000002
TFC6A0F40 000:846.573 - 0.264ms returns 0
TFC6A0F40 000:846.582 JLINK_CORESIGHT_ReadAPDPReg(AP reg 0x03)
TFC6A0F40 000:846.841   Value=0x00000002
TFC6A0F40 000:846.851 - 0.269ms returns 0
TFC6A0F40 000:846.861 JLINK_CORESIGHT_ReadAPDPReg(AP reg 0x03)
TFC6A0F40 000:847.183   Value=0x00000002
TFC6A0F40 000:847.194 - 0.334ms returns 0
TFC6A0F40 000:847.203 JLINK_CORESIGHT_ReadAPDPReg(AP reg 0x03)
TFC6A0F40 000:847.481   Value=0x00000002
TFC6A0F40 000:847.495 - 0.292ms returns 0
TFC6A0F40 000:847.503 JLINK_CORESIGHT_ReadAPDPReg(AP reg 0x03)
TFC6A0F40 000:847.789   Value=0x00000000
TFC6A0F40 000:847.801 - 0.297ms returns 0
TFC6A0F40 000:847.810 JLINK_CORESIGHT_WriteAPDPReg(AP reg 0x00, 0x80000002)
TFC6A0F40 000:848.063 - 0.253ms returns 0
TFC6A0F40 000:848.079 JLINK_CORESIGHT_WriteAPDPReg(AP reg 0x01, 0x80011130)
TFC6A0F40 000:848.348 - 0.268ms returns 0
TFC6A0F40 000:848.360 JLINK_CORESIGHT_ReadAPDPReg(AP reg 0x03)
TFC6A0F40 000:848.662   Value=0x000000C6
TFC6A0F40 000:848.673 - 0.313ms returns 0
TFC6A0F40 000:848.994 JLINK_CORESIGHT_WriteAPDPReg(AP reg 0x00, 0x80000002)
TFC6A0F40 000:849.224 - 0.230ms returns 0
TFC6A0F40 000:849.232 JLINK_CORESIGHT_WriteAPDPReg(AP reg 0x01, 0x80011140)
TFC6A0F40 000:849.463 - 0.231ms returns 0
TFC6A0F40 000:849.471 JLINK_CORESIGHT_ReadAPDPReg(AP reg 0x03)
TFC6A0F40 000:849.753   Value=0x00000002
TFC6A0F40 000:849.762 - 0.291ms returns 0
TFC6A0F40 000:849.768 JLINK_CORESIGHT_WriteAPDPReg(AP reg 0x00, 0x80000002)
TFC6A0F40 000:850.004 - 0.237ms returns 0
TFC6A0F40 000:850.012 JLINK_CORESIGHT_WriteAPDPReg(AP reg 0x01, 0x80011120)
TFC6A0F40 000:850.258 - 0.246ms returns 0
TFC6A0F40 000:850.265 JLINK_CORESIGHT_WriteAPDPReg(AP reg 0x03, 0x3A010001)
TFC6A0F40 000:850.488 - 0.223ms returns 0
TFC6A0F40 000:850.496 JLINK_CORESIGHT_WriteAPDPReg(AP reg 0x00, 0x80000002)
TFC6A0F40 000:850.785 - 0.289ms returns 0
TFC6A0F40 000:850.795 JLINK_CORESIGHT_WriteAPDPReg(AP reg 0x01, 0x80011140)
TFC6A0F40 000:851.058 - 0.263ms returns 0
TFC6A0F40 000:851.066 JLINK_CORESIGHT_ReadAPDPReg(AP reg 0x03)
TFC6A0F40 000:851.354   Value=0x00000002
TFC6A0F40 000:851.363 - 0.297ms returns 0
TFC6A0F40 000:851.369 JLINK_CORESIGHT_WriteAPDPReg(AP reg 0x00, 0x80000002)
TFC6A0F40 000:851.593 - 0.224ms returns 0
TFC6A0F40 000:851.600 JLINK_CORESIGHT_WriteAPDPReg(AP reg 0x01, 0x80011120)
TFC6A0F40 000:851.856 - 0.255ms returns 0
TFC6A0F40 000:851.863 JLINK_CORESIGHT_WriteAPDPReg(AP reg 0x03, 0x000003C5)
TFC6A0F40 000:852.074 - 0.211ms returns 0
TFC6A0F40 000:852.083 JLINK_CORESIGHT_WriteAPDPReg(AP reg 0x00, 0x80000002)
TFC6A0F40 000:852.283 - 0.201ms returns 0
TFC6A0F40 000:852.291 JLINK_CORESIGHT_WriteAPDPReg(AP reg 0x01, 0x80011140)
TFC6A0F40 000:852.514 - 0.222ms returns 0
TFC6A0F40 000:852.523 JLINK_CORESIGHT_ReadAPDPReg(AP reg 0x03)
TFC6A0F40 000:852.870   Value=0x00000002
TFC6A0F40 000:852.881 - 0.357ms returns 0
TFC6A0F40 000:852.935 JLINK_CORESIGHT_ReadAPDPReg(AP reg 0x03)
TFC6A0F40 000:853.212   Value=0x00000002
TFC6A0F40 000:853.249 - 0.315ms returns 0
TFC6A0F40 000:853.255 JLINK_CORESIGHT_ReadAPDPReg(AP reg 0x03)
TFC6A0F40 000:853.549   Value=0x00000002
TFC6A0F40 000:853.562 - 0.307ms returns 0
TFC6A0F40 000:853.592 JLINK_CORESIGHT_ReadAPDPReg(AP reg 0x03)
TFC6A0F40 000:853.925   Value=0x00000002
TFC6A0F40 000:853.946 - 0.355ms returns 0
TFC6A0F40 000:853.953 JLINK_CORESIGHT_ReadAPDPReg(AP reg 0x03)
TFC6A0F40 000:854.222   Value=0x00000002
TFC6A0F40 000:854.233 - 0.281ms returns 0
TFC6A0F40 000:854.239 JLINK_CORESIGHT_ReadAPDPReg(AP reg 0x03)
TFC6A0F40 000:854.505   Value=0x00000002
TFC6A0F40 000:854.515 - 0.276ms returns 0
TFC6A0F40 000:854.520 JLINK_CORESIGHT_ReadAPDPReg(AP reg 0x03)
TFC6A0F40 000:854.827   Value=0x00000002
TFC6A0F40 000:854.836 - 0.316ms returns 0
TFC6A0F40 000:854.841 JLINK_CORESIGHT_ReadAPDPReg(AP reg 0x03)
TFC6A0F40 000:855.123   Value=0x00000002
TFC6A0F40 000:855.132 - 0.291ms returns 0
TFC6A0F40 000:855.137 JLINK_CORESIGHT_ReadAPDPReg(AP reg 0x03)
TFC6A0F40 000:855.437   Value=0x00000002
TFC6A0F40 000:855.447 - 0.310ms returns 0
TFC6A0F40 000:855.452 JLINK_CORESIGHT_ReadAPDPReg(AP reg 0x03)
TFC6A0F40 000:855.819   Value=0x00000002
TFC6A0F40 000:855.828 - 0.376ms returns 0
TFC6A0F40 000:855.833 JLINK_CORESIGHT_ReadAPDPReg(AP reg 0x03)
TFC6A0F40 000:856.107   Value=0x00000000
TFC6A0F40 000:856.115 - 0.282ms returns 0
TFC6A0F40 000:856.121 JLINK_CORESIGHT_WriteAPDPReg(AP reg 0x00, 0x80000002)
TFC6A0F40 000:856.362 - 0.241ms returns 0
TFC6A0F40 000:856.368 JLINK_CORESIGHT_WriteAPDPReg(AP reg 0x01, 0x80011130)
TFC6A0F40 000:856.606 - 0.238ms returns 0
TFC6A0F40 000:856.613 JLINK_CORESIGHT_ReadAPDPReg(AP reg 0x03)
TFC6A0F40 000:856.876   Value=0x3A2A0081
TFC6A0F40 000:856.884 - 0.271ms returns 0
TFC6A0F40 000:856.889 JLINK_CORESIGHT_WriteAPDPReg(AP reg 0x00, 0x80000002)
TFC6A0F40 000:857.123 - 0.234ms returns 0
TFC6A0F40 000:857.130 JLINK_CORESIGHT_WriteAPDPReg(AP reg 0x01, 0x80011140)
TFC6A0F40 000:857.364 - 0.234ms returns 0
TFC6A0F40 000:857.371 JLINK_CORESIGHT_ReadAPDPReg(AP reg 0x03)
TFC6A0F40 000:857.649   Value=0x00000000
TFC6A0F40 000:857.657 - 0.286ms returns 0
TFC6A0F40 000:857.662 JLINK_CORESIGHT_WriteAPDPReg(AP reg 0x00, 0x80000002)
TFC6A0F40 000:857.884 - 0.222ms returns 0
TFC6A0F40 000:857.891 JLINK_CORESIGHT_WriteAPDPReg(AP reg 0x01, 0x80011130)
TFC6A0F40 000:858.134 - 0.243ms returns 0
TFC6A0F40 000:858.141 JLINK_CORESIGHT_ReadAPDPReg(AP reg 0x03)
TFC6A0F40 000:858.434   Value=0x808D5B00
TFC6A0F40 000:858.441 - 0.300ms returns 0
TFC6A0F40 000:858.447 JLINK_CORESIGHT_WriteAPDPReg(AP reg 0x00, 0x80000002)
TFC6A0F40 000:858.782 - 0.334ms returns 0
TFC6A0F40 000:858.788 JLINK_CORESIGHT_WriteAPDPReg(AP reg 0x01, 0x80011140)
TFC6A0F40 000:859.041 - 0.253ms returns 0
TFC6A0F40 000:859.047 JLINK_CORESIGHT_ReadAPDPReg(AP reg 0x03)
TFC6A0F40 000:859.343   Value=0x00000000
TFC6A0F40 000:859.351 - 0.304ms returns 0
TFC6A0F40 000:859.356 JLINK_CORESIGHT_WriteAPDPReg(AP reg 0x00, 0x80000002)
TFC6A0F40 000:859.589 - 0.233ms returns 0
TFC6A0F40 000:859.618 JLINK_CORESIGHT_WriteAPDPReg(AP reg 0x01, 0x80011130)
TFC6A0F40 000:859.856 - 0.238ms returns 0
TFC6A0F40 000:859.863 JLINK_CORESIGHT_ReadAPDPReg(AP reg 0x03)
TFC6A0F40 000:860.162   Value=0x0406070A
TFC6A0F40 000:860.172 - 0.309ms returns 0
TFC6A0F40 000:860.177 JLINK_CORESIGHT_WriteAPDPReg(AP reg 0x00, 0x80000002)
TFC6A0F40 000:860.412 - 0.235ms returns 0
TFC6A0F40 000:860.419 JLINK_CORESIGHT_WriteAPDPReg(AP reg 0x01, 0x80011140)
TFC6A0F40 000:860.743 - 0.324ms returns 0
TFC6A0F40 000:860.752 JLINK_CORESIGHT_ReadAPDPReg(AP reg 0x03)
TFC6A0F40 000:861.081   Value=0x00000000
TFC6A0F40 000:861.092 - 0.340ms returns 0
TFC6A0F40 000:861.097 JLINK_CORESIGHT_WriteAPDPReg(AP reg 0x00, 0x80000002)
TFC6A0F40 000:861.339 - 0.241ms returns 0
TFC6A0F40 000:861.346 JLINK_CORESIGHT_WriteAPDPReg(AP reg 0x01, 0x80011130)
TFC6A0F40 000:861.593 - 0.247ms returns 0
TFC6A0F40 000:861.600 JLINK_CORESIGHT_ReadAPDPReg(AP reg 0x03)
TFC6A0F40 000:861.901   Value=0x3154540B
TFC6A0F40 000:861.910 - 0.311ms returns 0
TFC6A0F40 000:861.915 JLINK_CORESIGHT_WriteAPDPReg(AP reg 0x00, 0x80000002)
TFC6A0F40 000:862.152 - 0.238ms returns 0
TFC6A0F40 000:862.159 JLINK_CORESIGHT_WriteAPDPReg(AP reg 0x01, 0x80011140)
TFC6A0F40 000:862.400 - 0.241ms returns 0
TFC6A0F40 000:862.407 JLINK_CORESIGHT_ReadAPDPReg(AP reg 0x03)
TFC6A0F40 000:862.774   Value=0x00000000
TFC6A0F40 000:862.782 - 0.375ms returns 0
TFC6A0F40 000:862.787 JLINK_CORESIGHT_WriteAPDPReg(AP reg 0x00, 0x80000002)
TFC6A0F40 000:863.016 - 0.229ms returns 0
TFC6A0F40 000:863.023 JLINK_CORESIGHT_WriteAPDPReg(AP reg 0x01, 0x80011130)
TFC6A0F40 000:863.254 - 0.231ms returns 0
TFC6A0F40 000:863.260 JLINK_CORESIGHT_ReadAPDPReg(AP reg 0x03)
TFC6A0F40 000:863.548   Value=0x54274B77
TFC6A0F40 000:863.557 - 0.297ms returns 0
TFC6A0F40 000:863.561 JLINK_CORESIGHT_WriteAPDPReg(AP reg 0x00, 0x80000002)
TFC6A0F40 000:863.799 - 0.238ms returns 0
TFC6A0F40 000:863.805 JLINK_CORESIGHT_WriteAPDPReg(AP reg 0x01, 0x80011140)
TFC6A0F40 000:864.040 - 0.234ms returns 0
TFC6A0F40 000:864.046 JLINK_CORESIGHT_ReadAPDPReg(AP reg 0x03)
TFC6A0F40 000:864.327   Value=0x00000000
TFC6A0F40 000:864.335 - 0.289ms returns 0
TFC6A0F40 000:864.340 JLINK_CORESIGHT_WriteAPDPReg(AP reg 0x00, 0x80000002)
TFC6A0F40 000:864.566 - 0.226ms returns 0
TFC6A0F40 000:864.572 JLINK_CORESIGHT_WriteAPDPReg(AP reg 0x01, 0x80011130)
TFC6A0F40 000:864.800 - 0.227ms returns 0
TFC6A0F40 000:864.808 JLINK_CORESIGHT_ReadAPDPReg(AP reg 0x03)
TFC6A0F40 000:865.066   Value=0x37395636
TFC6A0F40 000:865.074 - 0.266ms returns 0
TFC6A0F40 000:865.088 JLINK_CORESIGHT_WriteAPDPReg(AP reg 0x00, 0x80000002)
TFC6A0F40 000:865.315 - 0.227ms returns 0
TFC6A0F40 000:865.324 JLINK_CORESIGHT_WriteAPDPReg(AP reg 0x01, 0x80011140)
TFC6A0F40 000:865.534 - 0.210ms returns 0
TFC6A0F40 000:865.540 JLINK_CORESIGHT_ReadAPDPReg(AP reg 0x03)
TFC6A0F40 000:865.788   Value=0x00000000
TFC6A0F40 000:865.795 - 0.255ms returns 0
TFC6A0F40 000:865.800 JLINK_CORESIGHT_WriteAPDPReg(AP reg 0x00, 0x80000002)
TFC6A0F40 000:866.034 - 0.234ms returns 0
TFC6A0F40 000:866.040 JLINK_CORESIGHT_WriteAPDPReg(AP reg 0x01, 0x80011130)
TFC6A0F40 000:866.253 - 0.212ms returns 0
TFC6A0F40 000:866.258 JLINK_CORESIGHT_ReadAPDPReg(AP reg 0x03)
TFC6A0F40 000:866.525   Value=0x72012D34
TFC6A0F40 000:866.532 - 0.274ms returns 0
TFC6A0F40 000:866.536 JLINK_CORESIGHT_WriteAPDPReg(AP reg 0x00, 0x80000002)
TFC6A0F40 000:866.757 - 0.221ms returns 0
TFC6A0F40 000:866.762 JLINK_CORESIGHT_WriteAPDPReg(AP reg 0x01, 0x80011140)
TFC6A0F40 000:866.988 - 0.225ms returns 0
TFC6A0F40 000:866.994 JLINK_CORESIGHT_ReadAPDPReg(AP reg 0x03)
TFC6A0F40 000:867.278   Value=0x00000000
TFC6A0F40 000:867.285 - 0.291ms returns 0
TFC6A0F40 000:867.289 JLINK_CORESIGHT_WriteAPDPReg(AP reg 0x00, 0x80000002)
TFC6A0F40 000:867.611 - 0.321ms returns 0
TFC6A0F40 000:867.617 JLINK_CORESIGHT_WriteAPDPReg(AP reg 0x01, 0x80011130)
TFC6A0F40 000:867.844 - 0.227ms returns 0
TFC6A0F40 000:867.850 JLINK_CORESIGHT_ReadAPDPReg(AP reg 0x03)
TFC6A0F40 000:868.146   Value=0x4B375279
TFC6A0F40 000:868.156 - 0.306ms returns 0
TFC6A0F40 000:868.161 JLINK_CORESIGHT_WriteAPDPReg(AP reg 0x00, 0x80000002)
TFC6A0F40 000:868.393 - 0.233ms returns 0
TFC6A0F40 000:868.405 JLINK_CORESIGHT_WriteAPDPReg(AP reg 0x01, 0x80011140)
TFC6A0F40 000:868.639 - 0.234ms returns 0
TFC6A0F40 000:868.645 JLINK_CORESIGHT_ReadAPDPReg(AP reg 0x03)
TFC6A0F40 000:868.949   Value=0x00000000
TFC6A0F40 000:868.956 - 0.311ms returns 0
TFC6A0F40 000:868.960 JLINK_CORESIGHT_WriteAPDPReg(AP reg 0x00, 0x80000002)
TFC6A0F40 000:869.199 - 0.239ms returns 0
TFC6A0F40 000:869.205 JLINK_CORESIGHT_WriteAPDPReg(AP reg 0x01, 0x80011130)
TFC6A0F40 000:869.446 - 0.240ms returns 0
TFC6A0F40 000:869.451 JLINK_CORESIGHT_ReadAPDPReg(AP reg 0x03)
TFC6A0F40 000:869.767   Value=0x31503841
TFC6A0F40 000:869.780 - 0.329ms returns 0
TFC6A0F40 000:869.785 JLINK_CORESIGHT_WriteAPDPReg(AP reg 0x00, 0x80000002)
TFC6A0F40 000:870.016 - 0.231ms returns 0
TFC6A0F40 000:870.022 JLINK_CORESIGHT_WriteAPDPReg(AP reg 0x01, 0x80011140)
TFC6A0F40 000:870.229 - 0.207ms returns 0
TFC6A0F40 000:870.236 JLINK_CORESIGHT_ReadAPDPReg(AP reg 0x03)
TFC6A0F40 000:870.538   Value=0x00000000
TFC6A0F40 000:870.546 - 0.310ms returns 0
TFC6A0F40 000:870.550 JLINK_CORESIGHT_WriteAPDPReg(AP reg 0x00, 0x80000002)
TFC6A0F40 000:870.758 - 0.208ms returns 0
TFC6A0F40 000:870.764 JLINK_CORESIGHT_WriteAPDPReg(AP reg 0x01, 0x80011130)
TFC6A0F40 000:870.984 - 0.219ms returns 0
TFC6A0F40 000:870.990 JLINK_CORESIGHT_ReadAPDPReg(AP reg 0x03)
TFC6A0F40 000:871.254   Value=0x434C464B
TFC6A0F40 000:871.261 - 0.271ms returns 0
TFC6A0F40 000:871.265 JLINK_CORESIGHT_WriteAPDPReg(AP reg 0x00, 0x80000002)
TFC6A0F40 000:871.534 - 0.269ms returns 0
TFC6A0F40 000:871.541 JLINK_CORESIGHT_WriteAPDPReg(AP reg 0x01, 0x80011140)
TFC6A0F40 000:871.772 - 0.231ms returns 0
TFC6A0F40 000:871.779 JLINK_CORESIGHT_ReadAPDPReg(AP reg 0x03)
TFC6A0F40 000:872.030   Value=0x00000000
TFC6A0F40 000:872.037 - 0.258ms returns 0
TFC6A0F40 000:872.042 JLINK_CORESIGHT_WriteAPDPReg(AP reg 0x00, 0x80000002)
TFC6A0F40 000:872.250 - 0.207ms returns 0
TFC6A0F40 000:872.256 JLINK_CORESIGHT_WriteAPDPReg(AP reg 0x01, 0x80011130)
TFC6A0F40 000:872.506 - 0.250ms returns 0
TFC6A0F40 000:872.524 JLINK_CORESIGHT_ReadAPDPReg(AP reg 0x03)
TFC6A0F40 000:872.788   Value=0x20204341
TFC6A0F40 000:872.797 - 0.273ms returns 0
TFC6A0F40 000:872.802 JLINK_CORESIGHT_WriteAPDPReg(AP reg 0x00, 0x80000002)
TFC6A0F40 000:873.024 - 0.222ms returns 0
TFC6A0F40 000:873.030 JLINK_CORESIGHT_WriteAPDPReg(AP reg 0x01, 0x80011140)
TFC6A0F40 000:873.256 - 0.226ms returns 0
TFC6A0F40 000:873.262 JLINK_CORESIGHT_ReadAPDPReg(AP reg 0x03)
TFC6A0F40 000:873.528   Value=0x00000000
TFC6A0F40 000:873.535 - 0.273ms returns 0
TFC6A0F40 000:873.539 JLINK_CORESIGHT_WriteAPDPReg(AP reg 0x00, 0x80000002)
TFC6A0F40 000:873.756 - 0.216ms returns 0
TFC6A0F40 000:873.761 JLINK_CORESIGHT_WriteAPDPReg(AP reg 0x01, 0x80011130)
TFC6A0F40 000:873.980 - 0.219ms returns 0
TFC6A0F40 000:873.986 JLINK_CORESIGHT_ReadAPDPReg(AP reg 0x03)
TFC6A0F40 000:874.229   Value=0x0003DD20
TFC6A0F40 000:874.236 - 0.250ms returns 0
TFC6A0F40 000:874.362 JLINK_CORESIGHT_WriteAPDPReg(AP reg 0x00, 0x80000002)
TFC6A0F40 000:874.596 - 0.233ms returns 0
TFC6A0F40 000:874.601 JLINK_CORESIGHT_WriteAPDPReg(AP reg 0x01, 0x80011140)
TFC6A0F40 000:874.804 - 0.203ms returns 0
TFC6A0F40 000:874.809 JLINK_CORESIGHT_ReadAPDPReg(AP reg 0x03)
TFC6A0F40 000:875.050   Value=0x00000002
TFC6A0F40 000:875.058 - 0.249ms returns 0
TFC6A0F40 000:875.063 JLINK_CORESIGHT_WriteAPDPReg(AP reg 0x00, 0x80000002)
TFC6A0F40 000:875.268 - 0.205ms returns 0
TFC6A0F40 000:875.274 JLINK_CORESIGHT_WriteAPDPReg(AP reg 0x01, 0x80011120)
TFC6A0F40 000:875.473 - 0.200ms returns 0
TFC6A0F40 000:875.479 JLINK_CORESIGHT_WriteAPDPReg(AP reg 0x03, 0x39020001)
TFC6A0F40 000:875.690 - 0.211ms returns 0
TFC6A0F40 000:875.696 JLINK_CORESIGHT_WriteAPDPReg(AP reg 0x00, 0x80000002)
TFC6A0F40 000:875.906 - 0.210ms returns 0
TFC6A0F40 000:875.911 JLINK_CORESIGHT_WriteAPDPReg(AP reg 0x01, 0x80011140)
TFC6A0F40 000:876.138 - 0.227ms returns 0
TFC6A0F40 000:876.144 JLINK_CORESIGHT_ReadAPDPReg(AP reg 0x03)
TFC6A0F40 000:876.480   Value=0x00000002
TFC6A0F40 000:876.487 - 0.343ms returns 0
TFC6A0F40 000:876.491 JLINK_CORESIGHT_WriteAPDPReg(AP reg 0x00, 0x80000002)
TFC6A0F40 000:876.704 - 0.213ms returns 0
TFC6A0F40 000:876.710 JLINK_CORESIGHT_WriteAPDPReg(AP reg 0x01, 0x80011120)
TFC6A0F40 000:876.928 - 0.219ms returns 0
TFC6A0F40 000:876.934 JLINK_CORESIGHT_WriteAPDPReg(AP reg 0x03, 0x0003B312)
TFC6A0F40 000:877.146 - 0.212ms returns 0
TFC6A0F40 000:877.151 JLINK_CORESIGHT_WriteAPDPReg(AP reg 0x00, 0x80000002)
TFC6A0F40 000:877.349 - 0.198ms returns 0
TFC6A0F40 000:877.355 JLINK_CORESIGHT_WriteAPDPReg(AP reg 0x01, 0x80011140)
TFC6A0F40 000:877.547 - 0.192ms returns 0
TFC6A0F40 000:877.556 JLINK_CORESIGHT_ReadAPDPReg(AP reg 0x03)
TFC6A0F40 000:877.804   Value=0x00000000
TFC6A0F40 000:877.811 - 0.255ms returns 0
TFC6A0F40 000:877.815 JLINK_CORESIGHT_WriteAPDPReg(AP reg 0x00, 0x80000002)
TFC6A0F40 000:878.029 - 0.214ms returns 0
TFC6A0F40 000:878.035 JLINK_CORESIGHT_WriteAPDPReg(AP reg 0x01, 0x80011130)
TFC6A0F40 000:878.242 - 0.208ms returns 0
TFC6A0F40 000:878.248 JLINK_CORESIGHT_ReadAPDPReg(AP reg 0x03)
TFC6A0F40 000:878.505   Value=0xB90A0081
TFC6A0F40 000:878.513 - 0.264ms returns 0
TFC6A0F40 000:878.519 JLINK_CORESIGHT_WriteAPDPReg(AP reg 0x00, 0x80000002)
TFC6A0F40 000:878.730 - 0.211ms returns 0
TFC6A0F40 000:878.737 JLINK_CORESIGHT_WriteAPDPReg(AP reg 0x01, 0x80011140)
TFC6A0F40 000:878.948 - 0.211ms returns 0
TFC6A0F40 000:878.954 JLINK_CORESIGHT_ReadAPDPReg(AP reg 0x03)
TFC6A0F40 000:879.196   Value=0x00000000
TFC6A0F40 000:879.203 - 0.249ms returns 0
TFC6A0F40 000:879.209 JLINK_CORESIGHT_WriteAPDPReg(AP reg 0x00, 0x80000002)
TFC6A0F40 000:879.429 - 0.220ms returns 0
TFC6A0F40 000:879.437 JLINK_CORESIGHT_WriteAPDPReg(AP reg 0x01, 0x80011130)
TFC6A0F40 000:879.635 - 0.197ms returns 0
TFC6A0F40 000:879.641 JLINK_CORESIGHT_ReadAPDPReg(AP reg 0x03)
TFC6A0F40 000:879.883   Value=0xFFFFFFC0
TFC6A0F40 000:879.889 - 0.248ms returns 0
TFC6A0F40 000:879.895 JLINK_CORESIGHT_WriteAPDPReg(AP reg 0x00, 0x80000002)
TFC6A0F40 000:880.102 - 0.207ms returns 0
TFC6A0F40 000:880.109 JLINK_CORESIGHT_WriteAPDPReg(AP reg 0x01, 0x80011140)
TFC6A0F40 000:880.422 - 0.313ms returns 0
TFC6A0F40 000:880.434 JLINK_CORESIGHT_ReadAPDPReg(AP reg 0x03)
TFC6A0F40 000:880.708   Value=0x00000000
TFC6A0F40 000:880.714 - 0.280ms returns 0
TFC6A0F40 000:880.720 JLINK_CORESIGHT_WriteAPDPReg(AP reg 0x00, 0x80000002)
TFC6A0F40 000:880.923 - 0.203ms returns 0
TFC6A0F40 000:880.930 JLINK_CORESIGHT_WriteAPDPReg(AP reg 0x01, 0x80011130)
TFC6A0F40 000:881.117 - 0.187ms returns 0
TFC6A0F40 000:881.126 JLINK_CORESIGHT_ReadAPDPReg(AP reg 0x03)
TFC6A0F40 000:881.381   Value=0xFFFFFFFF
TFC6A0F40 000:881.388 - 0.262ms returns 0
TFC6A0F40 000:881.393 JLINK_CORESIGHT_WriteAPDPReg(AP reg 0x00, 0x80000002)
TFC6A0F40 000:881.575 - 0.182ms returns 0
TFC6A0F40 000:881.585 JLINK_CORESIGHT_WriteAPDPReg(AP reg 0x01, 0x80011140)
TFC6A0F40 000:881.766 - 0.181ms returns 0
TFC6A0F40 000:881.774 JLINK_CORESIGHT_ReadAPDPReg(AP reg 0x03)
TFC6A0F40 000:882.019   Value=0x00000000
TFC6A0F40 000:882.026 - 0.252ms returns 0
TFC6A0F40 000:882.033 JLINK_CORESIGHT_WriteAPDPReg(AP reg 0x00, 0x80000002)
TFC6A0F40 000:882.233 - 0.200ms returns 0
TFC6A0F40 000:882.241 JLINK_CORESIGHT_WriteAPDPReg(AP reg 0x01, 0x80011130)
TFC6A0F40 000:882.472 - 0.231ms returns 0
TFC6A0F40 000:882.479 JLINK_CORESIGHT_ReadAPDPReg(AP reg 0x03)
TFC6A0F40 000:882.758   Value=0x000385FF
TFC6A0F40 000:882.765 - 0.286ms returns 0
TFC6A0F40 000:882.950 JLINK_CORESIGHT_WriteAPDPReg(AP reg 0x00, 0x80000002)
TFC6A0F40 000:883.173 - 0.223ms returns 0
TFC6A0F40 000:883.179 JLINK_CORESIGHT_WriteAPDPReg(AP reg 0x01, 0x80011140)
TFC6A0F40 000:883.399 - 0.220ms returns 0
TFC6A0F40 000:883.405 JLINK_CORESIGHT_ReadAPDPReg(AP reg 0x03)
TFC6A0F40 000:883.683   Value=0x00000002
TFC6A0F40 000:883.689 - 0.284ms returns 0
TFC6A0F40 000:883.707 JLINK_CORESIGHT_WriteAPDPReg(AP reg 0x00, 0x80000002)
TFC6A0F40 000:883.918 - 0.211ms returns 0
TFC6A0F40 000:883.924 JLINK_CORESIGHT_WriteAPDPReg(AP reg 0x01, 0x80011120)
TFC6A0F40 000:884.135 - 0.211ms returns 0
TFC6A0F40 000:884.142 JLINK_CORESIGHT_WriteAPDPReg(AP reg 0x03, 0x2C010001)
TFC6A0F40 000:884.358 - 0.216ms returns 0
TFC6A0F40 000:884.364 JLINK_CORESIGHT_WriteAPDPReg(AP reg 0x00, 0x80000002)
TFC6A0F40 000:884.579 - 0.216ms returns 0
TFC6A0F40 000:884.584 JLINK_CORESIGHT_WriteAPDPReg(AP reg 0x01, 0x80011140)
TFC6A0F40 000:884.793 - 0.208ms returns 0
TFC6A0F40 000:884.798 JLINK_CORESIGHT_ReadAPDPReg(AP reg 0x03)
TFC6A0F40 000:885.080   Value=0x00000002
TFC6A0F40 000:885.086 - 0.288ms returns 0
TFC6A0F40 000:885.091 JLINK_CORESIGHT_WriteAPDPReg(AP reg 0x00, 0x80000002)
TFC6A0F40 000:885.319 - 0.228ms returns 0
TFC6A0F40 000:885.324 JLINK_CORESIGHT_WriteAPDPReg(AP reg 0x01, 0x80011120)
TFC6A0F40 000:885.536 - 0.211ms returns 0
TFC6A0F40 000:885.541 JLINK_CORESIGHT_WriteAPDPReg(AP reg 0x03, 0x000003D3)
TFC6A0F40 000:885.747 - 0.206ms returns 0
TFC6A0F40 000:885.752 JLINK_CORESIGHT_WriteAPDPReg(AP reg 0x00, 0x80000002)
TFC6A0F40 000:885.962 - 0.210ms returns 0
TFC6A0F40 000:885.968 JLINK_CORESIGHT_WriteAPDPReg(AP reg 0x01, 0x80011140)
TFC6A0F40 000:886.188 - 0.220ms returns 0
TFC6A0F40 000:886.193 JLINK_CORESIGHT_ReadAPDPReg(AP reg 0x03)
TFC6A0F40 000:886.476   Value=0x00000002
TFC6A0F40 000:886.483 - 0.289ms returns 0
TFC6A0F40 000:886.487 JLINK_CORESIGHT_ReadAPDPReg(AP reg 0x03)
TFC6A0F40 000:886.737   Value=0x00000002
TFC6A0F40 000:886.744 - 0.258ms returns 0
TFC6A0F40 000:886.748 JLINK_CORESIGHT_ReadAPDPReg(AP reg 0x03)
TFC6A0F40 000:886.984   Value=0x00000002
TFC6A0F40 000:886.990 - 0.242ms returns 0
TFC6A0F40 000:886.994 JLINK_CORESIGHT_ReadAPDPReg(AP reg 0x03)
TFC6A0F40 000:887.275   Value=0x00000002
TFC6A0F40 000:887.281 - 0.287ms returns 0
TFC6A0F40 000:887.285 JLINK_CORESIGHT_ReadAPDPReg(AP reg 0x03)
TFC6A0F40 000:887.528   Value=0x00000002
TFC6A0F40 000:887.534 - 0.249ms returns 0
TFC6A0F40 000:887.537 JLINK_CORESIGHT_ReadAPDPReg(AP reg 0x03)
TFC6A0F40 000:887.783   Value=0x00000002
TFC6A0F40 000:887.788 - 0.251ms returns 0
TFC6A0F40 000:887.792 JLINK_CORESIGHT_ReadAPDPReg(AP reg 0x03)
TFC6A0F40 000:888.058   Value=0x00000002
TFC6A0F40 000:888.064 - 0.272ms returns 0
TFC6A0F40 000:888.067 JLINK_CORESIGHT_ReadAPDPReg(AP reg 0x03)
TFC6A0F40 000:888.324   Value=0x00000002
TFC6A0F40 000:888.330 - 0.263ms returns 0
TFC6A0F40 000:888.333 JLINK_CORESIGHT_ReadAPDPReg(AP reg 0x03)
TFC6A0F40 000:888.596   Value=0x00000002
TFC6A0F40 000:888.601 - 0.268ms returns 0
TFC6A0F40 000:888.605 JLINK_CORESIGHT_ReadAPDPReg(AP reg 0x03)
TFC6A0F40 000:888.833   Value=0x00000002
TFC6A0F40 000:888.839 - 0.234ms returns 0
TFC6A0F40 000:888.843 JLINK_CORESIGHT_ReadAPDPReg(AP reg 0x03)
TFC6A0F40 000:889.086   Value=0x00000002
TFC6A0F40 000:889.096 - 0.253ms returns 0
TFC6A0F40 000:889.099 JLINK_CORESIGHT_ReadAPDPReg(AP reg 0x03)
TFC6A0F40 000:889.394   Value=0x00000002
TFC6A0F40 000:889.400 - 0.301ms returns 0
TFC6A0F40 000:889.404 JLINK_CORESIGHT_ReadAPDPReg(AP reg 0x03)
TFC6A0F40 000:889.644   Value=0x00000002
TFC6A0F40 000:889.651 - 0.247ms returns 0
TFC6A0F40 000:889.654 JLINK_CORESIGHT_ReadAPDPReg(AP reg 0x03)
TFC6A0F40 000:889.900   Value=0x00000000
TFC6A0F40 000:889.906 - 0.252ms returns 0
TFC6A0F40 000:889.910 JLINK_CORESIGHT_WriteAPDPReg(AP reg 0x00, 0x80000002)
TFC6A0F40 000:890.099 - 0.189ms returns 0
TFC6A0F40 000:890.105 JLINK_CORESIGHT_WriteAPDPReg(AP reg 0x01, 0x80011130)
TFC6A0F40 000:890.346 - 0.241ms returns 0
TFC6A0F40 000:890.351 JLINK_CORESIGHT_ReadAPDPReg(AP reg 0x03)
TFC6A0F40 000:890.599   Value=0x2C020081
TFC6A0F40 000:890.605 - 0.254ms returns 0
TFC6A0F40 000:890.609 JLINK_CORESIGHT_WriteAPDPReg(AP reg 0x00, 0x80000002)
TFC6A0F40 000:890.801 - 0.192ms returns 0
TFC6A0F40 000:890.806 JLINK_CORESIGHT_WriteAPDPReg(AP reg 0x01, 0x80011140)
TFC6A0F40 000:890.985 - 0.178ms returns 0
TFC6A0F40 000:890.990 JLINK_CORESIGHT_ReadAPDPReg(AP reg 0x03)
TFC6A0F40 000:891.250   Value=0x00000000
TFC6A0F40 000:891.256 - 0.266ms returns 0
TFC6A0F40 000:891.260 JLINK_CORESIGHT_WriteAPDPReg(AP reg 0x00, 0x80000002)
TFC6A0F40 000:891.480 - 0.220ms returns 0
TFC6A0F40 000:891.485 JLINK_CORESIGHT_WriteAPDPReg(AP reg 0x01, 0x80011130)
TFC6A0F40 000:891.687 - 0.202ms returns 0
TFC6A0F40 000:891.692 JLINK_CORESIGHT_ReadAPDPReg(AP reg 0x03)
TFC6A0F40 000:891.961   Value=0x0003CE04
TFC6A0F40 000:891.967 - 0.275ms returns 0
TFC6A0F40 000:891.973 JLINK_CORESIGHT_WriteAPDPReg(AP reg 0x00, 0x80000002)
TFC6A0F40 000:892.219 - 0.246ms returns 0
TFC6A0F40 000:892.224 JLINK_CORESIGHT_WriteAPDPReg(AP reg 0x01, 0x80011140)
TFC6A0F40 000:892.426 - 0.202ms returns 0
TFC6A0F40 000:892.431 JLINK_CORESIGHT_ReadAPDPReg(AP reg 0x03)
TFC6A0F40 000:892.691   Value=0x00000002
TFC6A0F40 000:892.697 - 0.266ms returns 0
TFC6A0F40 000:892.701 JLINK_CORESIGHT_WriteAPDPReg(AP reg 0x00, 0x80000002)
TFC6A0F40 000:892.904 - 0.203ms returns 0
TFC6A0F40 000:892.909 JLINK_CORESIGHT_WriteAPDPReg(AP reg 0x01, 0x80011120)
TFC6A0F40 000:893.213 - 0.303ms returns 0
TFC6A0F40 000:893.217 JLINK_CORESIGHT_WriteAPDPReg(AP reg 0x03, 0x73010001)
TFC6A0F40 000:893.430 - 0.213ms returns 0
TFC6A0F40 000:893.435 JLINK_CORESIGHT_WriteAPDPReg(AP reg 0x00, 0x80000002)
TFC6A0F40 000:893.656 - 0.221ms returns 0
TFC6A0F40 000:893.661 JLINK_CORESIGHT_WriteAPDPReg(AP reg 0x01, 0x80011140)
TFC6A0F40 000:893.862 - 0.201ms returns 0
TFC6A0F40 000:893.867 JLINK_CORESIGHT_ReadAPDPReg(AP reg 0x03)
TFC6A0F40 000:894.189   Value=0x00000002
TFC6A0F40 000:894.195 - 0.327ms returns 0
TFC6A0F40 000:894.198 JLINK_CORESIGHT_WriteAPDPReg(AP reg 0x00, 0x80000002)
TFC6A0F40 000:894.408 - 0.210ms returns 0
TFC6A0F40 000:894.413 JLINK_CORESIGHT_WriteAPDPReg(AP reg 0x01, 0x80011120)
TFC6A0F40 000:894.618 - 0.204ms returns 0
TFC6A0F40 000:894.622 JLINK_CORESIGHT_WriteAPDPReg(AP reg 0x03, 0x0000038C)
TFC6A0F40 000:894.829 - 0.207ms returns 0
TFC6A0F40 000:894.835 JLINK_CORESIGHT_WriteAPDPReg(AP reg 0x00, 0x80000002)
TFC6A0F40 000:895.032 - 0.197ms returns 0
TFC6A0F40 000:895.037 JLINK_CORESIGHT_WriteAPDPReg(AP reg 0x01, 0x80011140)
TFC6A0F40 000:895.249 - 0.212ms returns 0
TFC6A0F40 000:895.254 JLINK_CORESIGHT_ReadAPDPReg(AP reg 0x03)
TFC6A0F40 000:895.510   Value=0x00000002
TFC6A0F40 000:895.516 - 0.262ms returns 0
TFC6A0F40 000:895.520 JLINK_CORESIGHT_ReadAPDPReg(AP reg 0x03)
TFC6A0F40 000:895.749   Value=0x00000002
TFC6A0F40 000:895.755 - 0.235ms returns 0
TFC6A0F40 000:895.759 JLINK_CORESIGHT_ReadAPDPReg(AP reg 0x03)
TFC6A0F40 000:895.985   Value=0x00000002
TFC6A0F40 000:895.991 - 0.232ms returns 0
TFC6A0F40 000:895.995 JLINK_CORESIGHT_ReadAPDPReg(AP reg 0x03)
TFC6A0F40 000:896.284   Value=0x00000002
TFC6A0F40 000:896.290 - 0.295ms returns 0
TFC6A0F40 000:896.294 JLINK_CORESIGHT_ReadAPDPReg(AP reg 0x03)
TFC6A0F40 000:896.532   Value=0x00000002
TFC6A0F40 000:896.538 - 0.243ms returns 0
TFC6A0F40 000:896.541 JLINK_CORESIGHT_ReadAPDPReg(AP reg 0x03)
TFC6A0F40 000:896.772   Value=0x00000002
TFC6A0F40 000:896.778 - 0.237ms returns 0
TFC6A0F40 000:896.782 JLINK_CORESIGHT_ReadAPDPReg(AP reg 0x03)
TFC6A0F40 000:897.020   Value=0x00000002
TFC6A0F40 000:897.026 - 0.244ms returns 0
TFC6A0F40 000:897.030 JLINK_CORESIGHT_ReadAPDPReg(AP reg 0x03)
TFC6A0F40 000:897.265   Value=0x00000002
TFC6A0F40 000:897.271 - 0.241ms returns 0
TFC6A0F40 000:897.274 JLINK_CORESIGHT_ReadAPDPReg(AP reg 0x03)
TFC6A0F40 000:897.517   Value=0x00000002
TFC6A0F40 000:897.524 - 0.249ms returns 0
TFC6A0F40 000:897.527 JLINK_CORESIGHT_ReadAPDPReg(AP reg 0x03)
TFC6A0F40 000:897.770   Value=0x00000002
TFC6A0F40 000:897.776 - 0.249ms returns 0
TFC6A0F40 000:897.780 JLINK_CORESIGHT_ReadAPDPReg(AP reg 0x03)
TFC6A0F40 000:898.010   Value=0x00000000
TFC6A0F40 000:898.016 - 0.235ms returns 0
TFC6A0F40 000:898.019 JLINK_CORESIGHT_WriteAPDPReg(AP reg 0x00, 0x80000002)
TFC6A0F40 000:898.217 - 0.197ms returns 0
TFC6A0F40 000:898.221 JLINK_CORESIGHT_WriteAPDPReg(AP reg 0x01, 0x80011130)
TFC6A0F40 000:898.420 - 0.198ms returns 0
TFC6A0F40 000:898.424 JLINK_CORESIGHT_ReadAPDPReg(AP reg 0x03)
TFC6A0F40 000:898.673   Value=0x73020081
TFC6A0F40 000:898.679 - 0.255ms returns 0
TFC6A0F40 000:898.682 JLINK_CORESIGHT_WriteAPDPReg(AP reg 0x00, 0x80000002)
TFC6A0F40 000:898.875 - 0.193ms returns 0
TFC6A0F40 000:898.880 JLINK_CORESIGHT_WriteAPDPReg(AP reg 0x01, 0x80011140)
TFC6A0F40 000:899.085 - 0.205ms returns 0
TFC6A0F40 000:899.091 JLINK_CORESIGHT_ReadAPDPReg(AP reg 0x03)
TFC6A0F40 000:899.339   Value=0x00000000
TFC6A0F40 000:899.345 - 0.255ms returns 0
TFC6A0F40 000:899.349 JLINK_CORESIGHT_WriteAPDPReg(AP reg 0x00, 0x80000002)
TFC6A0F40 000:899.545 - 0.196ms returns 0
TFC6A0F40 000:899.550 JLINK_CORESIGHT_WriteAPDPReg(AP reg 0x01, 0x80011130)
TFC6A0F40 000:899.749 - 0.200ms returns 0
TFC6A0F40 000:899.754 JLINK_CORESIGHT_ReadAPDPReg(AP reg 0x03)
TFC6A0F40 000:900.064   Value=0x00038902
TFC6A0F40 000:900.070 - 0.317ms returns 0
TFC6A0F40 000:900.074 JLINK_CORESIGHT_WriteAPDPReg(AP reg 0x00, 0x80000002)
TFC6A0F40 000:900.251 - 0.177ms returns 0
TFC6A0F40 000:900.256 JLINK_CORESIGHT_WriteAPDPReg(AP reg 0x01, 0x80011140)
TFC6A0F40 000:900.450 - 0.193ms returns 0
TFC6A0F40 000:900.455 JLINK_CORESIGHT_ReadAPDPReg(AP reg 0x03)
TFC6A0F40 000:900.688   Value=0x00000002
TFC6A0F40 000:900.694 - 0.239ms returns 0
TFC6A0F40 000:900.698 JLINK_CORESIGHT_WriteAPDPReg(AP reg 0x00, 0x80000002)
TFC6A0F40 000:900.894 - 0.195ms returns 0
TFC6A0F40 000:900.898 JLINK_CORESIGHT_WriteAPDPReg(AP reg 0x01, 0x80011120)
TFC6A0F40 000:901.074 - 0.176ms returns 0
TFC6A0F40 000:901.079 JLINK_CORESIGHT_WriteAPDPReg(AP reg 0x03, 0x75010001)
TFC6A0F40 000:901.254 - 0.175ms returns 0
TFC6A0F40 000:901.258 JLINK_CORESIGHT_WriteAPDPReg(AP reg 0x00, 0x80000002)
TFC6A0F40 000:901.429 - 0.171ms returns 0
TFC6A0F40 000:901.434 JLINK_CORESIGHT_WriteAPDPReg(AP reg 0x01, 0x80011140)
TFC6A0F40 000:901.604 - 0.169ms returns 0
TFC6A0F40 000:901.608 JLINK_CORESIGHT_ReadAPDPReg(AP reg 0x03)
TFC6A0F40 000:901.832   Value=0x00000002
TFC6A0F40 000:901.838 - 0.230ms returns 0
TFC6A0F40 000:901.841 JLINK_CORESIGHT_WriteAPDPReg(AP reg 0x00, 0x80000002)
TFC6A0F40 000:902.029 - 0.188ms returns 0
TFC6A0F40 000:902.034 JLINK_CORESIGHT_WriteAPDPReg(AP reg 0x01, 0x80011120)
TFC6A0F40 000:902.216 - 0.182ms returns 0
TFC6A0F40 000:902.221 JLINK_CORESIGHT_WriteAPDPReg(AP reg 0x03, 0x0000038A)
TFC6A0F40 000:902.421 - 0.200ms returns 0
TFC6A0F40 000:902.426 JLINK_CORESIGHT_WriteAPDPReg(AP reg 0x00, 0x80000002)
TFC6A0F40 000:902.615 - 0.189ms returns 0
TFC6A0F40 000:902.620 JLINK_CORESIGHT_WriteAPDPReg(AP reg 0x01, 0x80011140)
TFC6A0F40 000:902.803 - 0.183ms returns 0
TFC6A0F40 000:902.809 JLINK_CORESIGHT_ReadAPDPReg(AP reg 0x03)
TFC6A0F40 000:903.057   Value=0x00000002
TFC6A0F40 000:903.062 - 0.253ms returns 0
TFC6A0F40 000:903.066 JLINK_CORESIGHT_ReadAPDPReg(AP reg 0x03)
TFC6A0F40 000:903.316   Value=0x00000002
TFC6A0F40 000:903.322 - 0.256ms returns 0
TFC6A0F40 000:903.326 JLINK_CORESIGHT_ReadAPDPReg(AP reg 0x03)
TFC6A0F40 000:903.576   Value=0x00000002
TFC6A0F40 000:903.582 - 0.256ms returns 0
TFC6A0F40 000:903.585 JLINK_CORESIGHT_ReadAPDPReg(AP reg 0x03)
TFC6A0F40 000:903.827   Value=0x00000002
TFC6A0F40 000:903.833 - 0.248ms returns 0
TFC6A0F40 000:903.836 JLINK_CORESIGHT_ReadAPDPReg(AP reg 0x03)
TFC6A0F40 000:904.067   Value=0x00000002
TFC6A0F40 000:904.073 - 0.237ms returns 0
TFC6A0F40 000:904.076 JLINK_CORESIGHT_ReadAPDPReg(AP reg 0x03)
TFC6A0F40 000:904.312   Value=0x00000002
TFC6A0F40 000:904.318 - 0.242ms returns 0
TFC6A0F40 000:904.322 JLINK_CORESIGHT_ReadAPDPReg(AP reg 0x03)
TFC6A0F40 000:904.545   Value=0x00000000
TFC6A0F40 000:904.551 - 0.229ms returns 0
TFC6A0F40 000:904.555 JLINK_CORESIGHT_WriteAPDPReg(AP reg 0x00, 0x80000002)
TFC6A0F40 000:904.745 - 0.189ms returns 0
TFC6A0F40 000:904.750 JLINK_CORESIGHT_WriteAPDPReg(AP reg 0x01, 0x80011130)
TFC6A0F40 000:904.987 - 0.238ms returns 0
TFC6A0F40 000:904.993 JLINK_CORESIGHT_ReadAPDPReg(AP reg 0x03)
TFC6A0F40 000:905.247   Value=0x75020081
TFC6A0F40 000:905.263 - 0.270ms returns 0
TFC6A0F40 000:905.266 JLINK_CORESIGHT_WriteAPDPReg(AP reg 0x00, 0x80000002)
TFC6A0F40 000:905.466 - 0.200ms returns 0
TFC6A0F40 000:905.471 JLINK_CORESIGHT_WriteAPDPReg(AP reg 0x01, 0x80011140)
TFC6A0F40 000:905.673 - 0.202ms returns 0
TFC6A0F40 000:905.678 JLINK_CORESIGHT_ReadAPDPReg(AP reg 0x03)
TFC6A0F40 000:905.974   Value=0x00000000
TFC6A0F40 000:905.980 - 0.302ms returns 0
TFC6A0F40 000:905.984 JLINK_CORESIGHT_WriteAPDPReg(AP reg 0x00, 0x80000002)
TFC6A0F40 000:906.182 - 0.198ms returns 0
TFC6A0F40 000:906.187 JLINK_CORESIGHT_WriteAPDPReg(AP reg 0x01, 0x80011130)
TFC6A0F40 000:906.405 - 0.218ms returns 0
TFC6A0F40 000:906.410 JLINK_CORESIGHT_ReadAPDPReg(AP reg 0x03)
TFC6A0F40 000:906.662   Value=0x00038702
TFC6A0F40 000:906.668 - 0.258ms returns 0
TFC6A0F40 000:906.676 JLINK_CORESIGHT_WriteAPDPReg(AP reg 0x00, 0x80000002)
TFC6A0F40 000:906.895 - 0.219ms returns 0
TFC6A0F40 000:906.900 JLINK_CORESIGHT_WriteAPDPReg(AP reg 0x01, 0x80011140)
TFC6A0F40 000:907.109 - 0.209ms returns 0
TFC6A0F40 000:907.114 JLINK_CORESIGHT_ReadAPDPReg(AP reg 0x03)
TFC6A0F40 000:907.379   Value=0x00000002
TFC6A0F40 000:907.388 - 0.274ms returns 0
TFC6A0F40 000:907.392 JLINK_CORESIGHT_WriteAPDPReg(AP reg 0x00, 0x80000002)
TFC6A0F40 000:907.596 - 0.204ms returns 0
TFC6A0F40 000:907.601 JLINK_CORESIGHT_WriteAPDPReg(AP reg 0x01, 0x80011120)
TFC6A0F40 000:907.816 - 0.215ms returns 0
TFC6A0F40 000:907.821 JLINK_CORESIGHT_WriteAPDPReg(AP reg 0x03, 0x4F010001)
TFC6A0F40 000:908.048 - 0.227ms returns 0
TFC6A0F40 000:908.053 JLINK_CORESIGHT_WriteAPDPReg(AP reg 0x00, 0x80000002)
TFC6A0F40 000:908.265 - 0.212ms returns 0
TFC6A0F40 000:908.270 JLINK_CORESIGHT_WriteAPDPReg(AP reg 0x01, 0x80011140)
TFC6A0F40 000:908.474 - 0.204ms returns 0
TFC6A0F40 000:908.481 JLINK_CORESIGHT_ReadAPDPReg(AP reg 0x03)
TFC6A0F40 000:908.732   Value=0x00000002
TFC6A0F40 000:908.738 - 0.257ms returns 0
TFC6A0F40 000:908.745 JLINK_CORESIGHT_WriteAPDPReg(AP reg 0x00, 0x80000002)
TFC6A0F40 000:908.941 - 0.196ms returns 0
TFC6A0F40 000:908.947 JLINK_CORESIGHT_WriteAPDPReg(AP reg 0x01, 0x80011120)
TFC6A0F40 000:909.158 - 0.211ms returns 0
TFC6A0F40 000:909.164 JLINK_CORESIGHT_WriteAPDPReg(AP reg 0x03, 0x000003B0)
TFC6A0F40 000:909.374 - 0.210ms returns 0
TFC6A0F40 000:909.379 JLINK_CORESIGHT_WriteAPDPReg(AP reg 0x00, 0x80000002)
TFC6A0F40 000:909.586 - 0.206ms returns 0
TFC6A0F40 000:909.591 JLINK_CORESIGHT_WriteAPDPReg(AP reg 0x01, 0x80011140)
TFC6A0F40 000:909.804 - 0.213ms returns 0
TFC6A0F40 000:909.811 JLINK_CORESIGHT_ReadAPDPReg(AP reg 0x03)
TFC6A0F40 000:910.087   Value=0x00000002
TFC6A0F40 000:910.093 - 0.283ms returns 0
TFC6A0F40 000:910.098 JLINK_CORESIGHT_ReadAPDPReg(AP reg 0x03)
TFC6A0F40 000:910.341   Value=0x00000002
TFC6A0F40 000:910.347 - 0.249ms returns 0
TFC6A0F40 000:910.352 JLINK_CORESIGHT_ReadAPDPReg(AP reg 0x03)
TFC6A0F40 000:910.613   Value=0x00000002
TFC6A0F40 000:910.618 - 0.267ms returns 0
TFC6A0F40 000:910.623 JLINK_CORESIGHT_ReadAPDPReg(AP reg 0x03)
TFC6A0F40 000:910.917   Value=0x00000002
TFC6A0F40 000:910.923 - 0.300ms returns 0
TFC6A0F40 000:910.927 JLINK_CORESIGHT_ReadAPDPReg(AP reg 0x03)
TFC6A0F40 000:911.153   Value=0x00000002
TFC6A0F40 000:911.159 - 0.232ms returns 0
TFC6A0F40 000:911.164 JLINK_CORESIGHT_ReadAPDPReg(AP reg 0x03)
TFC6A0F40 000:911.397   Value=0x00000002
TFC6A0F40 000:911.405 - 0.241ms returns 0
TFC6A0F40 000:911.410 JLINK_CORESIGHT_ReadAPDPReg(AP reg 0x03)
TFC6A0F40 000:911.641   Value=0x00000000
TFC6A0F40 000:911.648 - 0.238ms returns 0
TFC6A0F40 000:911.653 JLINK_CORESIGHT_WriteAPDPReg(AP reg 0x00, 0x80000002)
TFC6A0F40 000:911.875 - 0.222ms returns 0
TFC6A0F40 000:911.881 JLINK_CORESIGHT_WriteAPDPReg(AP reg 0x01, 0x80011130)
TFC6A0F40 000:912.073 - 0.192ms returns 0
TFC6A0F40 000:912.079 JLINK_CORESIGHT_ReadAPDPReg(AP reg 0x03)
TFC6A0F40 000:912.334   Value=0x4F0B0081
TFC6A0F40 000:912.339 - 0.260ms returns 0
TFC6A0F40 000:912.343 JLINK_CORESIGHT_WriteAPDPReg(AP reg 0x00, 0x80000002)
TFC6A0F40 000:912.539 - 0.196ms returns 0
TFC6A0F40 000:912.550 JLINK_CORESIGHT_WriteAPDPReg(AP reg 0x01, 0x80011140)
TFC6A0F40 000:912.748 - 0.197ms returns 0
TFC6A0F40 000:912.754 JLINK_CORESIGHT_ReadAPDPReg(AP reg 0x03)
TFC6A0F40 000:913.015   Value=0x00000000
TFC6A0F40 000:913.021 - 0.267ms returns 0
TFC6A0F40 000:913.026 JLINK_CORESIGHT_WriteAPDPReg(AP reg 0x00, 0x80000002)
TFC6A0F40 000:913.225 - 0.199ms returns 0
TFC6A0F40 000:913.231 JLINK_CORESIGHT_WriteAPDPReg(AP reg 0x01, 0x80011130)
TFC6A0F40 000:913.432 - 0.201ms returns 0
TFC6A0F40 000:913.439 JLINK_CORESIGHT_ReadAPDPReg(AP reg 0x03)
TFC6A0F40 000:913.681   Value=0x00020000
TFC6A0F40 000:913.687 - 0.248ms returns 0
TFC6A0F40 000:913.691 JLINK_CORESIGHT_WriteAPDPReg(AP reg 0x00, 0x80000002)
TFC6A0F40 000:913.877 - 0.186ms returns 0
TFC6A0F40 000:913.883 JLINK_CORESIGHT_WriteAPDPReg(AP reg 0x01, 0x80011140)
TFC6A0F40 000:914.083 - 0.200ms returns 0
TFC6A0F40 000:914.089 JLINK_CORESIGHT_ReadAPDPReg(AP reg 0x03)
TFC6A0F40 000:914.332   Value=0x00000000
TFC6A0F40 000:914.338 - 0.249ms returns 0
TFC6A0F40 000:914.343 JLINK_CORESIGHT_WriteAPDPReg(AP reg 0x00, 0x80000002)
TFC6A0F40 000:914.542 - 0.200ms returns 0
TFC6A0F40 000:914.547 JLINK_CORESIGHT_WriteAPDPReg(AP reg 0x01, 0x80011130)
TFC6A0F40 000:914.751 - 0.203ms returns 0
TFC6A0F40 000:914.756 JLINK_CORESIGHT_ReadAPDPReg(AP reg 0x03)
TFC6A0F40 000:914.996   Value=0x00000000
TFC6A0F40 000:915.001 - 0.245ms returns 0
TFC6A0F40 000:915.005 JLINK_CORESIGHT_WriteAPDPReg(AP reg 0x00, 0x80000002)
TFC6A0F40 000:915.192 - 0.187ms returns 0
TFC6A0F40 000:915.198 JLINK_CORESIGHT_WriteAPDPReg(AP reg 0x01, 0x80011140)
TFC6A0F40 000:915.387 - 0.189ms returns 0
TFC6A0F40 000:915.393 JLINK_CORESIGHT_ReadAPDPReg(AP reg 0x03)
TFC6A0F40 000:915.641   Value=0x00000000
TFC6A0F40 000:915.646 - 0.253ms returns 0
TFC6A0F40 000:915.651 JLINK_CORESIGHT_WriteAPDPReg(AP reg 0x00, 0x80000002)
TFC6A0F40 000:915.838 - 0.186ms returns 0
TFC6A0F40 000:915.843 JLINK_CORESIGHT_WriteAPDPReg(AP reg 0x01, 0x80011130)
TFC6A0F40 000:916.077 - 0.234ms returns 0
TFC6A0F40 000:916.083 JLINK_CORESIGHT_ReadAPDPReg(AP reg 0x03)
TFC6A0F40 000:916.335   Value=0x03A40000
TFC6A0F40 000:916.341 - 0.258ms returns 0
TFC6A0F40 000:916.552 JLINK_CORESIGHT_WriteAPDPReg(AP reg 0x00, 0x80000002)
TFC6A0F40 000:916.781 - 0.229ms returns 0
TFC6A0F40 000:916.792 JLINK_CORESIGHT_WriteAPDPReg(AP reg 0x01, 0x80011140)
TFC6A0F40 000:917.024 - 0.232ms returns 0
TFC6A0F40 000:917.030 JLINK_CORESIGHT_ReadAPDPReg(AP reg 0x03)
TFC6A0F40 000:917.328   Value=0x00000002
TFC6A0F40 000:917.335 - 0.305ms returns 0
TFC6A0F40 000:917.339 JLINK_CORESIGHT_WriteAPDPReg(AP reg 0x00, 0x80000002)
TFC6A0F40 000:917.550 - 0.211ms returns 0
TFC6A0F40 000:917.555 JLINK_CORESIGHT_WriteAPDPReg(AP reg 0x01, 0x80011120)
TFC6A0F40 000:917.771 - 0.216ms returns 0
TFC6A0F40 000:917.776 JLINK_CORESIGHT_WriteAPDPReg(AP reg 0x03, 0x2C010001)
TFC6A0F40 000:917.953 - 0.177ms returns 0
TFC6A0F40 000:917.959 JLINK_CORESIGHT_WriteAPDPReg(AP reg 0x00, 0x80000002)
TFC6A0F40 000:918.139 - 0.180ms returns 0
TFC6A0F40 000:918.147 JLINK_CORESIGHT_WriteAPDPReg(AP reg 0x01, 0x80011140)
TFC6A0F40 000:918.381 - 0.234ms returns 0
TFC6A0F40 000:918.387 JLINK_CORESIGHT_ReadAPDPReg(AP reg 0x03)
TFC6A0F40 000:918.651   Value=0x00000002
TFC6A0F40 000:918.657 - 0.270ms returns 0
TFC6A0F40 000:918.661 JLINK_CORESIGHT_WriteAPDPReg(AP reg 0x00, 0x80000002)
TFC6A0F40 000:918.868 - 0.207ms returns 0
TFC6A0F40 000:918.873 JLINK_CORESIGHT_WriteAPDPReg(AP reg 0x01, 0x80011120)
TFC6A0F40 000:919.075 - 0.202ms returns 0
TFC6A0F40 000:919.082 JLINK_CORESIGHT_WriteAPDPReg(AP reg 0x03, 0x000003D3)
TFC6A0F40 000:919.288 - 0.206ms returns 0
TFC6A0F40 000:919.292 JLINK_CORESIGHT_WriteAPDPReg(AP reg 0x00, 0x80000002)
TFC6A0F40 000:919.467 - 0.175ms returns 0
TFC6A0F40 000:919.472 JLINK_CORESIGHT_WriteAPDPReg(AP reg 0x01, 0x80011140)
TFC6A0F40 000:919.664 - 0.192ms returns 0
TFC6A0F40 000:919.669 JLINK_CORESIGHT_ReadAPDPReg(AP reg 0x03)
TFC6A0F40 000:919.921   Value=0x00000002
TFC6A0F40 000:919.927 - 0.258ms returns 0
TFC6A0F40 000:919.945 JLINK_CORESIGHT_ReadAPDPReg(AP reg 0x03)
TFC6A0F40 000:920.186   Value=0x00000002
TFC6A0F40 000:920.191 - 0.246ms returns 0
TFC6A0F40 000:920.195 JLINK_CORESIGHT_ReadAPDPReg(AP reg 0x03)
TFC6A0F40 000:920.428   Value=0x00000002
TFC6A0F40 000:920.433 - 0.239ms returns 0
TFC6A0F40 000:920.437 JLINK_CORESIGHT_ReadAPDPReg(AP reg 0x03)
TFC6A0F40 000:920.759   Value=0x00000002
TFC6A0F40 000:920.765 - 0.328ms returns 0
TFC6A0F40 000:920.769 JLINK_CORESIGHT_ReadAPDPReg(AP reg 0x03)
TFC6A0F40 000:921.030   Value=0x00000002
TFC6A0F40 000:921.035 - 0.266ms returns 0
TFC6A0F40 000:921.038 JLINK_CORESIGHT_ReadAPDPReg(AP reg 0x03)
TFC6A0F40 000:921.275   Value=0x00000002
TFC6A0F40 000:921.280 - 0.242ms returns 0
TFC6A0F40 000:921.284 JLINK_CORESIGHT_ReadAPDPReg(AP reg 0x03)
TFC6A0F40 000:921.513   Value=0x00000002
TFC6A0F40 000:921.519 - 0.235ms returns 0
TFC6A0F40 000:921.522 JLINK_CORESIGHT_ReadAPDPReg(AP reg 0x03)
TFC6A0F40 000:921.745   Value=0x00000002
TFC6A0F40 000:921.751 - 0.229ms returns 0
TFC6A0F40 000:921.754 JLINK_CORESIGHT_ReadAPDPReg(AP reg 0x03)
TFC6A0F40 000:921.988   Value=0x00000002
TFC6A0F40 000:921.993 - 0.239ms returns 0
TFC6A0F40 000:921.997 JLINK_CORESIGHT_ReadAPDPReg(AP reg 0x03)
TFC6A0F40 000:922.218   Value=0x00000002
TFC6A0F40 000:922.224 - 0.227ms returns 0
TFC6A0F40 000:922.227 JLINK_CORESIGHT_ReadAPDPReg(AP reg 0x03)
TFC6A0F40 000:922.459   Value=0x00000002
TFC6A0F40 000:922.465 - 0.238ms returns 0
TFC6A0F40 000:922.468 JLINK_CORESIGHT_ReadAPDPReg(AP reg 0x03)
TFC6A0F40 000:922.719   Value=0x00000002
TFC6A0F40 000:922.725 - 0.257ms returns 0
TFC6A0F40 000:922.728 JLINK_CORESIGHT_ReadAPDPReg(AP reg 0x03)
TFC6A0F40 000:922.986   Value=0x00000002
TFC6A0F40 000:922.991 - 0.263ms returns 0
TFC6A0F40 000:922.995 JLINK_CORESIGHT_ReadAPDPReg(AP reg 0x03)
TFC6A0F40 000:923.263   Value=0x00000002
TFC6A0F40 000:923.268 - 0.273ms returns 0
TFC6A0F40 000:923.272 JLINK_CORESIGHT_ReadAPDPReg(AP reg 0x03)
TFC6A0F40 000:923.535   Value=0x00000000
TFC6A0F40 000:923.542 - 0.270ms returns 0
TFC6A0F40 000:923.546 JLINK_CORESIGHT_WriteAPDPReg(AP reg 0x00, 0x80000002)
TFC6A0F40 000:923.809 - 0.263ms returns 0
TFC6A0F40 000:923.813 JLINK_CORESIGHT_WriteAPDPReg(AP reg 0x01, 0x80011130)
TFC6A0F40 000:924.017 - 0.204ms returns 0
TFC6A0F40 000:924.021 JLINK_CORESIGHT_ReadAPDPReg(AP reg 0x03)
TFC6A0F40 000:924.292   Value=0x2C020081
TFC6A0F40 000:924.298 - 0.277ms returns 0
TFC6A0F40 000:924.301 JLINK_CORESIGHT_WriteAPDPReg(AP reg 0x00, 0x80000002)
TFC6A0F40 000:924.510 - 0.209ms returns 0
TFC6A0F40 000:924.514 JLINK_CORESIGHT_WriteAPDPReg(AP reg 0x01, 0x80011140)
TFC6A0F40 000:924.708 - 0.194ms returns 0
TFC6A0F40 000:924.712 JLINK_CORESIGHT_ReadAPDPReg(AP reg 0x03)
TFC6A0F40 000:924.979   Value=0x00000000
TFC6A0F40 000:924.984 - 0.272ms returns 0
TFC6A0F40 000:924.988 JLINK_CORESIGHT_WriteAPDPReg(AP reg 0x00, 0x80000002)
TFC6A0F40 000:925.184 - 0.196ms returns 0
TFC6A0F40 000:925.189 JLINK_CORESIGHT_WriteAPDPReg(AP reg 0x01, 0x80011130)
TFC6A0F40 000:925.388 - 0.199ms returns 0
TFC6A0F40 000:925.392 JLINK_CORESIGHT_ReadAPDPReg(AP reg 0x03)
TFC6A0F40 000:925.685   Value=0x0003CE04
TFC6A0F40 000:925.691 - 0.299ms returns 0
TFC6A0F40 000:925.700 JLINK_CORESIGHT_WriteAPDPReg(AP reg 0x00, 0x80000002)
TFC6A0F40 000:925.910 - 0.210ms returns 0
TFC6A0F40 000:925.914 JLINK_CORESIGHT_WriteAPDPReg(AP reg 0x01, 0x80011140)
TFC6A0F40 000:926.116 - 0.202ms returns 0
TFC6A0F40 000:926.120 JLINK_CORESIGHT_ReadAPDPReg(AP reg 0x03)
TFC6A0F40 000:926.367   Value=0x00000002
TFC6A0F40 000:926.373 - 0.253ms returns 0
TFC6A0F40 000:926.377 JLINK_CORESIGHT_WriteAPDPReg(AP reg 0x00, 0x80000002)
TFC6A0F40 000:926.635 - 0.259ms returns 0
TFC6A0F40 000:926.639 JLINK_CORESIGHT_WriteAPDPReg(AP reg 0x01, 0x80011120)
TFC6A0F40 000:926.837 - 0.198ms returns 0
TFC6A0F40 000:926.841 JLINK_CORESIGHT_WriteAPDPReg(AP reg 0x03, 0x73010001)
TFC6A0F40 000:927.025 - 0.184ms returns 0
TFC6A0F40 000:927.029 JLINK_CORESIGHT_WriteAPDPReg(AP reg 0x00, 0x80000002)
TFC6A0F40 000:927.236 - 0.207ms returns 0
TFC6A0F40 000:927.241 JLINK_CORESIGHT_WriteAPDPReg(AP reg 0x01, 0x80011140)
TFC6A0F40 000:927.459 - 0.218ms returns 0
TFC6A0F40 000:927.464 JLINK_CORESIGHT_ReadAPDPReg(AP reg 0x03)
TFC6A0F40 000:927.711   Value=0x00000002
TFC6A0F40 000:927.717 - 0.254ms returns 0
TFC6A0F40 000:927.721 JLINK_CORESIGHT_WriteAPDPReg(AP reg 0x00, 0x80000002)
TFC6A0F40 000:927.960 - 0.239ms returns 0
TFC6A0F40 000:927.964 JLINK_CORESIGHT_WriteAPDPReg(AP reg 0x01, 0x80011120)
TFC6A0F40 000:928.178 - 0.214ms returns 0
TFC6A0F40 000:928.188 JLINK_CORESIGHT_WriteAPDPReg(AP reg 0x03, 0x0000038C)
TFC6A0F40 000:928.392 - 0.203ms returns 0
TFC6A0F40 000:928.396 JLINK_CORESIGHT_WriteAPDPReg(AP reg 0x00, 0x80000002)
TFC6A0F40 000:928.600 - 0.204ms returns 0
TFC6A0F40 000:928.605 JLINK_CORESIGHT_WriteAPDPReg(AP reg 0x01, 0x80011140)
TFC6A0F40 000:928.797 - 0.191ms returns 0
TFC6A0F40 000:928.801 JLINK_CORESIGHT_ReadAPDPReg(AP reg 0x03)
TFC6A0F40 000:929.050   Value=0x00000002
TFC6A0F40 000:929.055 - 0.254ms returns 0
TFC6A0F40 000:929.059 JLINK_CORESIGHT_ReadAPDPReg(AP reg 0x03)
TFC6A0F40 000:929.295   Value=0x00000002
TFC6A0F40 000:929.300 - 0.241ms returns 0
TFC6A0F40 000:929.303 JLINK_CORESIGHT_ReadAPDPReg(AP reg 0x03)
TFC6A0F40 000:929.585   Value=0x00000002
TFC6A0F40 000:929.591 - 0.288ms returns 0
TFC6A0F40 000:929.594 JLINK_CORESIGHT_ReadAPDPReg(AP reg 0x03)
TFC6A0F40 000:929.829   Value=0x00000002
TFC6A0F40 000:929.835 - 0.241ms returns 0
TFC6A0F40 000:929.838 JLINK_CORESIGHT_ReadAPDPReg(AP reg 0x03)
TFC6A0F40 000:930.065   Value=0x00000002
TFC6A0F40 000:930.070 - 0.232ms returns 0
TFC6A0F40 000:930.073 JLINK_CORESIGHT_ReadAPDPReg(AP reg 0x03)
TFC6A0F40 000:930.305   Value=0x00000000
TFC6A0F40 000:930.310 - 0.237ms returns 0
TFC6A0F40 000:930.314 JLINK_CORESIGHT_WriteAPDPReg(AP reg 0x00, 0x80000002)
TFC6A0F40 000:930.578 - 0.264ms returns 0
TFC6A0F40 000:930.582 JLINK_CORESIGHT_WriteAPDPReg(AP reg 0x01, 0x80011130)
TFC6A0F40 000:930.765 - 0.183ms returns 0
TFC6A0F40 000:930.770 JLINK_CORESIGHT_ReadAPDPReg(AP reg 0x03)
TFC6A0F40 000:931.011   Value=0x73020081
TFC6A0F40 000:931.017 - 0.247ms returns 0
TFC6A0F40 000:931.020 JLINK_CORESIGHT_WriteAPDPReg(AP reg 0x00, 0x80000002)
TFC6A0F40 000:931.221 - 0.201ms returns 0
TFC6A0F40 000:931.226 JLINK_CORESIGHT_WriteAPDPReg(AP reg 0x01, 0x80011140)
TFC6A0F40 000:931.423 - 0.197ms returns 0
TFC6A0F40 000:931.428 JLINK_CORESIGHT_ReadAPDPReg(AP reg 0x03)
TFC6A0F40 000:931.722   Value=0x00000000
TFC6A0F40 000:931.728 - 0.300ms returns 0
TFC6A0F40 000:931.732 JLINK_CORESIGHT_WriteAPDPReg(AP reg 0x00, 0x80000002)
TFC6A0F40 000:931.932 - 0.199ms returns 0
TFC6A0F40 000:931.936 JLINK_CORESIGHT_WriteAPDPReg(AP reg 0x01, 0x80011130)
TFC6A0F40 000:932.132 - 0.196ms returns 0
TFC6A0F40 000:932.137 JLINK_CORESIGHT_ReadAPDPReg(AP reg 0x03)
TFC6A0F40 000:932.366   Value=0x00038902
TFC6A0F40 000:932.374 - 0.237ms returns 0
TFC6A0F40 000:932.378 JLINK_CORESIGHT_WriteAPDPReg(AP reg 0x00, 0x80000002)
TFC6A0F40 000:932.556 - 0.178ms returns 0
TFC6A0F40 000:932.561 JLINK_CORESIGHT_WriteAPDPReg(AP reg 0x01, 0x80011140)
TFC6A0F40 000:932.797 - 0.236ms returns 0
TFC6A0F40 000:932.804 JLINK_CORESIGHT_ReadAPDPReg(AP reg 0x03)
TFC6A0F40 000:933.057   Value=0x00000002
TFC6A0F40 000:933.063 - 0.259ms returns 0
TFC6A0F40 000:933.067 JLINK_CORESIGHT_WriteAPDPReg(AP reg 0x00, 0x80000002)
TFC6A0F40 000:933.248 - 0.181ms returns 0
TFC6A0F40 000:933.253 JLINK_CORESIGHT_WriteAPDPReg(AP reg 0x01, 0x80011120)
TFC6A0F40 000:933.531 - 0.277ms returns 0
TFC6A0F40 000:933.536 JLINK_CORESIGHT_WriteAPDPReg(AP reg 0x03, 0x75010001)
TFC6A0F40 000:933.712 - 0.176ms returns 0
TFC6A0F40 000:933.717 JLINK_CORESIGHT_WriteAPDPReg(AP reg 0x00, 0x80000002)
TFC6A0F40 000:933.903 - 0.186ms returns 0
TFC6A0F40 000:933.911 JLINK_CORESIGHT_WriteAPDPReg(AP reg 0x01, 0x80011140)
TFC6A0F40 000:934.091 - 0.180ms returns 0
TFC6A0F40 000:934.096 JLINK_CORESIGHT_ReadAPDPReg(AP reg 0x03)
TFC6A0F40 000:934.371   Value=0x00000002
TFC6A0F40 000:934.378 - 0.282ms returns 0
TFC6A0F40 000:934.389 JLINK_CORESIGHT_WriteAPDPReg(AP reg 0x00, 0x80000002)
TFC6A0F40 000:934.628 - 0.239ms returns 0
TFC6A0F40 000:934.634 JLINK_CORESIGHT_WriteAPDPReg(AP reg 0x01, 0x80011120)
TFC6A0F40 000:934.858 - 0.224ms returns 0
TFC6A0F40 000:934.863 JLINK_CORESIGHT_WriteAPDPReg(AP reg 0x03, 0x0000038A)
TFC6A0F40 000:935.082 - 0.219ms returns 0
TFC6A0F40 000:935.087 JLINK_CORESIGHT_WriteAPDPReg(AP reg 0x00, 0x80000002)
TFC6A0F40 000:935.298 - 0.211ms returns 0
TFC6A0F40 000:935.303 JLINK_CORESIGHT_WriteAPDPReg(AP reg 0x01, 0x80011140)
TFC6A0F40 000:935.513 - 0.210ms returns 0
TFC6A0F40 000:935.518 JLINK_CORESIGHT_ReadAPDPReg(AP reg 0x03)
TFC6A0F40 000:935.787   Value=0x00000002
TFC6A0F40 000:935.793 - 0.275ms returns 0
TFC6A0F40 000:935.796 JLINK_CORESIGHT_ReadAPDPReg(AP reg 0x03)
TFC6A0F40 000:936.037   Value=0x00000002
TFC6A0F40 000:936.043 - 0.246ms returns 0
TFC6A0F40 000:936.046 JLINK_CORESIGHT_ReadAPDPReg(AP reg 0x03)
TFC6A0F40 000:936.277   Value=0x00000002
TFC6A0F40 000:936.283 - 0.237ms returns 0
TFC6A0F40 000:936.286 JLINK_CORESIGHT_ReadAPDPReg(AP reg 0x03)
TFC6A0F40 000:936.522   Value=0x00000002
TFC6A0F40 000:936.528 - 0.242ms returns 0
TFC6A0F40 000:936.531 JLINK_CORESIGHT_ReadAPDPReg(AP reg 0x03)
TFC6A0F40 000:936.775   Value=0x00000002
TFC6A0F40 000:936.781 - 0.249ms returns 0
TFC6A0F40 000:936.784 JLINK_CORESIGHT_ReadAPDPReg(AP reg 0x03)
TFC6A0F40 000:937.028   Value=0x00000002
TFC6A0F40 000:937.034 - 0.249ms returns 0
TFC6A0F40 000:937.037 JLINK_CORESIGHT_ReadAPDPReg(AP reg 0x03)
TFC6A0F40 000:937.279   Value=0x00000002
TFC6A0F40 000:937.284 - 0.247ms returns 0
TFC6A0F40 000:937.288 JLINK_CORESIGHT_ReadAPDPReg(AP reg 0x03)
TFC6A0F40 000:937.520   Value=0x00000002
TFC6A0F40 000:937.526 - 0.238ms returns 0
TFC6A0F40 000:937.529 JLINK_CORESIGHT_ReadAPDPReg(AP reg 0x03)
TFC6A0F40 000:937.764   Value=0x00000002
TFC6A0F40 000:937.770 - 0.241ms returns 0
TFC6A0F40 000:937.774 JLINK_CORESIGHT_ReadAPDPReg(AP reg 0x03)
TFC6A0F40 000:938.015   Value=0x00000002
TFC6A0F40 000:938.021 - 0.247ms returns 0
TFC6A0F40 000:938.024 JLINK_CORESIGHT_ReadAPDPReg(AP reg 0x03)
TFC6A0F40 000:938.311   Value=0x00000002
TFC6A0F40 000:938.316 - 0.292ms returns 0
TFC6A0F40 000:938.320 JLINK_CORESIGHT_ReadAPDPReg(AP reg 0x03)
TFC6A0F40 000:938.608   Value=0x00000002
TFC6A0F40 000:938.614 - 0.294ms returns 0
TFC6A0F40 000:938.617 JLINK_CORESIGHT_ReadAPDPReg(AP reg 0x03)
TFC6A0F40 000:938.880   Value=0x00000002
TFC6A0F40 000:938.886 - 0.269ms returns 0
TFC6A0F40 000:938.889 JLINK_CORESIGHT_ReadAPDPReg(AP reg 0x03)
TFC6A0F40 000:939.152   Value=0x00000000
TFC6A0F40 000:939.158 - 0.269ms returns 0
TFC6A0F40 000:939.162 JLINK_CORESIGHT_WriteAPDPReg(AP reg 0x00, 0x80000002)
TFC6A0F40 000:939.452 - 0.290ms returns 0
TFC6A0F40 000:939.456 JLINK_CORESIGHT_WriteAPDPReg(AP reg 0x01, 0x80011130)
TFC6A0F40 000:939.655 - 0.199ms returns 0
TFC6A0F40 000:939.659 JLINK_CORESIGHT_ReadAPDPReg(AP reg 0x03)
TFC6A0F40 000:939.904   Value=0x75020081
TFC6A0F40 000:939.910 - 0.251ms returns 0
TFC6A0F40 000:939.913 JLINK_CORESIGHT_WriteAPDPReg(AP reg 0x00, 0x80000002)
TFC6A0F40 000:940.096 - 0.183ms returns 0
TFC6A0F40 000:940.101 JLINK_CORESIGHT_WriteAPDPReg(AP reg 0x01, 0x80011140)
TFC6A0F40 000:940.322 - 0.221ms returns 0
TFC6A0F40 000:940.327 JLINK_CORESIGHT_ReadAPDPReg(AP reg 0x03)
TFC6A0F40 000:940.599   Value=0x00000000
TFC6A0F40 000:940.605 - 0.277ms returns 0
TFC6A0F40 000:940.608 JLINK_CORESIGHT_WriteAPDPReg(AP reg 0x00, 0x80000002)
TFC6A0F40 000:940.812 - 0.204ms returns 0
TFC6A0F40 000:940.817 JLINK_CORESIGHT_WriteAPDPReg(AP reg 0x01, 0x80011130)
TFC6A0F40 000:941.012 - 0.195ms returns 0
TFC6A0F40 000:941.017 JLINK_CORESIGHT_ReadAPDPReg(AP reg 0x03)
TFC6A0F40 000:941.265   Value=0x00038702
TFC6A0F40 000:941.271 - 0.254ms returns 0
TFC6A0F40 000:941.281 JLINK_CORESIGHT_WriteAPDPReg(AP reg 0x00, 0x80000002)
TFC6A0F40 000:941.509 - 0.227ms returns 0
TFC6A0F40 000:941.513 JLINK_CORESIGHT_WriteAPDPReg(AP reg 0x01, 0x80011140)
TFC6A0F40 000:941.750 - 0.237ms returns 0
TFC6A0F40 000:941.762 JLINK_CORESIGHT_ReadAPDPReg(AP reg 0x03)
TFC6A0F40 000:942.015   Value=0x00000002
TFC6A0F40 000:942.023 - 0.261ms returns 0
TFC6A0F40 000:942.027 JLINK_CORESIGHT_WriteAPDPReg(AP reg 0x00, 0x80000002)
TFC6A0F40 000:942.232 - 0.205ms returns 0
TFC6A0F40 000:942.237 JLINK_CORESIGHT_WriteAPDPReg(AP reg 0x01, 0x80011120)
TFC6A0F40 000:942.491 - 0.253ms returns 0
TFC6A0F40 000:942.512 JLINK_CORESIGHT_WriteAPDPReg(AP reg 0x03, 0x4E0B0001)
TFC6A0F40 000:942.720 - 0.208ms returns 0
TFC6A0F40 000:942.725 JLINK_CORESIGHT_WriteAPDPReg(AP reg 0x00, 0x80000002)
TFC6A0F40 000:942.928 - 0.203ms returns 0
TFC6A0F40 000:942.933 JLINK_CORESIGHT_WriteAPDPReg(AP reg 0x01, 0x80011140)
TFC6A0F40 000:943.146 - 0.213ms returns 0
TFC6A0F40 000:943.151 JLINK_CORESIGHT_ReadAPDPReg(AP reg 0x03)
TFC6A0F40 000:943.406   Value=0x00000002
TFC6A0F40 000:943.412 - 0.262ms returns 0
TFC6A0F40 000:943.416 JLINK_CORESIGHT_WriteAPDPReg(AP reg 0x00, 0x80000002)
TFC6A0F40 000:943.618 - 0.202ms returns 0
TFC6A0F40 000:943.623 JLINK_CORESIGHT_WriteAPDPReg(AP reg 0x01, 0x80011120)
TFC6A0F40 000:943.828 - 0.205ms returns 0
TFC6A0F40 000:943.832 JLINK_CORESIGHT_WriteAPDPReg(AP reg 0x03, 0x20000000)
TFC6A0F40 000:944.023 - 0.191ms returns 0
TFC6A0F40 000:944.028 JLINK_CORESIGHT_WriteAPDPReg(AP reg 0x00, 0x80000002)
TFC6A0F40 000:944.248 - 0.219ms returns 0
TFC6A0F40 000:944.256 JLINK_CORESIGHT_WriteAPDPReg(AP reg 0x01, 0x80011140)
TFC6A0F40 000:944.456 - 0.199ms returns 0
TFC6A0F40 000:944.463 JLINK_CORESIGHT_ReadAPDPReg(AP reg 0x03)
TFC6A0F40 000:944.710   Value=0x00000002
TFC6A0F40 000:944.716 - 0.253ms returns 0
TFC6A0F40 000:944.721 JLINK_CORESIGHT_WriteAPDPReg(AP reg 0x00, 0x80000002)
TFC6A0F40 000:944.919 - 0.198ms returns 0
TFC6A0F40 000:944.924 JLINK_CORESIGHT_WriteAPDPReg(AP reg 0x01, 0x80011120)
TFC6A0F40 000:945.109 - 0.185ms returns 0
TFC6A0F40 000:945.114 JLINK_CORESIGHT_WriteAPDPReg(AP reg 0x03, 0x00000000)
TFC6A0F40 000:945.333 - 0.218ms returns 0
TFC6A0F40 000:945.338 JLINK_CORESIGHT_WriteAPDPReg(AP reg 0x00, 0x80000002)
TFC6A0F40 000:945.529 - 0.191ms returns 0
TFC6A0F40 000:945.534 JLINK_CORESIGHT_WriteAPDPReg(AP reg 0x01, 0x80011140)
TFC6A0F40 000:945.728 - 0.193ms returns 0
TFC6A0F40 000:945.733 JLINK_CORESIGHT_ReadAPDPReg(AP reg 0x03)
TFC6A0F40 000:945.974   Value=0x00000002
TFC6A0F40 000:945.980 - 0.247ms returns 0
TFC6A0F40 000:945.984 JLINK_CORESIGHT_WriteAPDPReg(AP reg 0x00, 0x80000002)
TFC6A0F40 000:946.173 - 0.188ms returns 0
TFC6A0F40 000:946.178 JLINK_CORESIGHT_WriteAPDPReg(AP reg 0x01, 0x80011120)
TFC6A0F40 000:946.423 - 0.245ms returns 0
TFC6A0F40 000:946.428 JLINK_CORESIGHT_WriteAPDPReg(AP reg 0x03, 0x03870000)
TFC6A0F40 000:946.622 - 0.194ms returns 0
TFC6A0F40 000:946.627 JLINK_CORESIGHT_WriteAPDPReg(AP reg 0x00, 0x80000002)
TFC6A0F40 000:946.819 - 0.192ms returns 0
TFC6A0F40 000:946.825 JLINK_CORESIGHT_WriteAPDPReg(AP reg 0x01, 0x80011140)
TFC6A0F40 000:947.024 - 0.199ms returns 0
TFC6A0F40 000:947.030 JLINK_CORESIGHT_ReadAPDPReg(AP reg 0x03)
TFC6A0F40 000:947.301   Value=0x00000002
TFC6A0F40 000:947.306 - 0.276ms returns 0
TFC6A0F40 000:947.311 JLINK_CORESIGHT_ReadAPDPReg(AP reg 0x03)
TFC6A0F40 000:947.550   Value=0x00000002
TFC6A0F40 000:947.556 - 0.245ms returns 0
TFC6A0F40 000:947.561 JLINK_CORESIGHT_ReadAPDPReg(AP reg 0x03)
TFC6A0F40 000:947.802   Value=0x00000002
TFC6A0F40 000:947.807 - 0.246ms returns 0
TFC6A0F40 000:947.812 JLINK_CORESIGHT_ReadAPDPReg(AP reg 0x03)
TFC6A0F40 000:948.045   Value=0x00000002
TFC6A0F40 000:948.050 - 0.238ms returns 0
TFC6A0F40 000:948.054 JLINK_CORESIGHT_ReadAPDPReg(AP reg 0x03)
TFC6A0F40 000:948.286   Value=0x00000002
TFC6A0F40 000:948.291 - 0.237ms returns 0
TFC6A0F40 000:948.298 JLINK_CORESIGHT_ReadAPDPReg(AP reg 0x03)
TFC6A0F40 000:948.528   Value=0x00000002
TFC6A0F40 000:948.534 - 0.237ms returns 0
TFC6A0F40 000:948.538 JLINK_CORESIGHT_ReadAPDPReg(AP reg 0x03)
TFC6A0F40 000:948.762   Value=0x00000002
TFC6A0F40 000:948.768 - 0.230ms returns 0
TFC6A0F40 000:948.772 JLINK_CORESIGHT_ReadAPDPReg(AP reg 0x03)
TFC6A0F40 000:949.022   Value=0x00000002
TFC6A0F40 000:949.027 - 0.255ms returns 0
TFC6A0F40 000:949.032 JLINK_CORESIGHT_ReadAPDPReg(AP reg 0x03)
TFC6A0F40 000:949.251   Value=0x00000002
TFC6A0F40 000:949.258 - 0.226ms returns 0
TFC6A0F40 000:949.263 JLINK_CORESIGHT_ReadAPDPReg(AP reg 0x03)
TFC6A0F40 000:949.498   Value=0x00000002
TFC6A0F40 000:949.505 - 0.242ms returns 0
TFC6A0F40 000:949.510 JLINK_CORESIGHT_ReadAPDPReg(AP reg 0x03)
TFC6A0F40 000:949.747   Value=0x00000002
TFC6A0F40 000:949.753 - 0.243ms returns 0
TFC6A0F40 000:949.758 JLINK_CORESIGHT_ReadAPDPReg(AP reg 0x03)
TFC6A0F40 000:950.002   Value=0x00000002
TFC6A0F40 000:950.008 - 0.250ms returns 0
TFC6A0F40 000:950.017 JLINK_CORESIGHT_ReadAPDPReg(AP reg 0x03)
TFC6A0F40 000:950.249   Value=0x00000002
TFC6A0F40 000:950.255 - 0.238ms returns 0
TFC6A0F40 000:950.260 JLINK_CORESIGHT_ReadAPDPReg(AP reg 0x03)
TFC6A0F40 000:950.499   Value=0x00000002
TFC6A0F40 000:950.506 - 0.246ms returns 0
TFC6A0F40 000:950.512 JLINK_CORESIGHT_ReadAPDPReg(AP reg 0x03)
TFC6A0F40 000:950.757   Value=0x00000002
TFC6A0F40 000:950.763 - 0.251ms returns 0
TFC6A0F40 000:950.767 JLINK_CORESIGHT_ReadAPDPReg(AP reg 0x03)
TFC6A0F40 000:951.000   Value=0x00000002
TFC6A0F40 000:951.005 - 0.238ms returns 0
TFC6A0F40 000:951.010 JLINK_CORESIGHT_ReadAPDPReg(AP reg 0x03)
TFC6A0F40 000:951.268   Value=0x00000002
TFC6A0F40 000:951.274 - 0.264ms returns 0
TFC6A0F40 000:951.278 JLINK_CORESIGHT_ReadAPDPReg(AP reg 0x03)
TFC6A0F40 000:951.528   Value=0x00000000
TFC6A0F40 000:951.533 - 0.255ms returns 0
TFC6A0F40 000:951.538 JLINK_CORESIGHT_WriteAPDPReg(AP reg 0x00, 0x80000002)
TFC6A0F40 000:951.748 - 0.211ms returns 0
TFC6A0F40 000:951.754 JLINK_CORESIGHT_WriteAPDPReg(AP reg 0x01, 0x80011130)
TFC6A0F40 000:951.964 - 0.210ms returns 0
TFC6A0F40 000:951.969 JLINK_CORESIGHT_ReadAPDPReg(AP reg 0x03)
TFC6A0F40 000:952.237   Value=0x4E0A0081
TFC6A0F40 000:952.243 - 0.274ms returns 0
TFC6A0F40 000:952.249 JLINK_CORESIGHT_WriteAPDPReg(AP reg 0x00, 0x80000002)
TFC6A0F40 000:952.446 - 0.197ms returns 0
TFC6A0F40 000:952.452 JLINK_CORESIGHT_WriteAPDPReg(AP reg 0x01, 0x80011140)
TFC6A0F40 000:952.640 - 0.188ms returns 0
TFC6A0F40 000:952.646 JLINK_CORESIGHT_ReadAPDPReg(AP reg 0x03)
TFC6A0F40 000:952.887   Value=0x00000000
TFC6A0F40 000:952.892 - 0.246ms returns 0
TFC6A0F40 000:952.897 JLINK_CORESIGHT_WriteAPDPReg(AP reg 0x00, 0x80000002)
TFC6A0F40 000:953.081 - 0.184ms returns 0
TFC6A0F40 000:953.087 JLINK_CORESIGHT_WriteAPDPReg(AP reg 0x01, 0x80011130)
TFC6A0F40 000:953.311 - 0.224ms returns 0
TFC6A0F40 000:953.318 JLINK_CORESIGHT_ReadAPDPReg(AP reg 0x03)
TFC6A0F40 000:953.556   Value=0xFFFFFF00
TFC6A0F40 000:953.561 - 0.243ms returns 0
TFC6A0F40 000:953.568 JLINK_CORESIGHT_WriteAPDPReg(AP reg 0x00, 0x80000002)
TFC6A0F40 000:953.756 - 0.188ms returns 0
TFC6A0F40 000:953.761 JLINK_CORESIGHT_WriteAPDPReg(AP reg 0x01, 0x80011140)
TFC6A0F40 000:953.952 - 0.191ms returns 0
TFC6A0F40 000:953.958 JLINK_CORESIGHT_ReadAPDPReg(AP reg 0x03)
TFC6A0F40 000:954.205   Value=0x00000000
TFC6A0F40 000:954.210 - 0.252ms returns 0
TFC6A0F40 000:954.215 JLINK_CORESIGHT_WriteAPDPReg(AP reg 0x00, 0x80000002)
TFC6A0F40 000:954.425 - 0.210ms returns 0
TFC6A0F40 000:954.431 JLINK_CORESIGHT_WriteAPDPReg(AP reg 0x01, 0x80011130)
TFC6A0F40 000:954.626 - 0.195ms returns 0
TFC6A0F40 000:954.631 JLINK_CORESIGHT_ReadAPDPReg(AP reg 0x03)
TFC6A0F40 000:954.875   Value=0xFFFFFFFF
TFC6A0F40 000:954.880 - 0.249ms returns 0
TFC6A0F40 000:954.884 JLINK_CORESIGHT_WriteAPDPReg(AP reg 0x00, 0x80000002)
TFC6A0F40 000:955.081 - 0.197ms returns 0
TFC6A0F40 000:955.087 JLINK_CORESIGHT_WriteAPDPReg(AP reg 0x01, 0x80011140)
TFC6A0F40 000:955.290 - 0.203ms returns 0
TFC6A0F40 000:955.301 JLINK_CORESIGHT_ReadAPDPReg(AP reg 0x03)
TFC6A0F40 000:955.566   Value=0x00000000
TFC6A0F40 000:955.572 - 0.271ms returns 0
TFC6A0F40 000:955.576 JLINK_CORESIGHT_WriteAPDPReg(AP reg 0x00, 0x80000002)
TFC6A0F40 000:955.776 - 0.200ms returns 0
TFC6A0F40 000:955.782 JLINK_CORESIGHT_WriteAPDPReg(AP reg 0x01, 0x80011130)
TFC6A0F40 000:955.989 - 0.207ms returns 0
TFC6A0F40 000:955.996 JLINK_CORESIGHT_ReadAPDPReg(AP reg 0x03)
TFC6A0F40 000:956.239   Value=0x0003B0FF
TFC6A0F40 000:956.246 - 0.250ms returns 0
TFC6A0F40 000:956.255 JLINK_CORESIGHT_WriteAPDPReg(AP reg 0x00, 0x80000002)
TFC6A0F40 000:956.442 - 0.187ms returns 0
TFC6A0F40 000:956.448 JLINK_CORESIGHT_WriteAPDPReg(AP reg 0x01, 0x80011140)
TFC6A0F40 000:956.650 - 0.202ms returns 0
TFC6A0F40 000:956.655 JLINK_CORESIGHT_ReadAPDPReg(AP reg 0x03)
TFC6A0F40 000:956.909   Value=0x00000002
TFC6A0F40 000:956.916 - 0.261ms returns 0
TFC6A0F40 000:956.920 JLINK_CORESIGHT_WriteAPDPReg(AP reg 0x00, 0x80000002)
TFC6A0F40 000:957.137 - 0.217ms returns 0
TFC6A0F40 000:957.143 JLINK_CORESIGHT_WriteAPDPReg(AP reg 0x01, 0x80011120)
TFC6A0F40 000:957.376 - 0.233ms returns 0
TFC6A0F40 000:957.383 JLINK_CORESIGHT_WriteAPDPReg(AP reg 0x03, 0x4F010001)
TFC6A0F40 000:957.574 - 0.191ms returns 0
TFC6A0F40 000:957.581 JLINK_CORESIGHT_WriteAPDPReg(AP reg 0x00, 0x80000002)
TFC6A0F40 000:957.805 - 0.224ms returns 0
TFC6A0F40 000:957.811 JLINK_CORESIGHT_WriteAPDPReg(AP reg 0x01, 0x80011140)
TFC6A0F40 000:958.016 - 0.205ms returns 0
TFC6A0F40 000:958.021 JLINK_CORESIGHT_ReadAPDPReg(AP reg 0x03)
TFC6A0F40 000:958.297   Value=0x00000002
TFC6A0F40 000:958.302 - 0.281ms returns 0
TFC6A0F40 000:958.307 JLINK_CORESIGHT_WriteAPDPReg(AP reg 0x00, 0x80000002)
TFC6A0F40 000:958.498 - 0.191ms returns 0
TFC6A0F40 000:958.504 JLINK_CORESIGHT_WriteAPDPReg(AP reg 0x01, 0x80011120)
TFC6A0F40 000:958.711 - 0.207ms returns 0
TFC6A0F40 000:958.716 JLINK_CORESIGHT_WriteAPDPReg(AP reg 0x03, 0x000003B0)
TFC6A0F40 000:958.914 - 0.197ms returns 0
TFC6A0F40 000:958.922 JLINK_CORESIGHT_WriteAPDPReg(AP reg 0x00, 0x80000002)
TFC6A0F40 000:959.110 - 0.188ms returns 0
TFC6A0F40 000:959.115 JLINK_CORESIGHT_WriteAPDPReg(AP reg 0x01, 0x80011140)
TFC6A0F40 000:959.361 - 0.246ms returns 0
TFC6A0F40 000:959.367 JLINK_CORESIGHT_ReadAPDPReg(AP reg 0x03)
TFC6A0F40 000:959.631   Value=0x00000002
TFC6A0F40 000:959.636 - 0.270ms returns 0
TFC6A0F40 000:959.641 JLINK_CORESIGHT_ReadAPDPReg(AP reg 0x03)
TFC6A0F40 000:959.907   Value=0x00000002
TFC6A0F40 000:959.913 - 0.272ms returns 0
TFC6A0F40 000:959.918 JLINK_CORESIGHT_ReadAPDPReg(AP reg 0x03)
TFC6A0F40 000:960.181   Value=0x00000002
TFC6A0F40 000:960.186 - 0.268ms returns 0
TFC6A0F40 000:960.190 JLINK_CORESIGHT_ReadAPDPReg(AP reg 0x03)
TFC6A0F40 000:960.444   Value=0x00000002
TFC6A0F40 000:960.450 - 0.260ms returns 0
TFC6A0F40 000:960.455 JLINK_CORESIGHT_ReadAPDPReg(AP reg 0x03)
TFC6A0F40 000:960.682   Value=0x00000002
TFC6A0F40 000:960.688 - 0.234ms returns 0
TFC6A0F40 000:960.692 JLINK_CORESIGHT_ReadAPDPReg(AP reg 0x03)
TFC6A0F40 000:960.933   Value=0x00000002
TFC6A0F40 000:960.940 - 0.248ms returns 0
TFC6A0F40 000:960.947 JLINK_CORESIGHT_ReadAPDPReg(AP reg 0x03)
TFC6A0F40 000:961.223   Value=0x00000002
TFC6A0F40 000:961.229 - 0.282ms returns 0
TFC6A0F40 000:961.233 JLINK_CORESIGHT_ReadAPDPReg(AP reg 0x03)
TFC6A0F40 000:961.467   Value=0x00000002
TFC6A0F40 000:961.473 - 0.240ms returns 0
TFC6A0F40 000:961.478 JLINK_CORESIGHT_ReadAPDPReg(AP reg 0x03)
TFC6A0F40 000:961.709   Value=0x00000002
TFC6A0F40 000:961.715 - 0.237ms returns 0
TFC6A0F40 000:961.719 JLINK_CORESIGHT_ReadAPDPReg(AP reg 0x03)
TFC6A0F40 000:961.964   Value=0x00000002
TFC6A0F40 000:961.971 - 0.252ms returns 0
TFC6A0F40 000:961.975 JLINK_CORESIGHT_ReadAPDPReg(AP reg 0x03)
TFC6A0F40 000:962.244   Value=0x00000002
TFC6A0F40 000:962.252 - 0.277ms returns 0
TFC6A0F40 000:962.258 JLINK_CORESIGHT_ReadAPDPReg(AP reg 0x03)
TFC6A0F40 000:962.560   Value=0x00000002
TFC6A0F40 000:962.567 - 0.309ms returns 0
TFC6A0F40 000:962.575 JLINK_CORESIGHT_ReadAPDPReg(AP reg 0x03)
TFC6A0F40 000:962.824   Value=0x00000000
TFC6A0F40 000:962.830 - 0.255ms returns 0
TFC6A0F40 000:962.837 JLINK_CORESIGHT_WriteAPDPReg(AP reg 0x00, 0x80000002)
TFC6A0F40 000:963.066 - 0.230ms returns 0
TFC6A0F40 000:963.074 JLINK_CORESIGHT_WriteAPDPReg(AP reg 0x01, 0x80011130)
TFC6A0F40 000:963.338 - 0.264ms returns 0
TFC6A0F40 000:963.344 JLINK_CORESIGHT_ReadAPDPReg(AP reg 0x03)
TFC6A0F40 000:963.586   Value=0x4F0B0081
TFC6A0F40 000:963.592 - 0.248ms returns 0
TFC6A0F40 000:963.596 JLINK_CORESIGHT_WriteAPDPReg(AP reg 0x00, 0x80000002)
TFC6A0F40 000:963.813 - 0.217ms returns 0
TFC6A0F40 000:963.821 JLINK_CORESIGHT_WriteAPDPReg(AP reg 0x01, 0x80011140)
TFC6A0F40 000:964.035 - 0.214ms returns 0
TFC6A0F40 000:964.259 JLINK_CORESIGHT_ReadAPDPReg(AP reg 0x03)
TFC6A0F40 000:964.513   Value=0x00000000
TFC6A0F40 000:964.519 - 0.260ms returns 0
TFC6A0F40 000:964.526 JLINK_CORESIGHT_WriteAPDPReg(AP reg 0x00, 0x80000002)
TFC6A0F40 000:964.727 - 0.201ms returns 0
TFC6A0F40 000:964.732 JLINK_CORESIGHT_WriteAPDPReg(AP reg 0x01, 0x80011130)
TFC6A0F40 000:965.021 - 0.289ms returns 0
TFC6A0F40 000:965.027 JLINK_CORESIGHT_ReadAPDPReg(AP reg 0x03)
TFC6A0F40 000:965.283   Value=0x20000000
TFC6A0F40 000:965.288 - 0.261ms returns 0
TFC6A0F40 000:965.293 JLINK_CORESIGHT_WriteAPDPReg(AP reg 0x00, 0x80000002)
TFC6A0F40 000:965.511 - 0.218ms returns 0
TFC6A0F40 000:965.516 JLINK_CORESIGHT_WriteAPDPReg(AP reg 0x01, 0x80011140)
TFC6A0F40 000:965.729 - 0.213ms returns 0
TFC6A0F40 000:965.734 JLINK_CORESIGHT_ReadAPDPReg(AP reg 0x03)
TFC6A0F40 000:966.029   Value=0x00000000
TFC6A0F40 000:966.035 - 0.302ms returns 0
TFC6A0F40 000:966.039 JLINK_CORESIGHT_WriteAPDPReg(AP reg 0x00, 0x80000002)
TFC6A0F40 000:966.265 - 0.226ms returns 0
TFC6A0F40 000:966.270 JLINK_CORESIGHT_WriteAPDPReg(AP reg 0x01, 0x80011130)
TFC6A0F40 000:966.492 - 0.222ms returns 0
TFC6A0F40 000:966.497 JLINK_CORESIGHT_ReadAPDPReg(AP reg 0x03)
TFC6A0F40 000:966.784   Value=0x00000000
TFC6A0F40 000:966.790 - 0.293ms returns 0
TFC6A0F40 000:966.794 JLINK_CORESIGHT_WriteAPDPReg(AP reg 0x00, 0x80000002)
TFC6A0F40 000:967.025 - 0.231ms returns 0
TFC6A0F40 000:967.030 JLINK_CORESIGHT_WriteAPDPReg(AP reg 0x01, 0x80011140)
TFC6A0F40 000:967.241 - 0.210ms returns 0
TFC6A0F40 000:967.245 JLINK_CORESIGHT_ReadAPDPReg(AP reg 0x03)
TFC6A0F40 000:967.498   Value=0x00000000
TFC6A0F40 000:967.504 - 0.259ms returns 0
TFC6A0F40 000:967.507 JLINK_CORESIGHT_WriteAPDPReg(AP reg 0x00, 0x80000002)
TFC6A0F40 000:967.717 - 0.210ms returns 0
TFC6A0F40 000:967.722 JLINK_CORESIGHT_WriteAPDPReg(AP reg 0x01, 0x80011130)
TFC6A0F40 000:967.989 - 0.267ms returns 0
TFC6A0F40 000:967.993 JLINK_CORESIGHT_ReadAPDPReg(AP reg 0x03)
TFC6A0F40 000:968.276   Value=0x03860000
TFC6A0F40 000:968.282 - 0.289ms returns 0
TFC6A0F40 000:968.468 JLINK_CORESIGHT_WriteAPDPReg(AP reg 0x00, 0x80000002)
TFC6A0F40 000:968.687 - 0.219ms returns 0
TFC6A0F40 000:968.692 JLINK_CORESIGHT_WriteAPDPReg(AP reg 0x01, 0x80011140)
TFC6A0F40 000:968.966 - 0.274ms returns 0
TFC6A0F40 000:968.971 JLINK_CORESIGHT_ReadAPDPReg(AP reg 0x03)
TFC6A0F40 000:969.212   Value=0x00000002
TFC6A0F40 000:969.217 - 0.246ms returns 0
TFC6A0F40 000:969.220 JLINK_CORESIGHT_WriteAPDPReg(AP reg 0x00, 0x80000002)
TFC6A0F40 000:969.432 - 0.212ms returns 0
TFC6A0F40 000:969.436 JLINK_CORESIGHT_WriteAPDPReg(AP reg 0x01, 0x80011120)
TFC6A0F40 000:969.650 - 0.214ms returns 0
TFC6A0F40 000:969.656 JLINK_CORESIGHT_WriteAPDPReg(AP reg 0x03, 0x4F010001)
TFC6A0F40 000:969.850 - 0.194ms returns 0
TFC6A0F40 000:969.854 JLINK_CORESIGHT_WriteAPDPReg(AP reg 0x00, 0x80000002)
TFC6A0F40 000:970.061 - 0.207ms returns 0
TFC6A0F40 000:970.066 JLINK_CORESIGHT_WriteAPDPReg(AP reg 0x01, 0x80011140)
TFC6A0F40 000:970.265 - 0.198ms returns 0
TFC6A0F40 000:970.269 JLINK_CORESIGHT_ReadAPDPReg(AP reg 0x03)
TFC6A0F40 000:970.523   Value=0x00000002
TFC6A0F40 000:970.529 - 0.260ms returns 0
TFC6A0F40 000:970.533 JLINK_CORESIGHT_WriteAPDPReg(AP reg 0x00, 0x80000002)
TFC6A0F40 000:970.742 - 0.209ms returns 0
TFC6A0F40 000:970.747 JLINK_CORESIGHT_WriteAPDPReg(AP reg 0x01, 0x80011120)
TFC6A0F40 000:970.938 - 0.191ms returns 0
TFC6A0F40 000:970.943 JLINK_CORESIGHT_WriteAPDPReg(AP reg 0x03, 0x000003B0)
TFC6A0F40 000:971.141 - 0.198ms returns 0
TFC6A0F40 000:971.146 JLINK_CORESIGHT_WriteAPDPReg(AP reg 0x00, 0x80000002)
TFC6A0F40 000:971.349 - 0.203ms returns 0
TFC6A0F40 000:971.354 JLINK_CORESIGHT_WriteAPDPReg(AP reg 0x01, 0x80011140)
TFC6A0F40 000:971.553 - 0.198ms returns 0
TFC6A0F40 000:971.557 JLINK_CORESIGHT_ReadAPDPReg(AP reg 0x03)
TFC6A0F40 000:971.819   Value=0x00000002
TFC6A0F40 000:971.826 - 0.269ms returns 0
TFC6A0F40 000:971.829 JLINK_CORESIGHT_ReadAPDPReg(AP reg 0x03)
TFC6A0F40 000:972.054   Value=0x00000002
TFC6A0F40 000:972.060 - 0.231ms returns 0
TFC6A0F40 000:972.063 JLINK_CORESIGHT_ReadAPDPReg(AP reg 0x03)
TFC6A0F40 000:972.308   Value=0x00000002
TFC6A0F40 000:972.314 - 0.251ms returns 0
TFC6A0F40 000:972.318 JLINK_CORESIGHT_ReadAPDPReg(AP reg 0x03)
TFC6A0F40 000:972.549   Value=0x00000002
TFC6A0F40 000:972.555 - 0.237ms returns 0
TFC6A0F40 000:972.558 JLINK_CORESIGHT_ReadAPDPReg(AP reg 0x03)
TFC6A0F40 000:972.793   Value=0x00000002
TFC6A0F40 000:972.799 - 0.241ms returns 0
TFC6A0F40 000:972.802 JLINK_CORESIGHT_ReadAPDPReg(AP reg 0x03)
TFC6A0F40 000:973.029   Value=0x00000002
TFC6A0F40 000:973.035 - 0.233ms returns 0
TFC6A0F40 000:973.038 JLINK_CORESIGHT_ReadAPDPReg(AP reg 0x03)
TFC6A0F40 000:973.266   Value=0x00000002
TFC6A0F40 000:973.272 - 0.233ms returns 0
TFC6A0F40 000:973.275 JLINK_CORESIGHT_ReadAPDPReg(AP reg 0x03)
TFC6A0F40 000:973.513   Value=0x00000002
TFC6A0F40 000:973.522 - 0.247ms returns 0
TFC6A0F40 000:973.525 JLINK_CORESIGHT_ReadAPDPReg(AP reg 0x03)
TFC6A0F40 000:973.779   Value=0x00000002
TFC6A0F40 000:973.784 - 0.259ms returns 0
TFC6A0F40 000:973.788 JLINK_CORESIGHT_ReadAPDPReg(AP reg 0x03)
TFC6A0F40 000:974.044   Value=0x00000002
TFC6A0F40 000:974.049 - 0.261ms returns 0
TFC6A0F40 000:974.053 JLINK_CORESIGHT_ReadAPDPReg(AP reg 0x03)
TFC6A0F40 000:974.315   Value=0x00000002
TFC6A0F40 000:974.320 - 0.267ms returns 0
TFC6A0F40 000:974.324 JLINK_CORESIGHT_ReadAPDPReg(AP reg 0x03)
TFC6A0F40 000:974.567   Value=0x00000002
TFC6A0F40 000:974.573 - 0.249ms returns 0
TFC6A0F40 000:974.577 JLINK_CORESIGHT_ReadAPDPReg(AP reg 0x03)
TFC6A0F40 000:974.874   Value=0x00000002
TFC6A0F40 000:974.880 - 0.302ms returns 0
TFC6A0F40 000:974.883 JLINK_CORESIGHT_ReadAPDPReg(AP reg 0x03)
TFC6A0F40 000:975.141   Value=0x00000002
TFC6A0F40 000:975.147 - 0.264ms returns 0
TFC6A0F40 000:975.150 JLINK_CORESIGHT_ReadAPDPReg(AP reg 0x03)
TFC6A0F40 000:975.411   Value=0x00000000
TFC6A0F40 000:975.417 - 0.266ms returns 0
TFC6A0F40 000:975.420 JLINK_CORESIGHT_WriteAPDPReg(AP reg 0x00, 0x80000002)
TFC6A0F40 000:975.616 - 0.196ms returns 0
TFC6A0F40 000:975.621 JLINK_CORESIGHT_WriteAPDPReg(AP reg 0x01, 0x80011130)
TFC6A0F40 000:975.833 - 0.212ms returns 0
TFC6A0F40 000:975.838 JLINK_CORESIGHT_ReadAPDPReg(AP reg 0x03)
TFC6A0F40 000:976.092   Value=0x4F0B0081
TFC6A0F40 000:976.098 - 0.260ms returns 0
TFC6A0F40 000:976.101 JLINK_CORESIGHT_WriteAPDPReg(AP reg 0x00, 0x80000002)
TFC6A0F40 000:976.302 - 0.201ms returns 0
TFC6A0F40 000:976.307 JLINK_CORESIGHT_WriteAPDPReg(AP reg 0x01, 0x80011140)
TFC6A0F40 000:976.491 - 0.184ms returns 0
TFC6A0F40 000:976.496 JLINK_CORESIGHT_ReadAPDPReg(AP reg 0x03)
TFC6A0F40 000:976.819   Value=0x00000000
TFC6A0F40 000:976.825 - 0.329ms returns 0
TFC6A0F40 000:976.828 JLINK_CORESIGHT_WriteAPDPReg(AP reg 0x00, 0x80000002)
TFC6A0F40 000:977.037 - 0.209ms returns 0
TFC6A0F40 000:977.042 JLINK_CORESIGHT_WriteAPDPReg(AP reg 0x01, 0x80011130)
TFC6A0F40 000:977.236 - 0.194ms returns 0
TFC6A0F40 000:977.241 JLINK_CORESIGHT_ReadAPDPReg(AP reg 0x03)
TFC6A0F40 000:977.481   Value=0x20000000
TFC6A0F40 000:977.486 - 0.245ms returns 0
TFC6A0F40 000:977.491 JLINK_CORESIGHT_WriteAPDPReg(AP reg 0x00, 0x80000002)
TFC6A0F40 000:977.686 - 0.195ms returns 0
TFC6A0F40 000:977.691 JLINK_CORESIGHT_WriteAPDPReg(AP reg 0x01, 0x80011140)
TFC6A0F40 000:977.910 - 0.219ms returns 0
TFC6A0F40 000:977.915 JLINK_CORESIGHT_ReadAPDPReg(AP reg 0x03)
TFC6A0F40 000:978.154   Value=0x00000000
TFC6A0F40 000:978.160 - 0.246ms returns 0
TFC6A0F40 000:978.164 JLINK_CORESIGHT_WriteAPDPReg(AP reg 0x00, 0x80000002)
TFC6A0F40 000:978.358 - 0.194ms returns 0
TFC6A0F40 000:978.363 JLINK_CORESIGHT_WriteAPDPReg(AP reg 0x01, 0x80011130)
TFC6A0F40 000:978.573 - 0.210ms returns 0
TFC6A0F40 000:978.578 JLINK_CORESIGHT_ReadAPDPReg(AP reg 0x03)
TFC6A0F40 000:978.824   Value=0x00000000
TFC6A0F40 000:978.830 - 0.252ms returns 0
TFC6A0F40 000:978.833 JLINK_CORESIGHT_WriteAPDPReg(AP reg 0x00, 0x80000002)
TFC6A0F40 000:979.035 - 0.201ms returns 0
TFC6A0F40 000:979.039 JLINK_CORESIGHT_WriteAPDPReg(AP reg 0x01, 0x80011140)
TFC6A0F40 000:979.235 - 0.195ms returns 0
TFC6A0F40 000:979.239 JLINK_CORESIGHT_ReadAPDPReg(AP reg 0x03)
TFC6A0F40 000:979.489   Value=0x00000000
TFC6A0F40 000:979.495 - 0.256ms returns 0
TFC6A0F40 000:979.498 JLINK_CORESIGHT_WriteAPDPReg(AP reg 0x00, 0x80000002)
TFC6A0F40 000:979.777 - 0.279ms returns 0
TFC6A0F40 000:979.782 JLINK_CORESIGHT_WriteAPDPReg(AP reg 0x01, 0x80011130)
TFC6A0F40 000:979.977 - 0.195ms returns 0
TFC6A0F40 000:979.982 JLINK_CORESIGHT_ReadAPDPReg(AP reg 0x03)
TFC6A0F40 000:980.223   Value=0x03860000
TFC6A0F40 000:980.229 - 0.247ms returns 0
TFC6A0F40 000:980.237 JLINK_CORESIGHT_ReadAPDPReg(DP reg 0x01)
TFC6A0F40 000:980.428   Value=0xF0000F40
TFC6A0F40 000:980.433 - 0.196ms returns 0
TFC6A0F40 000:980.436 JLINK_CORESIGHT_WriteAPDPReg(DP reg 0x01, 0xA0000F40)
TFC6A0F40 000:980.632 - 0.196ms returns 0
TFC6A0F40 000:980.637 JLINK_CORESIGHT_ReadAPDPReg(DP reg 0x01)
TFC6A0F40 000:980.862   Value=0x00000F40
TFC6A0F40 000:980.868 - 0.231ms returns 0
TFC6A0F40 000:980.873 JLINK_ClrRESET()
TFC6A0F40 000:981.084 - 0.211ms 
TFC6A0F40 001:088.577 JLINK_Close()
TFC6A0F40 001:104.735 - 16.157ms
TFC6A0F40 001:104.768   
TFC6A0F40 001:104.772   Closed
